<?xml version="1.0" encoding="UTF-8"?>
<testsuite name="no.nav.pdfgen.DockerImageTest" tests="1" skipped="0" failures="1" errors="0" timestamp="2025-09-25T11:15:53.387Z" hostname="joakim-ThinkPad-T14s-Gen-4" time="20.969">
  <properties/>
  <testcase name="Test Dockerfile$pdfgen_test()" classname="no.nav.pdfgen.DockerImageTest" time="20.969">
    <failure message="org.testcontainers.containers.ContainerFetchException: Can't get Docker image: RemoteDockerImage(imageName=&lt;resolving&gt;, imagePullPolicy=DefaultPullPolicy(), imageNameSubstitutor=org.testcontainers.utility.ImageNameSubstitutor$LogWrappedImageNameSubstitutor@6ecab872)" type="org.testcontainers.containers.ContainerFetchException">org.testcontainers.containers.ContainerFetchException: Can't get Docker image: RemoteDockerImage(imageName=&lt;resolving&gt;, imagePullPolicy=DefaultPullPolicy(), imageNameSubstitutor=org.testcontainers.utility.ImageNameSubstitutor$LogWrappedImageNameSubstitutor@6ecab872)
	at app//org.testcontainers.containers.GenericContainer.getDockerImageName(GenericContainer.java:1364)
	at app//org.testcontainers.containers.GenericContainer.doStart(GenericContainer.java:351)
	at app//org.testcontainers.containers.GenericContainer.start(GenericContainer.java:322)
	at app//no.nav.pdfgen.DockerImageTest.Test Dockerfile$pdfgen_test(DockerImageTest.kt:39)
	at java.base@21/java.lang.reflect.Method.invoke(Method.java:580)
	at java.base@21/java.util.ArrayList.forEach(ArrayList.java:1596)
	at java.base@21/java.util.ArrayList.forEach(ArrayList.java:1596)
Caused by: com.github.dockerjava.api.exception.DockerClientException: Could not build image: COPY failed: no source files were specified
	at app//com.github.dockerjava.api.command.BuildImageResultCallback.getImageId(BuildImageResultCallback.java:71)
	at app//com.github.dockerjava.api.command.BuildImageResultCallback.awaitImageId(BuildImageResultCallback.java:50)
	at app//org.testcontainers.images.builder.ImageFromDockerfile.resolve(ImageFromDockerfile.java:165)
	at app//org.testcontainers.images.builder.ImageFromDockerfile.resolve(ImageFromDockerfile.java:43)
	at app//org.testcontainers.utility.LazyFuture.getResolvedValue(LazyFuture.java:20)
	at app//org.testcontainers.utility.LazyFuture.get(LazyFuture.java:41)
	at app//org.testcontainers.shaded.com.google.common.util.concurrent.Futures$1.get(Futures.java:538)
	at app//org.testcontainers.images.RemoteDockerImage.getImageName(RemoteDockerImage.java:172)
	at app//org.testcontainers.images.RemoteDockerImage.resolve(RemoteDockerImage.java:76)
	at app//org.testcontainers.images.RemoteDockerImage.resolve(RemoteDockerImage.java:35)
	at app//org.testcontainers.utility.LazyFuture.getResolvedValue(LazyFuture.java:20)
	at app//org.testcontainers.utility.LazyFuture.get(LazyFuture.java:41)
	at app//org.testcontainers.containers.GenericContainer.getDockerImageName(GenericContainer.java:1362)
	... 6 more
</failure>
  </testcase>
  <system-out><![CDATA[{"@timestamp":"2025-09-25T13:15:53.410357872+02:00","@version":"1","message":"Image pull policy will be performed by: DefaultPullPolicy()","logger_name":"org.testcontainers.images.PullPolicy","thread_name":"Test worker","level":"INFO","level_value":20000}
{"@timestamp":"2025-09-25T13:15:53.412868936+02:00","@version":"1","message":"Image name substitution will be performed by: DefaultImageNameSubstitutor (composite of 'ConfigurationFileImageNameSubstitutor' and 'PrefixingImageNameSubstitutor')","logger_name":"org.testcontainers.utility.ImageNameSubstitutor","thread_name":"Test worker","level":"INFO","level_value":20000}
{"@timestamp":"2025-09-25T13:15:53.423709475+02:00","@version":"1","message":"Testcontainers version: 1.21.3","logger_name":"org.testcontainers.DockerClientFactory","thread_name":"Test worker","level":"INFO","level_value":20000}
{"@timestamp":"2025-09-25T13:15:53.561170149+02:00","@version":"1","message":"Loaded org.testcontainers.dockerclient.UnixSocketClientProviderStrategy from ~/.testcontainers.properties, will try it first","logger_name":"org.testcontainers.dockerclient.DockerClientProviderStrategy","thread_name":"Test worker","level":"INFO","level_value":20000}
{"@timestamp":"2025-09-25T13:15:53.773086159+02:00","@version":"1","message":"Found Docker environment with local Unix socket (unix:///var/run/docker.sock)","logger_name":"org.testcontainers.dockerclient.DockerClientProviderStrategy","thread_name":"Test worker","level":"INFO","level_value":20000}
{"@timestamp":"2025-09-25T13:15:53.775713062+02:00","@version":"1","message":"Docker host IP address is localhost","logger_name":"org.testcontainers.DockerClientFactory","thread_name":"Test worker","level":"INFO","level_value":20000}
{"@timestamp":"2025-09-25T13:15:53.798559352+02:00","@version":"1","message":"Connected to docker: \n  Server Version: 28.4.0\n  API Version: 1.51\n  Operating System: Ubuntu 24.04.3 LTS\n  Total Memory: 31742 MB","logger_name":"org.testcontainers.DockerClientFactory","thread_name":"Test worker","level":"INFO","level_value":20000}
{"@timestamp":"2025-09-25T13:15:53.83158577+02:00","@version":"1","message":"Pulling docker image: testcontainers/ryuk:0.12.0. Please be patient; this may take some time but only needs to be done once.","logger_name":"tc.testcontainers/ryuk:0.12.0","thread_name":"Test worker","level":"INFO","level_value":20000}
{"@timestamp":"2025-09-25T13:15:55.59907192+02:00","@version":"1","message":"Starting to pull image","logger_name":"tc.testcontainers/ryuk:0.12.0","thread_name":"docker-java-stream--187353313","level":"INFO","level_value":20000}
{"@timestamp":"2025-09-25T13:15:55.618256984+02:00","@version":"1","message":"Pulling image layers:  0 pending,  0 downloaded,  0 extracted, (0 bytes/0 bytes)","logger_name":"tc.testcontainers/ryuk:0.12.0","thread_name":"docker-java-stream--187353313","level":"INFO","level_value":20000}
{"@timestamp":"2025-09-25T13:15:56.69760489+02:00","@version":"1","message":"Pulling image layers:  2 pending,  1 downloaded,  0 extracted, (8 MB/? MB)","logger_name":"tc.testcontainers/ryuk:0.12.0","thread_name":"docker-java-stream--187353313","level":"INFO","level_value":20000}
{"@timestamp":"2025-09-25T13:15:56.768790126+02:00","@version":"1","message":"Pulling image layers:  1 pending,  2 downloaded,  0 extracted, (9 MB/? MB)","logger_name":"tc.testcontainers/ryuk:0.12.0","thread_name":"docker-java-stream--187353313","level":"INFO","level_value":20000}
{"@timestamp":"2025-09-25T13:15:56.973237095+02:00","@version":"1","message":"Pulling image layers:  1 pending,  2 downloaded,  1 extracted, (9 MB/? MB)","logger_name":"tc.testcontainers/ryuk:0.12.0","thread_name":"docker-java-stream--187353313","level":"INFO","level_value":20000}
{"@timestamp":"2025-09-25T13:15:57.170935938+02:00","@version":"1","message":"Pulling image layers:  1 pending,  2 downloaded,  2 extracted, (10 MB/? MB)","logger_name":"tc.testcontainers/ryuk:0.12.0","thread_name":"docker-java-stream--187353313","level":"INFO","level_value":20000}
{"@timestamp":"2025-09-25T13:15:57.350636973+02:00","@version":"1","message":"Pulling image layers:  1 pending,  2 downloaded,  3 extracted, (11 MB/? MB)","logger_name":"tc.testcontainers/ryuk:0.12.0","thread_name":"docker-java-stream--187353313","level":"INFO","level_value":20000}
{"@timestamp":"2025-09-25T13:15:57.441748634+02:00","@version":"1","message":"Pull complete. 3 layers, pulled in 1s (downloaded 11 MB at 11 MB/s)","logger_name":"tc.testcontainers/ryuk:0.12.0","thread_name":"docker-java-stream--187353313","level":"INFO","level_value":20000}
{"@timestamp":"2025-09-25T13:15:57.441912426+02:00","@version":"1","message":"Image testcontainers/ryuk:0.12.0 pull took PT3.61006979S","logger_name":"tc.testcontainers/ryuk:0.12.0","thread_name":"Test worker","level":"INFO","level_value":20000}
{"@timestamp":"2025-09-25T13:15:57.46661025+02:00","@version":"1","message":"Creating container for image: testcontainers/ryuk:0.12.0","logger_name":"tc.testcontainers/ryuk:0.12.0","thread_name":"Test worker","level":"INFO","level_value":20000}
{"@timestamp":"2025-09-25T13:15:57.735976625+02:00","@version":"1","message":"Container testcontainers/ryuk:0.12.0 is starting: 1827c5c1ba7330542c5966ceae135b859c247288bee4a060b4650990ba159bee","logger_name":"tc.testcontainers/ryuk:0.12.0","thread_name":"Test worker","level":"INFO","level_value":20000}
{"@timestamp":"2025-09-25T13:15:58.131198+02:00","@version":"1","message":"Container testcontainers/ryuk:0.12.0 started in PT0.664574141S","logger_name":"tc.testcontainers/ryuk:0.12.0","thread_name":"Test worker","level":"INFO","level_value":20000}
{"@timestamp":"2025-09-25T13:15:58.141959022+02:00","@version":"1","message":"Ryuk started - will monitor and terminate Testcontainers containers on JVM exit","logger_name":"org.testcontainers.utility.RyukResourceReaper","thread_name":"Test worker","level":"INFO","level_value":20000}
{"@timestamp":"2025-09-25T13:15:58.142238049+02:00","@version":"1","message":"Checking the system...","logger_name":"org.testcontainers.DockerClientFactory","thread_name":"Test worker","level":"INFO","level_value":20000}
{"@timestamp":"2025-09-25T13:15:58.142863492+02:00","@version":"1","message":"✔︎ Docker server version should be at least 1.6.0","logger_name":"org.testcontainers.DockerClientFactory","thread_name":"Test worker","level":"INFO","level_value":20000}
{"@timestamp":"2025-09-25T13:15:59.893740973+02:00","@version":"1","message":"Pre-emptively checking local images for 'gcr.io/distroless/java21-debian12@sha256:418b2e2a9e452aa9299511427f2ae404dfc910ecfa78feb53b1c60c22c3b640c', referenced via a Dockerfile. If not available, it will be pulled.","logger_name":"org.testcontainers.images.builder.ImageFromDockerfile","thread_name":"Test worker","level":"INFO","level_value":20000}
{"@timestamp":"2025-09-25T13:15:59.895520952+02:00","@version":"1","message":"Pulling docker image: gcr.io/distroless/java21-debian12@sha256:418b2e2a9e452aa9299511427f2ae404dfc910ecfa78feb53b1c60c22c3b640c. Please be patient; this may take some time but only needs to be done once.","logger_name":"tc.gcr.io/distroless/java21-debian12@sha256:418b2e...","thread_name":"Test worker","level":"INFO","level_value":20000}
{"@timestamp":"2025-09-25T13:16:00.800036991+02:00","@version":"1","message":"Starting to pull image","logger_name":"tc.gcr.io/distroless/java21-debian12@sha256:418b2e...","thread_name":"docker-java-stream-1268189679","level":"INFO","level_value":20000}
{"@timestamp":"2025-09-25T13:16:00.802158419+02:00","@version":"1","message":"Pulling image layers:  0 pending,  0 downloaded,  0 extracted, (0 bytes/0 bytes)","logger_name":"tc.gcr.io/distroless/java21-debian12@sha256:418b2e...","thread_name":"docker-java-stream-1268189679","level":"INFO","level_value":20000}
{"@timestamp":"2025-09-25T13:16:01.967482416+02:00","@version":"1","message":"Pulling image layers: 29 pending,  1 downloaded,  0 extracted, (9 KB/? MB)","logger_name":"tc.gcr.io/distroless/java21-debian12@sha256:418b2e...","thread_name":"docker-java-stream-1268189679","level":"INFO","level_value":20000}
{"@timestamp":"2025-09-25T13:16:02.056717707+02:00","@version":"1","message":"Pulling image layers: 28 pending,  2 downloaded,  0 extracted, (109 KB/? MB)","logger_name":"tc.gcr.io/distroless/java21-debian12@sha256:418b2e...","thread_name":"docker-java-stream-1268189679","level":"INFO","level_value":20000}
{"@timestamp":"2025-09-25T13:16:02.090436294+02:00","@version":"1","message":"Pulling image layers: 28 pending,  2 downloaded,  1 extracted, (251 KB/? MB)","logger_name":"tc.gcr.io/distroless/java21-debian12@sha256:418b2e...","thread_name":"docker-java-stream-1268189679","level":"INFO","level_value":20000}
{"@timestamp":"2025-09-25T13:16:02.113819779+02:00","@version":"1","message":"Pulling image layers: 28 pending,  2 downloaded,  2 extracted, (263 KB/? MB)","logger_name":"tc.gcr.io/distroless/java21-debian12@sha256:418b2e...","thread_name":"docker-java-stream-1268189679","level":"INFO","level_value":20000}
{"@timestamp":"2025-09-25T13:16:02.127121675+02:00","@version":"1","message":"Pulling image layers: 27 pending,  3 downloaded,  2 extracted, (263 KB/? MB)","logger_name":"tc.gcr.io/distroless/java21-debian12@sha256:418b2e...","thread_name":"docker-java-stream-1268189679","level":"INFO","level_value":20000}
{"@timestamp":"2025-09-25T13:16:02.289279535+02:00","@version":"1","message":"Pulling image layers: 27 pending,  3 downloaded,  3 extracted, (646 KB/? MB)","logger_name":"tc.gcr.io/distroless/java21-debian12@sha256:418b2e...","thread_name":"docker-java-stream-1268189679","level":"INFO","level_value":20000}
{"@timestamp":"2025-09-25T13:16:02.396906117+02:00","@version":"1","message":"Pulling image layers: 26 pending,  4 downloaded,  3 extracted, (646 KB/? MB)","logger_name":"tc.gcr.io/distroless/java21-debian12@sha256:418b2e...","thread_name":"docker-java-stream-1268189679","level":"INFO","level_value":20000}
{"@timestamp":"2025-09-25T13:16:02.464136513+02:00","@version":"1","message":"Pulling image layers: 25 pending,  5 downloaded,  3 extracted, (646 KB/? MB)","logger_name":"tc.gcr.io/distroless/java21-debian12@sha256:418b2e...","thread_name":"docker-java-stream-1268189679","level":"INFO","level_value":20000}
{"@timestamp":"2025-09-25T13:16:02.614330994+02:00","@version":"1","message":"Pulling image layers: 24 pending,  6 downloaded,  3 extracted, (676 KB/? MB)","logger_name":"tc.gcr.io/distroless/java21-debian12@sha256:418b2e...","thread_name":"docker-java-stream-1268189679","level":"INFO","level_value":20000}
{"@timestamp":"2025-09-25T13:16:02.71721996+02:00","@version":"1","message":"Pulling image layers: 24 pending,  6 downloaded,  4 extracted, (676 KB/? MB)","logger_name":"tc.gcr.io/distroless/java21-debian12@sha256:418b2e...","thread_name":"docker-java-stream-1268189679","level":"INFO","level_value":20000}
{"@timestamp":"2025-09-25T13:16:02.772158361+02:00","@version":"1","message":"Pulling image layers: 23 pending,  7 downloaded,  4 extracted, (677 KB/? MB)","logger_name":"tc.gcr.io/distroless/java21-debian12@sha256:418b2e...","thread_name":"docker-java-stream-1268189679","level":"INFO","level_value":20000}
{"@timestamp":"2025-09-25T13:16:02.862410581+02:00","@version":"1","message":"Pulling image layers: 23 pending,  7 downloaded,  5 extracted, (677 KB/? MB)","logger_name":"tc.gcr.io/distroless/java21-debian12@sha256:418b2e...","thread_name":"docker-java-stream-1268189679","level":"INFO","level_value":20000}
{"@timestamp":"2025-09-25T13:16:02.941498855+02:00","@version":"1","message":"Pulling image layers: 22 pending,  8 downloaded,  5 extracted, (677 KB/? MB)","logger_name":"tc.gcr.io/distroless/java21-debian12@sha256:418b2e...","thread_name":"docker-java-stream-1268189679","level":"INFO","level_value":20000}
{"@timestamp":"2025-09-25T13:16:02.999125289+02:00","@version":"1","message":"Pulling image layers: 22 pending,  8 downloaded,  6 extracted, (677 KB/? MB)","logger_name":"tc.gcr.io/distroless/java21-debian12@sha256:418b2e...","thread_name":"docker-java-stream-1268189679","level":"INFO","level_value":20000}
{"@timestamp":"2025-09-25T13:16:03.072650318+02:00","@version":"1","message":"Pulling image layers: 21 pending,  9 downloaded,  6 extracted, (677 KB/? MB)","logger_name":"tc.gcr.io/distroless/java21-debian12@sha256:418b2e...","thread_name":"docker-java-stream-1268189679","level":"INFO","level_value":20000}
{"@timestamp":"2025-09-25T13:16:03.107153395+02:00","@version":"1","message":"Pulling image layers: 20 pending, 10 downloaded,  6 extracted, (678 KB/? MB)","logger_name":"tc.gcr.io/distroless/java21-debian12@sha256:418b2e...","thread_name":"docker-java-stream-1268189679","level":"INFO","level_value":20000}
{"@timestamp":"2025-09-25T13:16:03.137439494+02:00","@version":"1","message":"Pulling image layers: 20 pending, 10 downloaded,  7 extracted, (678 KB/? MB)","logger_name":"tc.gcr.io/distroless/java21-debian12@sha256:418b2e...","thread_name":"docker-java-stream-1268189679","level":"INFO","level_value":20000}
{"@timestamp":"2025-09-25T13:16:03.292330231+02:00","@version":"1","message":"Pulling image layers: 20 pending, 10 downloaded,  8 extracted, (678 KB/? MB)","logger_name":"tc.gcr.io/distroless/java21-debian12@sha256:418b2e...","thread_name":"docker-java-stream-1268189679","level":"INFO","level_value":20000}
{"@timestamp":"2025-09-25T13:16:03.443363047+02:00","@version":"1","message":"Pulling image layers: 20 pending, 10 downloaded,  9 extracted, (678 KB/? MB)","logger_name":"tc.gcr.io/distroless/java21-debian12@sha256:418b2e...","thread_name":"docker-java-stream-1268189679","level":"INFO","level_value":20000}
{"@timestamp":"2025-09-25T13:16:03.595534736+02:00","@version":"1","message":"Pulling image layers: 20 pending, 10 downloaded, 10 extracted, (680 KB/? MB)","logger_name":"tc.gcr.io/distroless/java21-debian12@sha256:418b2e...","thread_name":"docker-java-stream-1268189679","level":"INFO","level_value":20000}
{"@timestamp":"2025-09-25T13:16:03.656258741+02:00","@version":"1","message":"Pulling image layers: 19 pending, 11 downloaded, 10 extracted, (680 KB/? MB)","logger_name":"tc.gcr.io/distroless/java21-debian12@sha256:418b2e...","thread_name":"docker-java-stream-1268189679","level":"INFO","level_value":20000}
{"@timestamp":"2025-09-25T13:16:03.743572997+02:00","@version":"1","message":"Pulling image layers: 19 pending, 11 downloaded, 11 extracted, (680 KB/? MB)","logger_name":"tc.gcr.io/distroless/java21-debian12@sha256:418b2e...","thread_name":"docker-java-stream-1268189679","level":"INFO","level_value":20000}
{"@timestamp":"2025-09-25T13:16:03.874830406+02:00","@version":"1","message":"Pulling image layers: 19 pending, 11 downloaded, 12 extracted, (867 KB/? MB)","logger_name":"tc.gcr.io/distroless/java21-debian12@sha256:418b2e...","thread_name":"docker-java-stream-1268189679","level":"INFO","level_value":20000}
{"@timestamp":"2025-09-25T13:16:03.910745401+02:00","@version":"1","message":"Pulling image layers: 18 pending, 12 downloaded, 12 extracted, (867 KB/? MB)","logger_name":"tc.gcr.io/distroless/java21-debian12@sha256:418b2e...","thread_name":"docker-java-stream-1268189679","level":"INFO","level_value":20000}
{"@timestamp":"2025-09-25T13:16:04.114298435+02:00","@version":"1","message":"Pulling image layers: 17 pending, 13 downloaded, 12 extracted, (3 MB/? MB)","logger_name":"tc.gcr.io/distroless/java21-debian12@sha256:418b2e...","thread_name":"docker-java-stream-1268189679","level":"INFO","level_value":20000}
{"@timestamp":"2025-09-25T13:16:04.329137065+02:00","@version":"1","message":"Pulling image layers: 17 pending, 13 downloaded, 13 extracted, (6 MB/? MB)","logger_name":"tc.gcr.io/distroless/java21-debian12@sha256:418b2e...","thread_name":"docker-java-stream-1268189679","level":"INFO","level_value":20000}
{"@timestamp":"2025-09-25T13:16:04.391193716+02:00","@version":"1","message":"Pulling image layers: 16 pending, 14 downloaded, 13 extracted, (6 MB/? MB)","logger_name":"tc.gcr.io/distroless/java21-debian12@sha256:418b2e...","thread_name":"docker-java-stream-1268189679","level":"INFO","level_value":20000}
{"@timestamp":"2025-09-25T13:16:04.469376469+02:00","@version":"1","message":"Pulling image layers: 16 pending, 14 downloaded, 14 extracted, (6 MB/? MB)","logger_name":"tc.gcr.io/distroless/java21-debian12@sha256:418b2e...","thread_name":"docker-java-stream-1268189679","level":"INFO","level_value":20000}
{"@timestamp":"2025-09-25T13:16:04.626683124+02:00","@version":"1","message":"Pulling image layers: 16 pending, 14 downloaded, 15 extracted, (6 MB/? MB)","logger_name":"tc.gcr.io/distroless/java21-debian12@sha256:418b2e...","thread_name":"docker-java-stream-1268189679","level":"INFO","level_value":20000}
{"@timestamp":"2025-09-25T13:16:04.813338124+02:00","@version":"1","message":"Pulling image layers: 15 pending, 15 downloaded, 15 extracted, (6 MB/? MB)","logger_name":"tc.gcr.io/distroless/java21-debian12@sha256:418b2e...","thread_name":"docker-java-stream-1268189679","level":"INFO","level_value":20000}
{"@timestamp":"2025-09-25T13:16:04.923409377+02:00","@version":"1","message":"Pulling image layers: 15 pending, 15 downloaded, 16 extracted, (6 MB/? MB)","logger_name":"tc.gcr.io/distroless/java21-debian12@sha256:418b2e...","thread_name":"docker-java-stream-1268189679","level":"INFO","level_value":20000}
{"@timestamp":"2025-09-25T13:16:04.938001159+02:00","@version":"1","message":"Pulling image layers: 14 pending, 16 downloaded, 16 extracted, (7 MB/? MB)","logger_name":"tc.gcr.io/distroless/java21-debian12@sha256:418b2e...","thread_name":"docker-java-stream-1268189679","level":"INFO","level_value":20000}
{"@timestamp":"2025-09-25T13:16:05.063959964+02:00","@version":"1","message":"Pulling image layers: 14 pending, 16 downloaded, 17 extracted, (7 MB/? MB)","logger_name":"tc.gcr.io/distroless/java21-debian12@sha256:418b2e...","thread_name":"docker-java-stream-1268189679","level":"INFO","level_value":20000}
{"@timestamp":"2025-09-25T13:16:05.172416872+02:00","@version":"1","message":"Pulling image layers: 13 pending, 17 downloaded, 17 extracted, (7 MB/? MB)","logger_name":"tc.gcr.io/distroless/java21-debian12@sha256:418b2e...","thread_name":"docker-java-stream-1268189679","level":"INFO","level_value":20000}
{"@timestamp":"2025-09-25T13:16:05.281217675+02:00","@version":"1","message":"Pulling image layers: 13 pending, 17 downloaded, 18 extracted, (7 MB/? MB)","logger_name":"tc.gcr.io/distroless/java21-debian12@sha256:418b2e...","thread_name":"docker-java-stream-1268189679","level":"INFO","level_value":20000}
{"@timestamp":"2025-09-25T13:16:05.822413876+02:00","@version":"1","message":"Pulling image layers: 12 pending, 18 downloaded, 18 extracted, (9 MB/? MB)","logger_name":"tc.gcr.io/distroless/java21-debian12@sha256:418b2e...","thread_name":"docker-java-stream-1268189679","level":"INFO","level_value":20000}
{"@timestamp":"2025-09-25T13:16:05.84550446+02:00","@version":"1","message":"Pulling image layers: 12 pending, 18 downloaded, 19 extracted, (9 MB/? MB)","logger_name":"tc.gcr.io/distroless/java21-debian12@sha256:418b2e...","thread_name":"docker-java-stream-1268189679","level":"INFO","level_value":20000}
{"@timestamp":"2025-09-25T13:16:06.016700935+02:00","@version":"1","message":"Pulling image layers: 12 pending, 18 downloaded, 20 extracted, (9 MB/? MB)","logger_name":"tc.gcr.io/distroless/java21-debian12@sha256:418b2e...","thread_name":"docker-java-stream-1268189679","level":"INFO","level_value":20000}
{"@timestamp":"2025-09-25T13:16:06.035226527+02:00","@version":"1","message":"Pulling image layers: 11 pending, 19 downloaded, 20 extracted, (9 MB/? MB)","logger_name":"tc.gcr.io/distroless/java21-debian12@sha256:418b2e...","thread_name":"docker-java-stream-1268189679","level":"INFO","level_value":20000}
{"@timestamp":"2025-09-25T13:16:06.154444184+02:00","@version":"1","message":"Pulling image layers: 11 pending, 19 downloaded, 21 extracted, (9 MB/? MB)","logger_name":"tc.gcr.io/distroless/java21-debian12@sha256:418b2e...","thread_name":"docker-java-stream-1268189679","level":"INFO","level_value":20000}
{"@timestamp":"2025-09-25T13:16:06.454680695+02:00","@version":"1","message":"Pulling image layers: 10 pending, 20 downloaded, 21 extracted, (10 MB/? MB)","logger_name":"tc.gcr.io/distroless/java21-debian12@sha256:418b2e...","thread_name":"docker-java-stream-1268189679","level":"INFO","level_value":20000}
{"@timestamp":"2025-09-25T13:16:06.567778422+02:00","@version":"1","message":"Pulling image layers: 10 pending, 20 downloaded, 22 extracted, (10 MB/? MB)","logger_name":"tc.gcr.io/distroless/java21-debian12@sha256:418b2e...","thread_name":"docker-java-stream-1268189679","level":"INFO","level_value":20000}
{"@timestamp":"2025-09-25T13:16:06.584800142+02:00","@version":"1","message":"Pulling image layers:  9 pending, 21 downloaded, 22 extracted, (10 MB/? MB)","logger_name":"tc.gcr.io/distroless/java21-debian12@sha256:418b2e...","thread_name":"docker-java-stream-1268189679","level":"INFO","level_value":20000}
{"@timestamp":"2025-09-25T13:16:06.709066107+02:00","@version":"1","message":"Pulling image layers:  9 pending, 21 downloaded, 23 extracted, (10 MB/? MB)","logger_name":"tc.gcr.io/distroless/java21-debian12@sha256:418b2e...","thread_name":"docker-java-stream-1268189679","level":"INFO","level_value":20000}
{"@timestamp":"2025-09-25T13:16:06.931381401+02:00","@version":"1","message":"Pulling image layers:  8 pending, 22 downloaded, 23 extracted, (10 MB/? MB)","logger_name":"tc.gcr.io/distroless/java21-debian12@sha256:418b2e...","thread_name":"docker-java-stream-1268189679","level":"INFO","level_value":20000}
{"@timestamp":"2025-09-25T13:16:07.046385448+02:00","@version":"1","message":"Pulling image layers:  8 pending, 22 downloaded, 24 extracted, (10 MB/? MB)","logger_name":"tc.gcr.io/distroless/java21-debian12@sha256:418b2e...","thread_name":"docker-java-stream-1268189679","level":"INFO","level_value":20000}
{"@timestamp":"2025-09-25T13:16:07.27370717+02:00","@version":"1","message":"Pulling image layers:  7 pending, 23 downloaded, 24 extracted, (10 MB/? MB)","logger_name":"tc.gcr.io/distroless/java21-debian12@sha256:418b2e...","thread_name":"docker-java-stream-1268189679","level":"INFO","level_value":20000}
{"@timestamp":"2025-09-25T13:16:07.363590465+02:00","@version":"1","message":"Pulling image layers:  6 pending, 24 downloaded, 24 extracted, (10 MB/? MB)","logger_name":"tc.gcr.io/distroless/java21-debian12@sha256:418b2e...","thread_name":"docker-java-stream-1268189679","level":"INFO","level_value":20000}
{"@timestamp":"2025-09-25T13:16:07.387418506+02:00","@version":"1","message":"Pulling image layers:  6 pending, 24 downloaded, 25 extracted, (10 MB/? MB)","logger_name":"tc.gcr.io/distroless/java21-debian12@sha256:418b2e...","thread_name":"docker-java-stream-1268189679","level":"INFO","level_value":20000}
{"@timestamp":"2025-09-25T13:16:07.414427705+02:00","@version":"1","message":"Pulling image layers:  6 pending, 24 downloaded, 26 extracted, (10 MB/? MB)","logger_name":"tc.gcr.io/distroless/java21-debian12@sha256:418b2e...","thread_name":"docker-java-stream-1268189679","level":"INFO","level_value":20000}
{"@timestamp":"2025-09-25T13:16:07.783265535+02:00","@version":"1","message":"Pulling image layers:  5 pending, 25 downloaded, 26 extracted, (11 MB/? MB)","logger_name":"tc.gcr.io/distroless/java21-debian12@sha256:418b2e...","thread_name":"docker-java-stream-1268189679","level":"INFO","level_value":20000}
{"@timestamp":"2025-09-25T13:16:07.914296546+02:00","@version":"1","message":"Pulling image layers:  5 pending, 25 downloaded, 27 extracted, (11 MB/? MB)","logger_name":"tc.gcr.io/distroless/java21-debian12@sha256:418b2e...","thread_name":"docker-java-stream-1268189679","level":"INFO","level_value":20000}
{"@timestamp":"2025-09-25T13:16:07.937599054+02:00","@version":"1","message":"Pulling image layers:  4 pending, 26 downloaded, 27 extracted, (11 MB/? MB)","logger_name":"tc.gcr.io/distroless/java21-debian12@sha256:418b2e...","thread_name":"docker-java-stream-1268189679","level":"INFO","level_value":20000}
{"@timestamp":"2025-09-25T13:16:08.037592874+02:00","@version":"1","message":"Pulling image layers:  4 pending, 26 downloaded, 28 extracted, (11 MB/? MB)","logger_name":"tc.gcr.io/distroless/java21-debian12@sha256:418b2e...","thread_name":"docker-java-stream-1268189679","level":"INFO","level_value":20000}
{"@timestamp":"2025-09-25T13:16:08.151351322+02:00","@version":"1","message":"Pulling image layers:  3 pending, 27 downloaded, 28 extracted, (11 MB/? MB)","logger_name":"tc.gcr.io/distroless/java21-debian12@sha256:418b2e...","thread_name":"docker-java-stream-1268189679","level":"INFO","level_value":20000}
{"@timestamp":"2025-09-25T13:16:08.27190664+02:00","@version":"1","message":"Pulling image layers:  3 pending, 27 downloaded, 29 extracted, (11 MB/? MB)","logger_name":"tc.gcr.io/distroless/java21-debian12@sha256:418b2e...","thread_name":"docker-java-stream-1268189679","level":"INFO","level_value":20000}
{"@timestamp":"2025-09-25T13:16:10.664881418+02:00","@version":"1","message":"Pulling image layers:  2 pending, 28 downloaded, 29 extracted, (68 MB/? MB)","logger_name":"tc.gcr.io/distroless/java21-debian12@sha256:418b2e...","thread_name":"docker-java-stream-1268189679","level":"INFO","level_value":20000}
{"@timestamp":"2025-09-25T13:16:11.368625099+02:00","@version":"1","message":"Pulling image layers:  2 pending, 28 downloaded, 30 extracted, (69 MB/? MB)","logger_name":"tc.gcr.io/distroless/java21-debian12@sha256:418b2e...","thread_name":"docker-java-stream-1268189679","level":"INFO","level_value":20000}
{"@timestamp":"2025-09-25T13:16:11.539773891+02:00","@version":"1","message":"Pull complete. 30 layers, pulled in 10s (downloaded 69 MB at 6 MB/s)","logger_name":"tc.gcr.io/distroless/java21-debian12@sha256:418b2e...","thread_name":"docker-java-stream-1268189679","level":"INFO","level_value":20000}
{"@timestamp":"2025-09-25T13:16:11.539791717+02:00","@version":"1","message":"Image gcr.io/distroless/java21-debian12@sha256:418b2e2a9e452aa9299511427f2ae404dfc910ecfa78feb53b1c60c22c3b640c pull took PT11.644088725S","logger_name":"tc.gcr.io/distroless/java21-debian12@sha256:418b2e...","thread_name":"Test worker","level":"INFO","level_value":20000}
{"@timestamp":"2025-09-25T13:16:11.550879158+02:00","@version":"1","message":"Transferred 0 bytes to Docker daemon","logger_name":"org.testcontainers.images.builder.ImageFromDockerfile","thread_name":"Test worker","level":"INFO","level_value":20000}
{"@timestamp":"2025-09-25T13:16:12.434785834+02:00","@version":"1","message":"COPY failed: no source files were specified","logger_name":"tc.localhost/testcontainers/66dnxqyz1bmdvwbc","thread_name":"docker-java-stream--1638164092","level":"ERROR","level_value":40000}
{"@timestamp":"2025-09-25T13:16:14.049231852+02:00","@version":"1","message":"Pre-emptively checking local images for 'gcr.io/distroless/java21-debian12@sha256:418b2e2a9e452aa9299511427f2ae404dfc910ecfa78feb53b1c60c22c3b640c', referenced via a Dockerfile. If not available, it will be pulled.","logger_name":"org.testcontainers.images.builder.ImageFromDockerfile","thread_name":"Test worker","level":"INFO","level_value":20000}
{"@timestamp":"2025-09-25T13:16:14.050103494+02:00","@version":"1","message":"Transferred 0 bytes to Docker daemon","logger_name":"org.testcontainers.images.builder.ImageFromDockerfile","thread_name":"Test worker","level":"INFO","level_value":20000}
{"@timestamp":"2025-09-25T13:16:14.353146673+02:00","@version":"1","message":"COPY failed: no source files were specified","logger_name":"tc.localhost/testcontainers/66dnxqyz1bmdvwbc","thread_name":"docker-java-stream--478571343","level":"ERROR","level_value":40000}
]]></system-out>
  <system-err><![CDATA[]]></system-err>
</testsuite>
