<?xml version="1.0" encoding="UTF-8"?>
<testsuite name="no.nav.pdfgen.ApplicationTest" tests="5" skipped="0" failures="0" errors="0" timestamp="2025-09-25T11:15:52.260Z" hostname="joakim-ThinkPad-T14s-Gen-4" time="1.121">
  <properties/>
  <testcase name="App is ready only after ServerReady is raised$pdfgen_test()" classname="no.nav.pdfgen.ApplicationTest" time="1.068"/>
  <testcase name="Returns internal server error when liveness check fails$pdfgen_test()" classname="no.nav.pdfgen.ApplicationTest" time="0.016"/>
  <testcase name="Returns ok on is_alive$pdfgen_test()" classname="no.nav.pdfgen.ApplicationTest" time="0.013"/>
  <testcase name="Returns internal server error when readyness check fails$pdfgen_test()" classname="no.nav.pdfgen.ApplicationTest" time="0.009"/>
  <testcase name="App is alive after application is started$pdfgen_test()" classname="no.nav.pdfgen.ApplicationTest" time="0.01"/>
  <system-out><![CDATA[{"@timestamp":"2025-09-25T13:15:53.141415588+02:00","@version":"1","message":"No ktor.deployment.watch patterns specified, automatic reload is not active.","logger_name":"io.ktor.test","thread_name":"DefaultDispatcher-worker-2 @call-context#3","level":"INFO","level_value":20000}
{"@timestamp":"2025-09-25T13:15:53.179435328+02:00","@version":"1","message":"Application started in 0.061 seconds.","logger_name":"io.ktor.test","thread_name":"DefaultDispatcher-worker-2 @call-context#3","level":"INFO","level_value":20000}
{"@timestamp":"2025-09-25T13:15:53.182113081+02:00","@version":"1","message":"Responding at http://localhost:80","logger_name":"io.ktor.test","thread_name":"DefaultDispatcher-worker-1 @coroutine#5","level":"INFO","level_value":20000}
{"@timestamp":"2025-09-25T13:15:53.182714015+02:00","@version":"1","message":"Responding at https://localhost:443","logger_name":"io.ktor.test","thread_name":"DefaultDispatcher-worker-1 @coroutine#5","level":"INFO","level_value":20000}
{"@timestamp":"2025-09-25T13:15:53.288127874+02:00","@version":"1","message":"Application auto-reloaded in 0.17 seconds.","logger_name":"io.ktor.test","thread_name":"DefaultDispatcher-worker-4","level":"INFO","level_value":20000}
{"@timestamp":"2025-09-25T13:15:53.337999292+02:00","@version":"1","message":"No ktor.deployment.watch patterns specified, automatic reload is not active.","logger_name":"io.ktor.test","thread_name":"DefaultDispatcher-worker-1 @call-context#23","level":"INFO","level_value":20000}
{"@timestamp":"2025-09-25T13:15:53.339856544+02:00","@version":"1","message":"Application started in 0.002 seconds.","logger_name":"io.ktor.test","thread_name":"DefaultDispatcher-worker-1 @call-context#23","level":"INFO","level_value":20000}
{"@timestamp":"2025-09-25T13:15:53.340331391+02:00","@version":"1","message":"Responding at http://localhost:80","logger_name":"io.ktor.test","thread_name":"DefaultDispatcher-worker-3 @coroutine#25","level":"INFO","level_value":20000}
{"@timestamp":"2025-09-25T13:15:53.34061695+02:00","@version":"1","message":"Responding at https://localhost:443","logger_name":"io.ktor.test","thread_name":"DefaultDispatcher-worker-3 @coroutine#25","level":"INFO","level_value":20000}
{"@timestamp":"2025-09-25T13:15:53.353813573+02:00","@version":"1","message":"No ktor.deployment.watch patterns specified, automatic reload is not active.","logger_name":"io.ktor.test","thread_name":"DefaultDispatcher-worker-6 @call-context#35","level":"INFO","level_value":20000}
{"@timestamp":"2025-09-25T13:15:53.355763442+02:00","@version":"1","message":"Application started in 0.002 seconds.","logger_name":"io.ktor.test","thread_name":"DefaultDispatcher-worker-6 @call-context#35","level":"INFO","level_value":20000}
{"@timestamp":"2025-09-25T13:15:53.356319482+02:00","@version":"1","message":"Responding at http://localhost:80","logger_name":"io.ktor.test","thread_name":"DefaultDispatcher-worker-5 @coroutine#37","level":"INFO","level_value":20000}
{"@timestamp":"2025-09-25T13:15:53.356576374+02:00","@version":"1","message":"Responding at https://localhost:443","logger_name":"io.ktor.test","thread_name":"DefaultDispatcher-worker-5 @coroutine#37","level":"INFO","level_value":20000}
{"@timestamp":"2025-09-25T13:15:53.365708841+02:00","@version":"1","message":"No ktor.deployment.watch patterns specified, automatic reload is not active.","logger_name":"io.ktor.test","thread_name":"DefaultDispatcher-worker-5 @call-context#47","level":"INFO","level_value":20000}
{"@timestamp":"2025-09-25T13:15:53.366669492+02:00","@version":"1","message":"Application started in 0.001 seconds.","logger_name":"io.ktor.test","thread_name":"DefaultDispatcher-worker-5 @call-context#47","level":"INFO","level_value":20000}
{"@timestamp":"2025-09-25T13:15:53.367041709+02:00","@version":"1","message":"Responding at http://localhost:80","logger_name":"io.ktor.test","thread_name":"DefaultDispatcher-worker-2 @coroutine#49","level":"INFO","level_value":20000}
{"@timestamp":"2025-09-25T13:15:53.367301379+02:00","@version":"1","message":"Responding at https://localhost:443","logger_name":"io.ktor.test","thread_name":"DefaultDispatcher-worker-2 @coroutine#49","level":"INFO","level_value":20000}
{"@timestamp":"2025-09-25T13:15:53.375776042+02:00","@version":"1","message":"No ktor.deployment.watch patterns specified, automatic reload is not active.","logger_name":"io.ktor.test","thread_name":"DefaultDispatcher-worker-7 @call-context#59","level":"INFO","level_value":20000}
{"@timestamp":"2025-09-25T13:15:53.376898988+02:00","@version":"1","message":"Application started in 0.001 seconds.","logger_name":"io.ktor.test","thread_name":"DefaultDispatcher-worker-7 @call-context#59","level":"INFO","level_value":20000}
{"@timestamp":"2025-09-25T13:15:53.377213677+02:00","@version":"1","message":"Responding at http://localhost:80","logger_name":"io.ktor.test","thread_name":"DefaultDispatcher-worker-5 @coroutine#61","level":"INFO","level_value":20000}
{"@timestamp":"2025-09-25T13:15:53.377469493+02:00","@version":"1","message":"Responding at https://localhost:443","logger_name":"io.ktor.test","thread_name":"DefaultDispatcher-worker-5 @coroutine#61","level":"INFO","level_value":20000}
]]></system-out>
  <system-err><![CDATA[]]></system-err>
</testsuite>
