<?xml version="1.0" encoding="UTF-8"?>
<testsuite name="no.nav.pdfgen.RenderingTest" tests="3" skipped="0" failures="0" errors="0" timestamp="2025-09-25T11:17:19.583Z" hostname="joakim-ThinkPad-T14s-Gen-4" time="1.954">
  <properties/>
  <testcase name="All pdfs should create a PDFA compliant file$pdfgen_test()" classname="no.nav.pdfgen.RenderingTest" time="1.483"/>
  <testcase name="All pdfs should create a PDFA compliant file renders a HTML payload to a PDFA compliant document$pdfgen_test()" classname="no.nav.pdfgen.RenderingTest" time="0.058"/>
  <testcase name="All pdfs should render with default values$pdfgen_test()" classname="no.nav.pdfgen.RenderingTest" time="0.409"/>
  <system-out><![CDATA[Renders the template kontrollforespoersel for application dsopkontroll to a PDF/A compliant document
{"@timestamp":"2025-09-25T13:17:19.615778729+02:00","@version":"1","message":"TIME: parse stylesheets 0ms","logger_name":"com.openhtmltopdf.load","thread_name":"Test worker","level":"INFO","level_value":20000}
{"@timestamp":"2025-09-25T13:17:19.615892573+02:00","@version":"1","message":"Matcher created with 183 selectors","logger_name":"com.openhtmltopdf.match","thread_name":"Test worker","level":"INFO","level_value":20000}
{"@timestamp":"2025-09-25T13:17:19.615916664+02:00","@version":"1","message":"Loading font(Source Sans Pro) from PDFont supplier now.","logger_name":"com.openhtmltopdf.load","thread_name":"Test worker","level":"INFO","level_value":20000}
{"@timestamp":"2025-09-25T13:17:19.615931728+02:00","@version":"1","message":"Loading font(Source Sans Pro) from PDFont supplier now.","logger_name":"com.openhtmltopdf.load","thread_name":"Test worker","level":"INFO","level_value":20000}
{"@timestamp":"2025-09-25T13:17:19.615940693+02:00","@version":"1","message":"Using fast-mode renderer. Prepare to fly.","logger_name":"com.openhtmltopdf.general","thread_name":"Test worker","level":"INFO","level_value":20000}
Renders the template arbeidsledig for application syfosoknader to a PDF/A compliant document
{"@timestamp":"2025-09-25T13:17:19.948141217+02:00","@version":"1","message":"TIME: parse stylesheets 1ms","logger_name":"com.openhtmltopdf.load","thread_name":"Test worker","level":"INFO","level_value":20000}
{"@timestamp":"2025-09-25T13:17:19.948363035+02:00","@version":"1","message":"Matcher created with 217 selectors","logger_name":"com.openhtmltopdf.match","thread_name":"Test worker","level":"INFO","level_value":20000}
{"@timestamp":"2025-09-25T13:17:19.948408557+02:00","@version":"1","message":"Loading font(Source Sans Pro) from PDFont supplier now.","logger_name":"com.openhtmltopdf.load","thread_name":"Test worker","level":"INFO","level_value":20000}
{"@timestamp":"2025-09-25T13:17:19.948433959+02:00","@version":"1","message":"Loading font(Source Sans Pro) from PDFont supplier now.","logger_name":"com.openhtmltopdf.load","thread_name":"Test worker","level":"INFO","level_value":20000}
{"@timestamp":"2025-09-25T13:17:19.948448174+02:00","@version":"1","message":"Using fast-mode renderer. Prepare to fly.","logger_name":"com.openhtmltopdf.general","thread_name":"Test worker","level":"INFO","level_value":20000}
Renders the template annetarbeidsforhold for application syfosoknader to a PDF/A compliant document
{"@timestamp":"2025-09-25T13:17:20.209958779+02:00","@version":"1","message":"TIME: parse stylesheets 0ms","logger_name":"com.openhtmltopdf.load","thread_name":"Test worker","level":"INFO","level_value":20000}
{"@timestamp":"2025-09-25T13:17:20.210099781+02:00","@version":"1","message":"Matcher created with 217 selectors","logger_name":"com.openhtmltopdf.match","thread_name":"Test worker","level":"INFO","level_value":20000}
{"@timestamp":"2025-09-25T13:17:20.210129554+02:00","@version":"1","message":"Loading font(Source Sans Pro) from PDFont supplier now.","logger_name":"com.openhtmltopdf.load","thread_name":"Test worker","level":"INFO","level_value":20000}
{"@timestamp":"2025-09-25T13:17:20.210150607+02:00","@version":"1","message":"Loading font(Source Sans Pro) from PDFont supplier now.","logger_name":"com.openhtmltopdf.load","thread_name":"Test worker","level":"INFO","level_value":20000}
{"@timestamp":"2025-09-25T13:17:20.210161256+02:00","@version":"1","message":"Using fast-mode renderer. Prepare to fly.","logger_name":"com.openhtmltopdf.general","thread_name":"Test worker","level":"INFO","level_value":20000}
Renders the template selvstendignaeringsdrivende for application syfosoknader to a PDF/A compliant document
{"@timestamp":"2025-09-25T13:17:20.469167385+02:00","@version":"1","message":"TIME: parse stylesheets 1ms","logger_name":"com.openhtmltopdf.load","thread_name":"Test worker","level":"INFO","level_value":20000}
{"@timestamp":"2025-09-25T13:17:20.469304485+02:00","@version":"1","message":"Matcher created with 217 selectors","logger_name":"com.openhtmltopdf.match","thread_name":"Test worker","level":"INFO","level_value":20000}
{"@timestamp":"2025-09-25T13:17:20.469332758+02:00","@version":"1","message":"Loading font(Source Sans Pro) from PDFont supplier now.","logger_name":"com.openhtmltopdf.load","thread_name":"Test worker","level":"INFO","level_value":20000}
{"@timestamp":"2025-09-25T13:17:20.469350816+02:00","@version":"1","message":"Loading font(Source Sans Pro) from PDFont supplier now.","logger_name":"com.openhtmltopdf.load","thread_name":"Test worker","level":"INFO","level_value":20000}
{"@timestamp":"2025-09-25T13:17:20.46936836+02:00","@version":"1","message":"Using fast-mode renderer. Prepare to fly.","logger_name":"com.openhtmltopdf.general","thread_name":"Test worker","level":"INFO","level_value":20000}
Renders the template arbeidstakere for application syfosoknader to a PDF/A compliant document
{"@timestamp":"2025-09-25T13:17:20.762379658+02:00","@version":"1","message":"TIME: parse stylesheets 0ms","logger_name":"com.openhtmltopdf.load","thread_name":"Test worker","level":"INFO","level_value":20000}
{"@timestamp":"2025-09-25T13:17:20.762511532+02:00","@version":"1","message":"Matcher created with 217 selectors","logger_name":"com.openhtmltopdf.match","thread_name":"Test worker","level":"INFO","level_value":20000}
{"@timestamp":"2025-09-25T13:17:20.762541381+02:00","@version":"1","message":"Loading font(Source Sans Pro) from PDFont supplier now.","logger_name":"com.openhtmltopdf.load","thread_name":"Test worker","level":"INFO","level_value":20000}
{"@timestamp":"2025-09-25T13:17:20.762558554+02:00","@version":"1","message":"Loading font(Source Sans Pro) from PDFont supplier now.","logger_name":"com.openhtmltopdf.load","thread_name":"Test worker","level":"INFO","level_value":20000}
{"@timestamp":"2025-09-25T13:17:20.7625757+02:00","@version":"1","message":"Using fast-mode renderer. Prepare to fly.","logger_name":"com.openhtmltopdf.general","thread_name":"Test worker","level":"INFO","level_value":20000}
Renders the template sykepengerutland for application syfosoknader to a PDF/A compliant document
{"@timestamp":"2025-09-25T13:17:20.971728788+02:00","@version":"1","message":"TIME: parse stylesheets 0ms","logger_name":"com.openhtmltopdf.load","thread_name":"Test worker","level":"INFO","level_value":20000}
{"@timestamp":"2025-09-25T13:17:20.971862248+02:00","@version":"1","message":"Matcher created with 217 selectors","logger_name":"com.openhtmltopdf.match","thread_name":"Test worker","level":"INFO","level_value":20000}
{"@timestamp":"2025-09-25T13:17:20.971889998+02:00","@version":"1","message":"Loading font(Source Sans Pro) from PDFont supplier now.","logger_name":"com.openhtmltopdf.load","thread_name":"Test worker","level":"INFO","level_value":20000}
{"@timestamp":"2025-09-25T13:17:20.971906322+02:00","@version":"1","message":"Loading font(Source Sans Pro) from PDFont supplier now.","logger_name":"com.openhtmltopdf.load","thread_name":"Test worker","level":"INFO","level_value":20000}
{"@timestamp":"2025-09-25T13:17:20.971915339+02:00","@version":"1","message":"Using fast-mode renderer. Prepare to fly.","logger_name":"com.openhtmltopdf.general","thread_name":"Test worker","level":"INFO","level_value":20000}
{"@timestamp":"2025-09-25T13:17:21.098153023+02:00","@version":"1","message":"TIME: parse stylesheets 0ms","logger_name":"com.openhtmltopdf.load","thread_name":"Test worker","level":"INFO","level_value":20000}
{"@timestamp":"2025-09-25T13:17:21.098268193+02:00","@version":"1","message":"Matcher created with 161 selectors","logger_name":"com.openhtmltopdf.match","thread_name":"Test worker","level":"INFO","level_value":20000}
{"@timestamp":"2025-09-25T13:17:21.098294305+02:00","@version":"1","message":"Loading font(Source Sans Pro) from PDFont supplier now.","logger_name":"com.openhtmltopdf.load","thread_name":"Test worker","level":"INFO","level_value":20000}
{"@timestamp":"2025-09-25T13:17:21.098316609+02:00","@version":"1","message":"Loading font(Source Sans Pro) from PDFont supplier now.","logger_name":"com.openhtmltopdf.load","thread_name":"Test worker","level":"INFO","level_value":20000}
{"@timestamp":"2025-09-25T13:17:21.098332795+02:00","@version":"1","message":"Using fast-mode renderer. Prepare to fly.","logger_name":"com.openhtmltopdf.general","thread_name":"Test worker","level":"INFO","level_value":20000}
Renders the template kontrollforespoersel for application dsopkontroll without exceptions
Renders the template arbeidsledig for application syfosoknader without exceptions
Renders the template annetarbeidsforhold for application syfosoknader without exceptions
Renders the template selvstendignaeringsdrivende for application syfosoknader without exceptions
Renders the template arbeidstakere for application syfosoknader without exceptions
Renders the template sykepengerutland for application syfosoknader without exceptions
]]></system-out>
  <system-err><![CDATA[]]></system-err>
</testsuite>
