<?xml version="1.0" encoding="UTF-8"?>
<testsuite name="no.nav.pdfgen.HelperTest" tests="68" skipped="0" failures="0" errors="0" timestamp="2025-09-25T11:16:14.368Z" hostname="joakim-ThinkPad-T14s-Gen-4" time="0.151">
  <properties/>
  <testcase name="Capitilize all should handle multiple space$pdfgen_test()" classname="no.nav.pdfgen.HelperTest" time="0.03"/>
  <testcase name="lt - less than should return false when compared to one self$pdfgen_test()" classname="no.nav.pdfgen.HelperTest" time="0.004"/>
  <testcase name="Datetime formatting should format as Norwegian short date and time$pdfgen_test()" classname="no.nav.pdfgen.HelperTest" time="0.001"/>
  <testcase name="not eq should return false when compared to one self$pdfgen_test()" classname="no.nav.pdfgen.HelperTest" time="0.004"/>
  <testcase name="Currency formatting should format number as currency without decimals$pdfgen_test()" classname="no.nav.pdfgen.HelperTest" time="0.002"/>
  <testcase name="List contains helper a array a null fish field results in IT_CONTAINS$pdfgen_test()" classname="no.nav.pdfgen.HelperTest" time="0.002"/>
  <testcase name="breaklines should replace  forward slash r n with newline$pdfgen_test()" classname="no.nav.pdfgen.HelperTest" time="0.001"/>
  <testcase name="gt - greater than should fail if comparing two null or empty$pdfgen_test()" classname="no.nav.pdfgen.HelperTest" time="0.003"/>
  <testcase name="lt - less than should fail if argument are not of same type$pdfgen_test()" classname="no.nav.pdfgen.HelperTest" time="0.003"/>
  <testcase name="gt - greater than should fail if argument are not of same type$pdfgen_test()" classname="no.nav.pdfgen.HelperTest" time="0.003"/>
  <testcase name="gt - greater than should return false when compared to one self$pdfgen_test()" classname="no.nav.pdfgen.HelperTest" time="0.002"/>
  <testcase name="Datetime formatting should format as Norwegian short date$pdfgen_test()" classname="no.nav.pdfgen.HelperTest" time="0.001"/>
  <testcase name="uppercase should uppercase strings with numbers$pdfgen_test()" classname="no.nav.pdfgen.HelperTest" time="0.002"/>
  <testcase name="contains_all should not find if at least one did not match$pdfgen_test()" classname="no.nav.pdfgen.HelperTest" time="0.001"/>
  <testcase name="Capitilize all should do nothing if already capitilized$pdfgen_test()" classname="no.nav.pdfgen.HelperTest" time="0.001"/>
  <testcase name="List contains helper a array containing the field fish, but its a false boolean should result in NO_CONTAINS$pdfgen_test()" classname="no.nav.pdfgen.HelperTest" time="0.001"/>
  <testcase name="eq should equal self should equal double to string if string has same content$pdfgen_test()" classname="no.nav.pdfgen.HelperTest" time="0.001"/>
  <testcase name="Any operator should result in a YES when one of multiple statements is ok$pdfgen_test()" classname="no.nav.pdfgen.HelperTest" time="0.001"/>
  <testcase name="contains_all should not find if empty parameter$pdfgen_test()" classname="no.nav.pdfgen.HelperTest" time="0.001"/>
  <testcase name="not eq should return true compared two null or empty$pdfgen_test()" classname="no.nav.pdfgen.HelperTest" time="0.001"/>
  <testcase name="Is defined should output empty string if someOtherProperty is not defined$pdfgen_test()" classname="no.nav.pdfgen.HelperTest" time="0.002"/>
  <testcase name="eq should equal self should equal double to string if string has same content - reverse$pdfgen_test()" classname="no.nav.pdfgen.HelperTest" time="0.001"/>
  <testcase name="Capitilize all should capitalize names splitted by apostrophe$pdfgen_test()" classname="no.nav.pdfgen.HelperTest" time="0.001"/>
  <testcase name="gt - greater than should return false when first param less than second param$pdfgen_test()" classname="no.nav.pdfgen.HelperTest" time="0.001"/>
  <testcase name="lt - less than should return false when first param greater than second param$pdfgen_test()" classname="no.nav.pdfgen.HelperTest" time="0.001"/>
  <testcase name="Capitilize all should capitalize all when mixed lower then upper$pdfgen_test()" classname="no.nav.pdfgen.HelperTest" time="0.001"/>
  <testcase name="contains_all should find single param that matches$pdfgen_test()" classname="no.nav.pdfgen.HelperTest" time="0.001"/>
  <testcase name="Is defined should output IS DEFINED if someProperty is defined$pdfgen_test()" classname="no.nav.pdfgen.HelperTest" time="0.001"/>
  <testcase name="Currency formatting should format string to currency$pdfgen_test()" classname="no.nav.pdfgen.HelperTest" time="0.001"/>
  <testcase name="Any operator should result in empty result when many statements fails$pdfgen_test()" classname="no.nav.pdfgen.HelperTest" time="0.001"/>
  <testcase name="not eq should return true if different content$pdfgen_test()" classname="no.nav.pdfgen.HelperTest" time="0.001"/>
  <testcase name="List contains helper a array containing the field fish should result in the string IT_CONTAINS$pdfgen_test()" classname="no.nav.pdfgen.HelperTest" time="0.002"/>
  <testcase name="not eq should return true if different values$pdfgen_test()" classname="no.nav.pdfgen.HelperTest" time="0.001"/>
  <testcase name="Currency formatting should format number as currency$pdfgen_test()" classname="no.nav.pdfgen.HelperTest" time="0.002"/>
  <testcase name="Any operator should result in a YES when a single statement is ok$pdfgen_test()" classname="no.nav.pdfgen.HelperTest" time="0.001"/>
  <testcase name="eq should equal self should equal int to string if string has same content$pdfgen_test()" classname="no.nav.pdfgen.HelperTest" time="0.001"/>
  <testcase name="Any operator should result in empty result when a single statement fails$pdfgen_test()" classname="no.nav.pdfgen.HelperTest" time="0.001"/>
  <testcase name="gt - greater than should return true when first param greater than second param$pdfgen_test()" classname="no.nav.pdfgen.HelperTest" time="0.002"/>
  <testcase name="List contains helper a array without the field fish should result in NO_CONTAINS$pdfgen_test()" classname="no.nav.pdfgen.HelperTest" time="0.001"/>
  <testcase name="contains_all should not fail if list is empty$pdfgen_test()" classname="no.nav.pdfgen.HelperTest" time="0.002"/>
  <testcase name="eq should equal self should equal int to string if string has same content - reverse$pdfgen_test()" classname="no.nav.pdfgen.HelperTest" time="0.001"/>
  <testcase name="contains_all should throw exception if unknown list$pdfgen_test()" classname="no.nav.pdfgen.HelperTest" time="0.001"/>
  <testcase name="eq should equal self should equal to content - reverse$pdfgen_test()" classname="no.nav.pdfgen.HelperTest" time="0.001"/>
  <testcase name="eq should equal self should not equal if not equal$pdfgen_test()" classname="no.nav.pdfgen.HelperTest" time="0.001"/>
  <testcase name="Capitilize all should capitalize all lower$pdfgen_test()" classname="no.nav.pdfgen.HelperTest" time="0.002"/>
  <testcase name="Capitilize all should capitalize all when mixed upper then lower$pdfgen_test()" classname="no.nav.pdfgen.HelperTest" time="0.001"/>
  <testcase name="contains_all should find all values without order$pdfgen_test()" classname="no.nav.pdfgen.HelperTest" time="0.001"/>
  <testcase name="uppercase should uppercase all letters$pdfgen_test()" classname="no.nav.pdfgen.HelperTest" time="0.001"/>
  <testcase name="lt - less than should return true when first param less than second param$pdfgen_test()" classname="no.nav.pdfgen.HelperTest" time="0.001"/>
  <testcase name="eq should equal self should not equal if null or empty$pdfgen_test()" classname="no.nav.pdfgen.HelperTest" time="0.001"/>
  <testcase name="Datetime formatting should format timestamp as Norwegian long date$pdfgen_test()" classname="no.nav.pdfgen.HelperTest" time="0.008"/>
  <testcase name="breaklines should replace forward slash n with newline$pdfgen_test()" classname="no.nav.pdfgen.HelperTest" time="0.001"/>
  <testcase name="not eq should return true if different content - reverse$pdfgen_test()" classname="no.nav.pdfgen.HelperTest" time="0.001"/>
  <testcase name="Any operator should result in a YES when the first of multiple statements is ok$pdfgen_test()" classname="no.nav.pdfgen.HelperTest" time="0.001"/>
  <testcase name="Capitilize all should capitalize all uppers$pdfgen_test()" classname="no.nav.pdfgen.HelperTest" time="0.001"/>
  <testcase name="List contains helper a array with two nodes, where the field fish contains null on the first and a normal value on the second results in IT_CONTAINS$pdfgen_test()" classname="no.nav.pdfgen.HelperTest" time="0.001"/>
  <testcase name="uppercase should uppercase all lower letters$pdfgen_test()" classname="no.nav.pdfgen.HelperTest" time="0.001"/>
  <testcase name="eq should equal self$pdfgen_test()" classname="no.nav.pdfgen.HelperTest" time="0.002"/>
  <testcase name="List contains helper a array with two nodes, where the second contains the field fish results in IT_CONTAINS$pdfgen_test()" classname="no.nav.pdfgen.HelperTest" time="0.001"/>
  <testcase name="lt - less than should fail if comparing two null or empty$pdfgen_test()" classname="no.nav.pdfgen.HelperTest" time="0.002"/>
  <testcase name="Capitilize all should do nothing if already capitilized - single word$pdfgen_test()" classname="no.nav.pdfgen.HelperTest" time="0.001"/>
  <testcase name="Currency formatting should format integer to currency$pdfgen_test()" classname="no.nav.pdfgen.HelperTest" time="0.003"/>
  <testcase name="Capitilize all should capitalize names splitted by dash$pdfgen_test()" classname="no.nav.pdfgen.HelperTest" time="0.001"/>
  <testcase name="Capitilize all should capitalize names splitted by dash with spacec in between$pdfgen_test()" classname="no.nav.pdfgen.HelperTest" time="0.001"/>
  <testcase name="Datetime formatting should format date as Norwegian long date$pdfgen_test()" classname="no.nav.pdfgen.HelperTest" time="0.001"/>
  <testcase name="contains_all should not find if no parameter$pdfgen_test()" classname="no.nav.pdfgen.HelperTest" time="0.001"/>
  <testcase name="eq should equal self should equal to content$pdfgen_test()" classname="no.nav.pdfgen.HelperTest" time="0.001"/>
  <testcase name="List contains helper a empty array should result in NO_CONTAINS$pdfgen_test()" classname="no.nav.pdfgen.HelperTest" time="0.001"/>
  <system-out><![CDATA[{}
{"small_int":-1,"large_int":1337,"small_double":-1.67,"large_double":1337.67,"a_string":"Adam","z_string":"Zorro"}
{"timestamp":"2020-03-03T10:15:30","timestampLong":"2020-10-03T10:15:30","date":"2020-02-12"}
{"an_int":1337,"a_double":1337.67,"string_with_int":"1337","string_with_double":"1337.67","a_string":"imma string"}
{"beløp":1337.69,"beløp_single_decimal":1337.6,"beløp_integer":9001,"beløp_stort":1337420.69,"beløp_ganske_liten_integer":1,"beløp_kjempeliten_integer":0,"beløp_liten_integer":10,"beløp_stor_integer":1000001,"beløp_kjempestor_integer":2147483647,"beløp_liten_string":"0","beløp_stor_string":"1000001"}
{"list":[{"fish":null}]}
{}
{"small_int":-1,"large_int":1337,"small_double":-1.67,"large_double":1337.67,"a_string":"Adam","z_string":"Zorro"}
{"small_int":-1,"large_int":1337,"small_double":-1.67,"large_double":1337.67,"a_string":"Adam","z_string":"Zorro"}
{"small_int":-1,"large_int":1337,"small_double":-1.67,"large_double":1337.67,"a_string":"Adam","z_string":"Zorro"}
{"small_int":-1,"large_int":1337,"small_double":-1.67,"large_double":1337.67,"a_string":"Adam","z_string":"Zorro"}
{"timestamp":"2020-03-03T10:15:30","timestampLong":"2020-10-03T10:15:30","date":"2020-02-12"}
{}
{"myList":["FIRST_VAL","SECOND_VAL","THIRD_VAL"],"emptyList":[]}
{}
{"list":[{"fish":false}]}
{"an_int":1337,"a_double":1337.67,"string_with_int":"1337","string_with_double":"1337.67","a_string":"imma string"}
{"a":"a","b":"b","c":"c"}
{"myList":["FIRST_VAL","SECOND_VAL","THIRD_VAL"],"emptyList":[]}
{"an_int":1337,"a_double":1337.67,"string_with_int":"1337","string_with_double":"1337.67","a_string":"imma string"}
{"someProperty":false}
{"an_int":1337,"a_double":1337.67,"string_with_int":"1337","string_with_double":"1337.67","a_string":"imma string"}
{}
{"small_int":-1,"large_int":1337,"small_double":-1.67,"large_double":1337.67,"a_string":"Adam","z_string":"Zorro"}
{"small_int":-1,"large_int":1337,"small_double":-1.67,"large_double":1337.67,"a_string":"Adam","z_string":"Zorro"}
{}
{"myList":["FIRST_VAL","SECOND_VAL","THIRD_VAL"],"emptyList":[]}
{"someProperty":false}
{"beløp":1337.69,"beløp_single_decimal":1337.6,"beløp_integer":9001,"beløp_stort":1337420.69,"beløp_ganske_liten_integer":1,"beløp_kjempeliten_integer":0,"beløp_liten_integer":10,"beløp_stor_integer":1000001,"beløp_kjempestor_integer":2147483647,"beløp_liten_string":"0","beløp_stor_string":"1000001"}
{"a":"a","b":"b","c":"c"}
{"an_int":1337,"a_double":1337.67,"string_with_int":"1337","string_with_double":"1337.67","a_string":"imma string"}
{"list":[{"fish":"test"}]}
{"an_int":1337,"a_double":1337.67,"string_with_int":"1337","string_with_double":"1337.67","a_string":"imma string"}
{"beløp":1337.69,"beløp_single_decimal":1337.6,"beløp_integer":9001,"beløp_stort":1337420.69,"beløp_ganske_liten_integer":1,"beløp_kjempeliten_integer":0,"beløp_liten_integer":10,"beløp_stor_integer":1000001,"beløp_kjempestor_integer":2147483647,"beløp_liten_string":"0","beløp_stor_string":"1000001"}
{"a":"a","b":"b","c":"c"}
{"an_int":1337,"a_double":1337.67,"string_with_int":"1337","string_with_double":"1337.67","a_string":"imma string"}
{"a":"a","b":"b","c":"c"}
{"small_int":-1,"large_int":1337,"small_double":-1.67,"large_double":1337.67,"a_string":"Adam","z_string":"Zorro"}
{"list":[{"shark":"something"}]}
{"myList":["FIRST_VAL","SECOND_VAL","THIRD_VAL"],"emptyList":[]}
{"an_int":1337,"a_double":1337.67,"string_with_int":"1337","string_with_double":"1337.67","a_string":"imma string"}
{"myList":["FIRST_VAL","SECOND_VAL","THIRD_VAL"],"emptyList":[]}
{"an_int":1337,"a_double":1337.67,"string_with_int":"1337","string_with_double":"1337.67","a_string":"imma string"}
{"an_int":1337,"a_double":1337.67,"string_with_int":"1337","string_with_double":"1337.67","a_string":"imma string"}
{}
{}
{"myList":["FIRST_VAL","SECOND_VAL","THIRD_VAL"],"emptyList":[]}
{}
{"small_int":-1,"large_int":1337,"small_double":-1.67,"large_double":1337.67,"a_string":"Adam","z_string":"Zorro"}
{"an_int":1337,"a_double":1337.67,"string_with_int":"1337","string_with_double":"1337.67","a_string":"imma string"}
{"timestamp":"2020-03-03T10:15:30","timestampLong":"2020-10-03T10:15:30","date":"2020-02-12"}
{}
{"an_int":1337,"a_double":1337.67,"string_with_int":"1337","string_with_double":"1337.67","a_string":"imma string"}
{"a":"a","b":"b","c":"c"}
{}
{"list":[{"fish":null},{"fish":"test"}]}
{}
{"an_int":1337,"a_double":1337.67,"string_with_int":"1337","string_with_double":"1337.67","a_string":"imma string"}
{"list":[{"shark":"something"},{"fish":"test"}]}
{"small_int":-1,"large_int":1337,"small_double":-1.67,"large_double":1337.67,"a_string":"Adam","z_string":"Zorro"}
{}
{"beløp":1337.69,"beløp_single_decimal":1337.6,"beløp_integer":9001,"beløp_stort":1337420.69,"beløp_ganske_liten_integer":1,"beløp_kjempeliten_integer":0,"beløp_liten_integer":10,"beløp_stor_integer":1000001,"beløp_kjempestor_integer":2147483647,"beløp_liten_string":"0","beløp_stor_string":"1000001"}
{}
{}
{"timestamp":"2020-03-03T10:15:30","timestampLong":"2020-10-03T10:15:30","date":"2020-02-12"}
{"myList":["FIRST_VAL","SECOND_VAL","THIRD_VAL"],"emptyList":[]}
{"an_int":1337,"a_double":1337.67,"string_with_int":"1337","string_with_double":"1337.67","a_string":"imma string"}
{"list":[]}
]]></system-out>
  <system-err><![CDATA[]]></system-err>
</testsuite>
