<?xml version="1.0" encoding="UTF-8"?>
<testsuite name="no.nav.pdfgen.PdfGenITest" tests="7" skipped="0" failures="0" errors="0" timestamp="2025-09-25T11:16:14.603Z" hostname="joakim-ThinkPad-T14s-Gen-4" time="9.278">
  <properties/>
  <testcase name="Calls to unknown endpoints should respond with helpful information genpdf and genhtml$pdfgen_test()" classname="no.nav.pdfgen.PdfGenITest" time="0.028"/>
  <testcase name="Generate sample PDFs using test data$pdfgen_test()" classname="no.nav.pdfgen.PdfGenITest" time="5.132"/>
  <testcase name="Calls to unknown endpoints should respond with helpful information genpdf$pdfgen_test()" classname="no.nav.pdfgen.PdfGenITest" time="0.024"/>
  <testcase name="post_to_api_v1_genpdf_applicationName_templateName$pdfgen_test()" classname="no.nav.pdfgen.PdfGenITest" time="2.553"/>
  <testcase name="Using the HTML convert endpoint should render a document using default HTML$pdfgen_test()" classname="no.nav.pdfgen.PdfGenITest" time="0.128"/>
  <testcase name="post_to_api_v1_genhtml_applicationName_templateName$pdfgen_test()" classname="no.nav.pdfgen.PdfGenITest" time="0.675"/>
  <testcase name="Using the image convert endpoint Should render a document using input image$pdfgen_test()" classname="no.nav.pdfgen.PdfGenITest" time="0.713"/>
  <system-out><![CDATA[{"@timestamp":"2025-09-25T13:16:14.608659231+02:00","@version":"1","message":"No ktor.deployment.watch patterns specified, automatic reload is not active.","logger_name":"io.ktor.test","thread_name":"DefaultDispatcher-worker-6 @call-context#73","level":"INFO","level_value":20000}
{"@timestamp":"2025-09-25T13:16:14.61502371+02:00","@version":"1","message":"Application started in 0.006 seconds.","logger_name":"io.ktor.test","thread_name":"DefaultDispatcher-worker-6 @call-context#73","level":"INFO","level_value":20000}
{"@timestamp":"2025-09-25T13:16:14.615488537+02:00","@version":"1","message":"Responding at http://localhost:80","logger_name":"io.ktor.test","thread_name":"DefaultDispatcher-worker-5 @coroutine#75","level":"INFO","level_value":20000}
{"@timestamp":"2025-09-25T13:16:14.615588587+02:00","@version":"1","message":"Responding at https://localhost:443","logger_name":"io.ktor.test","thread_name":"DefaultDispatcher-worker-5 @coroutine#75","level":"INFO","level_value":20000}
Unkown path '/imnothome'. Known templates:
/api/v1/genpdf/dsopkontroll/kontrollforespoersel
/api/v1/genpdf/syfosoknader/arbeidsledig
/api/v1/genpdf/syfosoknader/annetarbeidsforhold
/api/v1/genpdf/syfosoknader/selvstendignaeringsdrivende
/api/v1/genpdf/syfosoknader/arbeidstakere
/api/v1/genpdf/syfosoknader/sykepengerutland/api/v1/genhtml/dsopkontroll/kontrollforespoersel
/api/v1/genhtml/syfosoknader/arbeidsledig
/api/v1/genhtml/syfosoknader/annetarbeidsforhold
/api/v1/genhtml/syfosoknader/selvstendignaeringsdrivende
/api/v1/genhtml/syfosoknader/arbeidstakere
/api/v1/genhtml/syfosoknader/sykepengerutland
kontrollforespoersel for dsopkontroll generates a sample PDF
{"@timestamp":"2025-09-25T13:16:14.641416933+02:00","@version":"1","message":"No ktor.deployment.watch patterns specified, automatic reload is not active.","logger_name":"io.ktor.test","thread_name":"DefaultDispatcher-worker-1 @call-context#87","level":"INFO","level_value":20000}
{"@timestamp":"2025-09-25T13:16:14.665896988+02:00","@version":"1","message":"Application started in 0.024 seconds.","logger_name":"io.ktor.test","thread_name":"DefaultDispatcher-worker-1 @call-context#87","level":"INFO","level_value":20000}
{"@timestamp":"2025-09-25T13:16:14.666218293+02:00","@version":"1","message":"Responding at http://localhost:80","logger_name":"io.ktor.test","thread_name":"DefaultDispatcher-worker-2 @coroutine#89","level":"INFO","level_value":20000}
{"@timestamp":"2025-09-25T13:16:14.666363252+02:00","@version":"1","message":"Responding at https://localhost:443","logger_name":"io.ktor.test","thread_name":"DefaultDispatcher-worker-2 @coroutine#89","level":"INFO","level_value":20000}
{"@timestamp":"2025-09-25T13:16:14.847375661+02:00","@version":"1","message":"TIME: parse stylesheets 19ms","logger_name":"com.openhtmltopdf.load","thread_name":"DefaultDispatcher-worker-1 @request#87","level":"INFO","level_value":20000}
{"@timestamp":"2025-09-25T13:16:14.848422667+02:00","@version":"1","message":"Matcher created with 183 selectors","logger_name":"com.openhtmltopdf.match","thread_name":"DefaultDispatcher-worker-1 @request#87","level":"INFO","level_value":20000}
{"@timestamp":"2025-09-25T13:16:14.849834618+02:00","@version":"1","message":"Loading font(Source Sans Pro) from PDFont supplier now.","logger_name":"com.openhtmltopdf.load","thread_name":"DefaultDispatcher-worker-1 @request#87","level":"INFO","level_value":20000}
{"@timestamp":"2025-09-25T13:16:14.850323336+02:00","@version":"1","message":"Loading font(Source Sans Pro) from PDFont supplier now.","logger_name":"com.openhtmltopdf.load","thread_name":"DefaultDispatcher-worker-1 @request#87","level":"INFO","level_value":20000}
{"@timestamp":"2025-09-25T13:16:14.850752549+02:00","@version":"1","message":"Using fast-mode renderer. Prepare to fly.","logger_name":"com.openhtmltopdf.general","thread_name":"DefaultDispatcher-worker-1 @request#87","level":"INFO","level_value":20000}
{"@timestamp":"2025-09-25T13:16:16.101799861+02:00","@version":"1","message":"Done generating PDF in 1427ms","logger_name":"pdfgen","thread_name":"DefaultDispatcher-worker-1 @request#87","level":"INFO","level_value":20000}
arbeidsledig for syfosoknader generates a sample PDF
{"@timestamp":"2025-09-25T13:16:16.594100399+02:00","@version":"1","message":"TIME: parse stylesheets 3ms","logger_name":"com.openhtmltopdf.load","thread_name":"DefaultDispatcher-worker-1 @request#98","level":"INFO","level_value":20000}
{"@timestamp":"2025-09-25T13:16:16.594673145+02:00","@version":"1","message":"Matcher created with 217 selectors","logger_name":"com.openhtmltopdf.match","thread_name":"DefaultDispatcher-worker-1 @request#98","level":"INFO","level_value":20000}
{"@timestamp":"2025-09-25T13:16:16.594939669+02:00","@version":"1","message":"Loading font(Source Sans Pro) from PDFont supplier now.","logger_name":"com.openhtmltopdf.load","thread_name":"DefaultDispatcher-worker-1 @request#98","level":"INFO","level_value":20000}
{"@timestamp":"2025-09-25T13:16:16.595053494+02:00","@version":"1","message":"Loading font(Source Sans Pro) from PDFont supplier now.","logger_name":"com.openhtmltopdf.load","thread_name":"DefaultDispatcher-worker-1 @request#98","level":"INFO","level_value":20000}
{"@timestamp":"2025-09-25T13:16:16.595148847+02:00","@version":"1","message":"Using fast-mode renderer. Prepare to fly.","logger_name":"com.openhtmltopdf.general","thread_name":"DefaultDispatcher-worker-1 @request#98","level":"INFO","level_value":20000}
{"@timestamp":"2025-09-25T13:16:17.415065653+02:00","@version":"1","message":"Done generating PDF in 1301ms","logger_name":"pdfgen","thread_name":"DefaultDispatcher-worker-1 @request#98","level":"INFO","level_value":20000}
annetarbeidsforhold for syfosoknader generates a sample PDF
{"@timestamp":"2025-09-25T13:16:17.601797272+02:00","@version":"1","message":"TIME: parse stylesheets 1ms","logger_name":"com.openhtmltopdf.load","thread_name":"DefaultDispatcher-worker-3 @request#104","level":"INFO","level_value":20000}
{"@timestamp":"2025-09-25T13:16:17.602312784+02:00","@version":"1","message":"Matcher created with 217 selectors","logger_name":"com.openhtmltopdf.match","thread_name":"DefaultDispatcher-worker-3 @request#104","level":"INFO","level_value":20000}
{"@timestamp":"2025-09-25T13:16:17.602452163+02:00","@version":"1","message":"Loading font(Source Sans Pro) from PDFont supplier now.","logger_name":"com.openhtmltopdf.load","thread_name":"DefaultDispatcher-worker-3 @request#104","level":"INFO","level_value":20000}
{"@timestamp":"2025-09-25T13:16:17.602570149+02:00","@version":"1","message":"Loading font(Source Sans Pro) from PDFont supplier now.","logger_name":"com.openhtmltopdf.load","thread_name":"DefaultDispatcher-worker-3 @request#104","level":"INFO","level_value":20000}
{"@timestamp":"2025-09-25T13:16:17.602652106+02:00","@version":"1","message":"Using fast-mode renderer. Prepare to fly.","logger_name":"com.openhtmltopdf.general","thread_name":"DefaultDispatcher-worker-3 @request#104","level":"INFO","level_value":20000}
{"@timestamp":"2025-09-25T13:16:18.027681767+02:00","@version":"1","message":"Done generating PDF in 603ms","logger_name":"pdfgen","thread_name":"DefaultDispatcher-worker-3 @request#104","level":"INFO","level_value":20000}
selvstendignaeringsdrivende for syfosoknader generates a sample PDF
{"@timestamp":"2025-09-25T13:16:18.227536352+02:00","@version":"1","message":"TIME: parse stylesheets 3ms","logger_name":"com.openhtmltopdf.load","thread_name":"DefaultDispatcher-worker-4 @request#110","level":"INFO","level_value":20000}
{"@timestamp":"2025-09-25T13:16:18.228385409+02:00","@version":"1","message":"Matcher created with 217 selectors","logger_name":"com.openhtmltopdf.match","thread_name":"DefaultDispatcher-worker-4 @request#110","level":"INFO","level_value":20000}
{"@timestamp":"2025-09-25T13:16:18.228642424+02:00","@version":"1","message":"Loading font(Source Sans Pro) from PDFont supplier now.","logger_name":"com.openhtmltopdf.load","thread_name":"DefaultDispatcher-worker-4 @request#110","level":"INFO","level_value":20000}
{"@timestamp":"2025-09-25T13:16:18.228835138+02:00","@version":"1","message":"Loading font(Source Sans Pro) from PDFont supplier now.","logger_name":"com.openhtmltopdf.load","thread_name":"DefaultDispatcher-worker-4 @request#110","level":"INFO","level_value":20000}
{"@timestamp":"2025-09-25T13:16:18.228986197+02:00","@version":"1","message":"Using fast-mode renderer. Prepare to fly.","logger_name":"com.openhtmltopdf.general","thread_name":"DefaultDispatcher-worker-4 @request#110","level":"INFO","level_value":20000}
{"@timestamp":"2025-09-25T13:16:18.541919387+02:00","@version":"1","message":"Done generating PDF in 508ms","logger_name":"pdfgen","thread_name":"DefaultDispatcher-worker-4 @request#110","level":"INFO","level_value":20000}
arbeidstakere for syfosoknader generates a sample PDF
{"@timestamp":"2025-09-25T13:16:18.881005723+02:00","@version":"1","message":"TIME: parse stylesheets 1ms","logger_name":"com.openhtmltopdf.load","thread_name":"DefaultDispatcher-worker-6 @request#116","level":"INFO","level_value":20000}
{"@timestamp":"2025-09-25T13:16:18.881423825+02:00","@version":"1","message":"Matcher created with 217 selectors","logger_name":"com.openhtmltopdf.match","thread_name":"DefaultDispatcher-worker-6 @request#116","level":"INFO","level_value":20000}
{"@timestamp":"2025-09-25T13:16:18.88156401+02:00","@version":"1","message":"Loading font(Source Sans Pro) from PDFont supplier now.","logger_name":"com.openhtmltopdf.load","thread_name":"DefaultDispatcher-worker-6 @request#116","level":"INFO","level_value":20000}
{"@timestamp":"2025-09-25T13:16:18.881658184+02:00","@version":"1","message":"Loading font(Source Sans Pro) from PDFont supplier now.","logger_name":"com.openhtmltopdf.load","thread_name":"DefaultDispatcher-worker-6 @request#116","level":"INFO","level_value":20000}
{"@timestamp":"2025-09-25T13:16:18.88172501+02:00","@version":"1","message":"Using fast-mode renderer. Prepare to fly.","logger_name":"com.openhtmltopdf.general","thread_name":"DefaultDispatcher-worker-6 @request#116","level":"INFO","level_value":20000}
{"@timestamp":"2025-09-25T13:16:19.428557963+02:00","@version":"1","message":"Done generating PDF in 880ms","logger_name":"pdfgen","thread_name":"DefaultDispatcher-worker-6 @request#116","level":"INFO","level_value":20000}
sykepengerutland for syfosoknader generates a sample PDF
{"@timestamp":"2025-09-25T13:16:19.561725705+02:00","@version":"1","message":"TIME: parse stylesheets 2ms","logger_name":"com.openhtmltopdf.load","thread_name":"DefaultDispatcher-worker-4 @request#122","level":"INFO","level_value":20000}
{"@timestamp":"2025-09-25T13:16:19.562457401+02:00","@version":"1","message":"Matcher created with 217 selectors","logger_name":"com.openhtmltopdf.match","thread_name":"DefaultDispatcher-worker-4 @request#122","level":"INFO","level_value":20000}
{"@timestamp":"2025-09-25T13:16:19.562680232+02:00","@version":"1","message":"Loading font(Source Sans Pro) from PDFont supplier now.","logger_name":"com.openhtmltopdf.load","thread_name":"DefaultDispatcher-worker-4 @request#122","level":"INFO","level_value":20000}
{"@timestamp":"2025-09-25T13:16:19.562885706+02:00","@version":"1","message":"Loading font(Source Sans Pro) from PDFont supplier now.","logger_name":"com.openhtmltopdf.load","thread_name":"DefaultDispatcher-worker-4 @request#122","level":"INFO","level_value":20000}
{"@timestamp":"2025-09-25T13:16:19.563044857+02:00","@version":"1","message":"Using fast-mode renderer. Prepare to fly.","logger_name":"com.openhtmltopdf.general","thread_name":"DefaultDispatcher-worker-4 @request#122","level":"INFO","level_value":20000}
{"@timestamp":"2025-09-25T13:16:19.762495231+02:00","@version":"1","message":"Done generating PDF in 327ms","logger_name":"pdfgen","thread_name":"DefaultDispatcher-worker-4 @request#122","level":"INFO","level_value":20000}
{"@timestamp":"2025-09-25T13:16:19.781065165+02:00","@version":"1","message":"No ktor.deployment.watch patterns specified, automatic reload is not active.","logger_name":"io.ktor.test","thread_name":"DefaultDispatcher-worker-2 @call-context#132","level":"INFO","level_value":20000}
{"@timestamp":"2025-09-25T13:16:19.790350835+02:00","@version":"1","message":"Application started in 0.01 seconds.","logger_name":"io.ktor.test","thread_name":"DefaultDispatcher-worker-2 @call-context#132","level":"INFO","level_value":20000}
{"@timestamp":"2025-09-25T13:16:19.790786149+02:00","@version":"1","message":"Responding at http://localhost:80","logger_name":"io.ktor.test","thread_name":"DefaultDispatcher-worker-6 @coroutine#134","level":"INFO","level_value":20000}
{"@timestamp":"2025-09-25T13:16:19.790966755+02:00","@version":"1","message":"Responding at https://localhost:443","logger_name":"io.ktor.test","thread_name":"DefaultDispatcher-worker-6 @coroutine#134","level":"INFO","level_value":20000}
With kontrollforespoersel for dsopkontroll results in a valid PDF
{"@timestamp":"2025-09-25T13:16:19.807422986+02:00","@version":"1","message":"No ktor.deployment.watch patterns specified, automatic reload is not active.","logger_name":"io.ktor.test","thread_name":"DefaultDispatcher-worker-5 @call-context#146","level":"INFO","level_value":20000}
{"@timestamp":"2025-09-25T13:16:19.813191115+02:00","@version":"1","message":"Application started in 0.006 seconds.","logger_name":"io.ktor.test","thread_name":"DefaultDispatcher-worker-5 @call-context#146","level":"INFO","level_value":20000}
{"@timestamp":"2025-09-25T13:16:19.813677262+02:00","@version":"1","message":"Responding at http://localhost:80","logger_name":"io.ktor.test","thread_name":"DefaultDispatcher-worker-1 @coroutine#148","level":"INFO","level_value":20000}
{"@timestamp":"2025-09-25T13:16:19.813840902+02:00","@version":"1","message":"Responding at https://localhost:443","logger_name":"io.ktor.test","thread_name":"DefaultDispatcher-worker-1 @coroutine#148","level":"INFO","level_value":20000}
{"@timestamp":"2025-09-25T13:16:19.869019702+02:00","@version":"1","message":"TIME: parse stylesheets 0ms","logger_name":"com.openhtmltopdf.load","thread_name":"DefaultDispatcher-worker-5 @request#146","level":"INFO","level_value":20000}
{"@timestamp":"2025-09-25T13:16:19.869382261+02:00","@version":"1","message":"Matcher created with 183 selectors","logger_name":"com.openhtmltopdf.match","thread_name":"DefaultDispatcher-worker-5 @request#146","level":"INFO","level_value":20000}
{"@timestamp":"2025-09-25T13:16:19.869525005+02:00","@version":"1","message":"Loading font(Source Sans Pro) from PDFont supplier now.","logger_name":"com.openhtmltopdf.load","thread_name":"DefaultDispatcher-worker-5 @request#146","level":"INFO","level_value":20000}
{"@timestamp":"2025-09-25T13:16:19.869632942+02:00","@version":"1","message":"Loading font(Source Sans Pro) from PDFont supplier now.","logger_name":"com.openhtmltopdf.load","thread_name":"DefaultDispatcher-worker-5 @request#146","level":"INFO","level_value":20000}
{"@timestamp":"2025-09-25T13:16:19.869709045+02:00","@version":"1","message":"Using fast-mode renderer. Prepare to fly.","logger_name":"com.openhtmltopdf.general","thread_name":"DefaultDispatcher-worker-5 @request#146","level":"INFO","level_value":20000}
{"@timestamp":"2025-09-25T13:16:20.045972492+02:00","@version":"1","message":"Done generating PDF in 231ms","logger_name":"pdfgen","thread_name":"DefaultDispatcher-worker-5 @request#146","level":"INFO","level_value":20000}
Kontroll forespørsel
With arbeidsledig for syfosoknader results in a valid PDF
{"@timestamp":"2025-09-25T13:16:20.329082487+02:00","@version":"1","message":"TIME: parse stylesheets 1ms","logger_name":"com.openhtmltopdf.load","thread_name":"DefaultDispatcher-worker-3 @request#157","level":"INFO","level_value":20000}
{"@timestamp":"2025-09-25T13:16:20.329379184+02:00","@version":"1","message":"Matcher created with 217 selectors","logger_name":"com.openhtmltopdf.match","thread_name":"DefaultDispatcher-worker-3 @request#157","level":"INFO","level_value":20000}
{"@timestamp":"2025-09-25T13:16:20.329471867+02:00","@version":"1","message":"Loading font(Source Sans Pro) from PDFont supplier now.","logger_name":"com.openhtmltopdf.load","thread_name":"DefaultDispatcher-worker-3 @request#157","level":"INFO","level_value":20000}
{"@timestamp":"2025-09-25T13:16:20.329547394+02:00","@version":"1","message":"Loading font(Source Sans Pro) from PDFont supplier now.","logger_name":"com.openhtmltopdf.load","thread_name":"DefaultDispatcher-worker-3 @request#157","level":"INFO","level_value":20000}
{"@timestamp":"2025-09-25T13:16:20.329602421+02:00","@version":"1","message":"Using fast-mode renderer. Prepare to fly.","logger_name":"com.openhtmltopdf.general","thread_name":"DefaultDispatcher-worker-3 @request#157","level":"INFO","level_value":20000}
{"@timestamp":"2025-09-25T13:16:20.536988914+02:00","@version":"1","message":"Done generating PDF in 461ms","logger_name":"pdfgen","thread_name":"DefaultDispatcher-worker-3 @request#157","level":"INFO","level_value":20000}
Søknad om sykepenger for arbeidsledige
With annetarbeidsforhold for syfosoknader results in a valid PDF
{"@timestamp":"2025-09-25T13:16:20.700161493+02:00","@version":"1","message":"TIME: parse stylesheets 1ms","logger_name":"com.openhtmltopdf.load","thread_name":"DefaultDispatcher-worker-1 @request#163","level":"INFO","level_value":20000}
{"@timestamp":"2025-09-25T13:16:20.700491902+02:00","@version":"1","message":"Matcher created with 217 selectors","logger_name":"com.openhtmltopdf.match","thread_name":"DefaultDispatcher-worker-1 @request#163","level":"INFO","level_value":20000}
{"@timestamp":"2025-09-25T13:16:20.700592152+02:00","@version":"1","message":"Loading font(Source Sans Pro) from PDFont supplier now.","logger_name":"com.openhtmltopdf.load","thread_name":"DefaultDispatcher-worker-1 @request#163","level":"INFO","level_value":20000}
{"@timestamp":"2025-09-25T13:16:20.70067601+02:00","@version":"1","message":"Loading font(Source Sans Pro) from PDFont supplier now.","logger_name":"com.openhtmltopdf.load","thread_name":"DefaultDispatcher-worker-1 @request#163","level":"INFO","level_value":20000}
{"@timestamp":"2025-09-25T13:16:20.700739085+02:00","@version":"1","message":"Using fast-mode renderer. Prepare to fly.","logger_name":"com.openhtmltopdf.general","thread_name":"DefaultDispatcher-worker-1 @request#163","level":"INFO","level_value":20000}
{"@timestamp":"2025-09-25T13:16:20.886577178+02:00","@version":"1","message":"Done generating PDF in 339ms","logger_name":"pdfgen","thread_name":"DefaultDispatcher-worker-1 @request#163","level":"INFO","level_value":20000}
Søknad om sykepenger
With selvstendignaeringsdrivende for syfosoknader results in a valid PDF
{"@timestamp":"2025-09-25T13:16:21.101741396+02:00","@version":"1","message":"TIME: parse stylesheets 1ms","logger_name":"com.openhtmltopdf.load","thread_name":"DefaultDispatcher-worker-1 @request#169","level":"INFO","level_value":20000}
{"@timestamp":"2025-09-25T13:16:21.102076631+02:00","@version":"1","message":"Matcher created with 217 selectors","logger_name":"com.openhtmltopdf.match","thread_name":"DefaultDispatcher-worker-1 @request#169","level":"INFO","level_value":20000}
{"@timestamp":"2025-09-25T13:16:21.102174746+02:00","@version":"1","message":"Loading font(Source Sans Pro) from PDFont supplier now.","logger_name":"com.openhtmltopdf.load","thread_name":"DefaultDispatcher-worker-1 @request#169","level":"INFO","level_value":20000}
{"@timestamp":"2025-09-25T13:16:21.102249626+02:00","@version":"1","message":"Loading font(Source Sans Pro) from PDFont supplier now.","logger_name":"com.openhtmltopdf.load","thread_name":"DefaultDispatcher-worker-1 @request#169","level":"INFO","level_value":20000}
{"@timestamp":"2025-09-25T13:16:21.102305375+02:00","@version":"1","message":"Using fast-mode renderer. Prepare to fly.","logger_name":"com.openhtmltopdf.general","thread_name":"DefaultDispatcher-worker-1 @request#169","level":"INFO","level_value":20000}
{"@timestamp":"2025-09-25T13:16:21.260096857+02:00","@version":"1","message":"Done generating PDF in 362ms","logger_name":"pdfgen","thread_name":"DefaultDispatcher-worker-1 @request#169","level":"INFO","level_value":20000}
Søknad selvstendig næringsdrivende
With arbeidstakere for syfosoknader results in a valid PDF
{"@timestamp":"2025-09-25T13:16:21.619765912+02:00","@version":"1","message":"TIME: parse stylesheets 1ms","logger_name":"com.openhtmltopdf.load","thread_name":"DefaultDispatcher-worker-2 @request#175","level":"INFO","level_value":20000}
{"@timestamp":"2025-09-25T13:16:21.620180175+02:00","@version":"1","message":"Matcher created with 217 selectors","logger_name":"com.openhtmltopdf.match","thread_name":"DefaultDispatcher-worker-2 @request#175","level":"INFO","level_value":20000}
{"@timestamp":"2025-09-25T13:16:21.620310175+02:00","@version":"1","message":"Loading font(Source Sans Pro) from PDFont supplier now.","logger_name":"com.openhtmltopdf.load","thread_name":"DefaultDispatcher-worker-2 @request#175","level":"INFO","level_value":20000}
{"@timestamp":"2025-09-25T13:16:21.620433199+02:00","@version":"1","message":"Loading font(Source Sans Pro) from PDFont supplier now.","logger_name":"com.openhtmltopdf.load","thread_name":"DefaultDispatcher-worker-2 @request#175","level":"INFO","level_value":20000}
{"@timestamp":"2025-09-25T13:16:21.620559227+02:00","@version":"1","message":"Using fast-mode renderer. Prepare to fly.","logger_name":"com.openhtmltopdf.general","thread_name":"DefaultDispatcher-worker-2 @request#175","level":"INFO","level_value":20000}
{"@timestamp":"2025-09-25T13:16:22.016237349+02:00","@version":"1","message":"Done generating PDF in 746ms","logger_name":"pdfgen","thread_name":"DefaultDispatcher-worker-2 @request#175","level":"INFO","level_value":20000}
Søknad om sykepenger
With sykepengerutland for syfosoknader results in a valid PDF
{"@timestamp":"2025-09-25T13:16:22.178435578+02:00","@version":"1","message":"TIME: parse stylesheets 1ms","logger_name":"com.openhtmltopdf.load","thread_name":"DefaultDispatcher-worker-6 @request#181","level":"INFO","level_value":20000}
{"@timestamp":"2025-09-25T13:16:22.178883433+02:00","@version":"1","message":"Matcher created with 217 selectors","logger_name":"com.openhtmltopdf.match","thread_name":"DefaultDispatcher-worker-6 @request#181","level":"INFO","level_value":20000}
{"@timestamp":"2025-09-25T13:16:22.179006081+02:00","@version":"1","message":"Loading font(Source Sans Pro) from PDFont supplier now.","logger_name":"com.openhtmltopdf.load","thread_name":"DefaultDispatcher-worker-6 @request#181","level":"INFO","level_value":20000}
{"@timestamp":"2025-09-25T13:16:22.179088273+02:00","@version":"1","message":"Loading font(Source Sans Pro) from PDFont supplier now.","logger_name":"com.openhtmltopdf.load","thread_name":"DefaultDispatcher-worker-6 @request#181","level":"INFO","level_value":20000}
{"@timestamp":"2025-09-25T13:16:22.179153377+02:00","@version":"1","message":"Using fast-mode renderer. Prepare to fly.","logger_name":"com.openhtmltopdf.general","thread_name":"DefaultDispatcher-worker-6 @request#181","level":"INFO","level_value":20000}
{"@timestamp":"2025-09-25T13:16:22.342470077+02:00","@version":"1","message":"Done generating PDF in 312ms","logger_name":"pdfgen","thread_name":"DefaultDispatcher-worker-6 @request#181","level":"INFO","level_value":20000}
Søknad om å beholde sykepenger utenfor EØS
{"@timestamp":"2025-09-25T13:16:22.366485002+02:00","@version":"1","message":"No ktor.deployment.watch patterns specified, automatic reload is not active.","logger_name":"io.ktor.test","thread_name":"DefaultDispatcher-worker-6 @call-context#190","level":"INFO","level_value":20000}
{"@timestamp":"2025-09-25T13:16:22.374337907+02:00","@version":"1","message":"Application started in 0.008 seconds.","logger_name":"io.ktor.test","thread_name":"DefaultDispatcher-worker-6 @call-context#190","level":"INFO","level_value":20000}
{"@timestamp":"2025-09-25T13:16:22.374887491+02:00","@version":"1","message":"Responding at http://localhost:80","logger_name":"io.ktor.test","thread_name":"DefaultDispatcher-worker-5 @coroutine#192","level":"INFO","level_value":20000}
{"@timestamp":"2025-09-25T13:16:22.375025929+02:00","@version":"1","message":"Responding at https://localhost:443","logger_name":"io.ktor.test","thread_name":"DefaultDispatcher-worker-5 @coroutine#192","level":"INFO","level_value":20000}
{"@timestamp":"2025-09-25T13:16:22.43018091+02:00","@version":"1","message":"TIME: parse stylesheets 0ms","logger_name":"com.openhtmltopdf.load","thread_name":"DefaultDispatcher-worker-6 @request#190","level":"INFO","level_value":20000}
{"@timestamp":"2025-09-25T13:16:22.430520674+02:00","@version":"1","message":"Matcher created with 161 selectors","logger_name":"com.openhtmltopdf.match","thread_name":"DefaultDispatcher-worker-6 @request#190","level":"INFO","level_value":20000}
{"@timestamp":"2025-09-25T13:16:22.430626268+02:00","@version":"1","message":"Loading font(Source Sans Pro) from PDFont supplier now.","logger_name":"com.openhtmltopdf.load","thread_name":"DefaultDispatcher-worker-6 @request#190","level":"INFO","level_value":20000}
{"@timestamp":"2025-09-25T13:16:22.43072153+02:00","@version":"1","message":"Loading font(Source Sans Pro) from PDFont supplier now.","logger_name":"com.openhtmltopdf.load","thread_name":"DefaultDispatcher-worker-6 @request#190","level":"INFO","level_value":20000}
{"@timestamp":"2025-09-25T13:16:22.430792857+02:00","@version":"1","message":"Using fast-mode renderer. Prepare to fly.","logger_name":"com.openhtmltopdf.general","thread_name":"DefaultDispatcher-worker-6 @request#190","level":"INFO","level_value":20000}
{"@timestamp":"2025-09-25T13:16:22.479084854+02:00","@version":"1","message":"Generated PDF using HTML template for integration-test om 0.101350866ms","logger_name":"pdfgen","thread_name":"DefaultDispatcher-worker-6 @request#190","level":"INFO","level_value":20000}
Test template
With kontrollforespoersel for dsopkontroll results in a valid html
{"@timestamp":"2025-09-25T13:16:22.50059415+02:00","@version":"1","message":"No ktor.deployment.watch patterns specified, automatic reload is not active.","logger_name":"io.ktor.test","thread_name":"DefaultDispatcher-worker-6 @call-context#204","level":"INFO","level_value":20000}
{"@timestamp":"2025-09-25T13:16:22.50688446+02:00","@version":"1","message":"Application started in 0.006 seconds.","logger_name":"io.ktor.test","thread_name":"DefaultDispatcher-worker-6 @call-context#204","level":"INFO","level_value":20000}
{"@timestamp":"2025-09-25T13:16:22.507333165+02:00","@version":"1","message":"Responding at http://localhost:80","logger_name":"io.ktor.test","thread_name":"DefaultDispatcher-worker-5 @coroutine#206","level":"INFO","level_value":20000}
{"@timestamp":"2025-09-25T13:16:22.507545151+02:00","@version":"1","message":"Responding at https://localhost:443","logger_name":"io.ktor.test","thread_name":"DefaultDispatcher-worker-5 @coroutine#206","level":"INFO","level_value":20000}
{"@timestamp":"2025-09-25T13:16:22.510346842+02:00","@version":"1","message":"Done generating HTML in 2ms","logger_name":"pdfgen","thread_name":"DefaultDispatcher-worker-6 @request#204","level":"INFO","level_value":20000}
With arbeidsledig for syfosoknader results in a valid html
{"@timestamp":"2025-09-25T13:16:22.728054999+02:00","@version":"1","message":"Done generating HTML in 214ms","logger_name":"pdfgen","thread_name":"DefaultDispatcher-worker-6 @request#214","level":"INFO","level_value":20000}
With annetarbeidsforhold for syfosoknader results in a valid html
{"@timestamp":"2025-09-25T13:16:22.807552668+02:00","@version":"1","message":"Done generating HTML in 71ms","logger_name":"pdfgen","thread_name":"DefaultDispatcher-worker-5 @request#219","level":"INFO","level_value":20000}
With selvstendignaeringsdrivende for syfosoknader results in a valid html
{"@timestamp":"2025-09-25T13:16:22.923940593+02:00","@version":"1","message":"Done generating HTML in 112ms","logger_name":"pdfgen","thread_name":"DefaultDispatcher-worker-3 @request#224","level":"INFO","level_value":20000}
With arbeidstakere for syfosoknader results in a valid html
{"@timestamp":"2025-09-25T13:16:23.114083395+02:00","@version":"1","message":"Done generating HTML in 186ms","logger_name":"pdfgen","thread_name":"DefaultDispatcher-worker-5 @request#229","level":"INFO","level_value":20000}
With sykepengerutland for syfosoknader results in a valid html
{"@timestamp":"2025-09-25T13:16:23.163903777+02:00","@version":"1","message":"Done generating HTML in 46ms","logger_name":"pdfgen","thread_name":"DefaultDispatcher-worker-2 @request#234","level":"INFO","level_value":20000}
Should render a document using input image, jpg.pdf
{"@timestamp":"2025-09-25T13:16:23.173309078+02:00","@version":"1","message":"No ktor.deployment.watch patterns specified, automatic reload is not active.","logger_name":"io.ktor.test","thread_name":"DefaultDispatcher-worker-3 @call-context#243","level":"INFO","level_value":20000}
{"@timestamp":"2025-09-25T13:16:23.178265819+02:00","@version":"1","message":"Application started in 0.006 seconds.","logger_name":"io.ktor.test","thread_name":"DefaultDispatcher-worker-3 @call-context#243","level":"INFO","level_value":20000}
{"@timestamp":"2025-09-25T13:16:23.17856107+02:00","@version":"1","message":"Responding at http://localhost:80","logger_name":"io.ktor.test","thread_name":"DefaultDispatcher-worker-6 @coroutine#245","level":"INFO","level_value":20000}
{"@timestamp":"2025-09-25T13:16:23.178729614+02:00","@version":"1","message":"Responding at https://localhost:443","logger_name":"io.ktor.test","thread_name":"DefaultDispatcher-worker-6 @coroutine#245","level":"INFO","level_value":20000}
{"@timestamp":"2025-09-25T13:16:23.497780605+02:00","@version":"1","message":"Generated PDF using image for integration-test om 0.316904927ms","logger_name":"pdfgen","thread_name":"DefaultDispatcher-worker-3 @request#243","level":"INFO","level_value":20000}
Should render a document using input image, png.pdf
{"@timestamp":"2025-09-25T13:16:23.877159315+02:00","@version":"1","message":"Generated PDF using image for integration-test om 0.375565566ms","logger_name":"pdfgen","thread_name":"DefaultDispatcher-worker-1 @request#254","level":"INFO","level_value":20000}
]]></system-out>
  <system-err><![CDATA[]]></system-err>
</testsuite>
