<?xml version="1.0" encoding="UTF-8"?>
<testsuite name="no.nav.pdfgen.PdfgenPerformanceTest" tests="2" skipped="0" failures="0" errors="0" timestamp="2025-09-25T11:16:23.884Z" hostname="joakim-ThinkPad-T14s-Gen-4" time="55.693">
  <properties/>
  <testcase name="Simple performance test full multiple-threads$pdfgen_test()" classname="no.nav.pdfgen.PdfgenPerformanceTest" time="15.984"/>
  <testcase name="Simple performance test full single-thread$pdfgen_test()" classname="no.nav.pdfgen.PdfgenPerformanceTest" time="39.702"/>
  <system-out><![CDATA[kontrollforespoersel for dsopkontroll performs fine
{"@timestamp":"2025-09-25T13:16:23.892267963+02:00","@version":"1","message":"No ktor.deployment.watch patterns specified, automatic reload is not active.","logger_name":"io.ktor.test","thread_name":"DefaultDispatcher-worker-1 @call-context#284","level":"INFO","level_value":20000}
{"@timestamp":"2025-09-25T13:16:23.900083179+02:00","@version":"1","message":"Application started in 0.008 seconds.","logger_name":"io.ktor.test","thread_name":"DefaultDispatcher-worker-1 @call-context#284","level":"INFO","level_value":20000}
{"@timestamp":"2025-09-25T13:16:23.90047584+02:00","@version":"1","message":"Responding at http://localhost:80","logger_name":"io.ktor.test","thread_name":"DefaultDispatcher-worker-16 @coroutine#303","level":"INFO","level_value":20000}
{"@timestamp":"2025-09-25T13:16:23.900765997+02:00","@version":"1","message":"Responding at https://localhost:443","logger_name":"io.ktor.test","thread_name":"DefaultDispatcher-worker-16 @coroutine#303","level":"INFO","level_value":20000}
{"@timestamp":"2025-09-25T13:16:24.011317672+02:00","@version":"1","message":"TIME: parse stylesheets 1ms","logger_name":"com.openhtmltopdf.load","thread_name":"DefaultDispatcher-worker-20 @request#285","level":"INFO","level_value":20000}
{"@timestamp":"2025-09-25T13:16:24.012306467+02:00","@version":"1","message":"Matcher created with 183 selectors","logger_name":"com.openhtmltopdf.match","thread_name":"DefaultDispatcher-worker-20 @request#285","level":"INFO","level_value":20000}
{"@timestamp":"2025-09-25T13:16:24.013029009+02:00","@version":"1","message":"Loading font(Source Sans Pro) from PDFont supplier now.","logger_name":"com.openhtmltopdf.load","thread_name":"DefaultDispatcher-worker-20 @request#285","level":"INFO","level_value":20000}
{"@timestamp":"2025-09-25T13:16:24.013198573+02:00","@version":"1","message":"Loading font(Source Sans Pro) from PDFont supplier now.","logger_name":"com.openhtmltopdf.load","thread_name":"DefaultDispatcher-worker-20 @request#285","level":"INFO","level_value":20000}
{"@timestamp":"2025-09-25T13:16:24.01330933+02:00","@version":"1","message":"Using fast-mode renderer. Prepare to fly.","logger_name":"com.openhtmltopdf.general","thread_name":"DefaultDispatcher-worker-20 @request#285","level":"INFO","level_value":20000}
{"@timestamp":"2025-09-25T13:16:24.016054729+02:00","@version":"1","message":"TIME: parse stylesheets 1ms","logger_name":"com.openhtmltopdf.load","thread_name":"DefaultDispatcher-worker-6 @request#289","level":"INFO","level_value":20000}
{"@timestamp":"2025-09-25T13:16:24.016477816+02:00","@version":"1","message":"Matcher created with 183 selectors","logger_name":"com.openhtmltopdf.match","thread_name":"DefaultDispatcher-worker-6 @request#289","level":"INFO","level_value":20000}
{"@timestamp":"2025-09-25T13:16:24.016635801+02:00","@version":"1","message":"Loading font(Source Sans Pro) from PDFont supplier now.","logger_name":"com.openhtmltopdf.load","thread_name":"DefaultDispatcher-worker-6 @request#289","level":"INFO","level_value":20000}
{"@timestamp":"2025-09-25T13:16:24.016979293+02:00","@version":"1","message":"Loading font(Source Sans Pro) from PDFont supplier now.","logger_name":"com.openhtmltopdf.load","thread_name":"DefaultDispatcher-worker-6 @request#289","level":"INFO","level_value":20000}
{"@timestamp":"2025-09-25T13:16:24.017319175+02:00","@version":"1","message":"Using fast-mode renderer. Prepare to fly.","logger_name":"com.openhtmltopdf.general","thread_name":"DefaultDispatcher-worker-6 @request#289","level":"INFO","level_value":20000}
{"@timestamp":"2025-09-25T13:16:24.021342152+02:00","@version":"1","message":"TIME: parse stylesheets 1ms","logger_name":"com.openhtmltopdf.load","thread_name":"DefaultDispatcher-worker-16 @request#287","level":"INFO","level_value":20000}
{"@timestamp":"2025-09-25T13:16:24.022240394+02:00","@version":"1","message":"Matcher created with 183 selectors","logger_name":"com.openhtmltopdf.match","thread_name":"DefaultDispatcher-worker-16 @request#287","level":"INFO","level_value":20000}
{"@timestamp":"2025-09-25T13:16:24.022655383+02:00","@version":"1","message":"Loading font(Source Sans Pro) from PDFont supplier now.","logger_name":"com.openhtmltopdf.load","thread_name":"DefaultDispatcher-worker-16 @request#287","level":"INFO","level_value":20000}
{"@timestamp":"2025-09-25T13:16:24.022809023+02:00","@version":"1","message":"Loading font(Source Sans Pro) from PDFont supplier now.","logger_name":"com.openhtmltopdf.load","thread_name":"DefaultDispatcher-worker-16 @request#287","level":"INFO","level_value":20000}
{"@timestamp":"2025-09-25T13:16:24.022936553+02:00","@version":"1","message":"Using fast-mode renderer. Prepare to fly.","logger_name":"com.openhtmltopdf.general","thread_name":"DefaultDispatcher-worker-16 @request#287","level":"INFO","level_value":20000}
{"@timestamp":"2025-09-25T13:16:24.062320151+02:00","@version":"1","message":"TIME: parse stylesheets 1ms","logger_name":"com.openhtmltopdf.load","thread_name":"DefaultDispatcher-worker-10 @request#292","level":"INFO","level_value":20000}
{"@timestamp":"2025-09-25T13:16:24.063678666+02:00","@version":"1","message":"Matcher created with 183 selectors","logger_name":"com.openhtmltopdf.match","thread_name":"DefaultDispatcher-worker-10 @request#292","level":"INFO","level_value":20000}
{"@timestamp":"2025-09-25T13:16:24.064172677+02:00","@version":"1","message":"Loading font(Source Sans Pro) from PDFont supplier now.","logger_name":"com.openhtmltopdf.load","thread_name":"DefaultDispatcher-worker-10 @request#292","level":"INFO","level_value":20000}
{"@timestamp":"2025-09-25T13:16:24.06439439+02:00","@version":"1","message":"Loading font(Source Sans Pro) from PDFont supplier now.","logger_name":"com.openhtmltopdf.load","thread_name":"DefaultDispatcher-worker-10 @request#292","level":"INFO","level_value":20000}
{"@timestamp":"2025-09-25T13:16:24.064516519+02:00","@version":"1","message":"Using fast-mode renderer. Prepare to fly.","logger_name":"com.openhtmltopdf.general","thread_name":"DefaultDispatcher-worker-10 @request#292","level":"INFO","level_value":20000}
{"@timestamp":"2025-09-25T13:16:24.072550217+02:00","@version":"1","message":"TIME: parse stylesheets 0ms","logger_name":"com.openhtmltopdf.load","thread_name":"DefaultDispatcher-worker-9 @request#295","level":"INFO","level_value":20000}
{"@timestamp":"2025-09-25T13:16:24.073099291+02:00","@version":"1","message":"Matcher created with 183 selectors","logger_name":"com.openhtmltopdf.match","thread_name":"DefaultDispatcher-worker-9 @request#295","level":"INFO","level_value":20000}
{"@timestamp":"2025-09-25T13:16:24.073247886+02:00","@version":"1","message":"Loading font(Source Sans Pro) from PDFont supplier now.","logger_name":"com.openhtmltopdf.load","thread_name":"DefaultDispatcher-worker-9 @request#295","level":"INFO","level_value":20000}
{"@timestamp":"2025-09-25T13:16:24.073338899+02:00","@version":"1","message":"Loading font(Source Sans Pro) from PDFont supplier now.","logger_name":"com.openhtmltopdf.load","thread_name":"DefaultDispatcher-worker-9 @request#295","level":"INFO","level_value":20000}
{"@timestamp":"2025-09-25T13:16:24.073411437+02:00","@version":"1","message":"Using fast-mode renderer. Prepare to fly.","logger_name":"com.openhtmltopdf.general","thread_name":"DefaultDispatcher-worker-9 @request#295","level":"INFO","level_value":20000}
{"@timestamp":"2025-09-25T13:16:24.076895965+02:00","@version":"1","message":"TIME: parse stylesheets 4ms","logger_name":"com.openhtmltopdf.load","thread_name":"DefaultDispatcher-worker-22 @request#300","level":"INFO","level_value":20000}
{"@timestamp":"2025-09-25T13:16:24.083905247+02:00","@version":"1","message":"Matcher created with 183 selectors","logger_name":"com.openhtmltopdf.match","thread_name":"DefaultDispatcher-worker-22 @request#300","level":"INFO","level_value":20000}
{"@timestamp":"2025-09-25T13:16:24.084155538+02:00","@version":"1","message":"Loading font(Source Sans Pro) from PDFont supplier now.","logger_name":"com.openhtmltopdf.load","thread_name":"DefaultDispatcher-worker-22 @request#300","level":"INFO","level_value":20000}
{"@timestamp":"2025-09-25T13:16:24.084297218+02:00","@version":"1","message":"Loading font(Source Sans Pro) from PDFont supplier now.","logger_name":"com.openhtmltopdf.load","thread_name":"DefaultDispatcher-worker-22 @request#300","level":"INFO","level_value":20000}
{"@timestamp":"2025-09-25T13:16:24.084388816+02:00","@version":"1","message":"Using fast-mode renderer. Prepare to fly.","logger_name":"com.openhtmltopdf.general","thread_name":"DefaultDispatcher-worker-22 @request#300","level":"INFO","level_value":20000}
{"@timestamp":"2025-09-25T13:16:24.107248514+02:00","@version":"1","message":"TIME: parse stylesheets 1ms","logger_name":"com.openhtmltopdf.load","thread_name":"DefaultDispatcher-worker-28 @request#302","level":"INFO","level_value":20000}
{"@timestamp":"2025-09-25T13:16:24.111678883+02:00","@version":"1","message":"TIME: parse stylesheets 0ms","logger_name":"com.openhtmltopdf.load","thread_name":"DefaultDispatcher-worker-18 @request#299","level":"INFO","level_value":20000}
{"@timestamp":"2025-09-25T13:16:24.11325545+02:00","@version":"1","message":"TIME: parse stylesheets 1ms","logger_name":"com.openhtmltopdf.load","thread_name":"DefaultDispatcher-worker-4 @request#288","level":"INFO","level_value":20000}
{"@timestamp":"2025-09-25T13:16:24.113681901+02:00","@version":"1","message":"Matcher created with 183 selectors","logger_name":"com.openhtmltopdf.match","thread_name":"DefaultDispatcher-worker-4 @request#288","level":"INFO","level_value":20000}
{"@timestamp":"2025-09-25T13:16:24.113830764+02:00","@version":"1","message":"Loading font(Source Sans Pro) from PDFont supplier now.","logger_name":"com.openhtmltopdf.load","thread_name":"DefaultDispatcher-worker-4 @request#288","level":"INFO","level_value":20000}
{"@timestamp":"2025-09-25T13:16:24.11385502+02:00","@version":"1","message":"Matcher created with 183 selectors","logger_name":"com.openhtmltopdf.match","thread_name":"DefaultDispatcher-worker-28 @request#302","level":"INFO","level_value":20000}
{"@timestamp":"2025-09-25T13:16:24.113944696+02:00","@version":"1","message":"Loading font(Source Sans Pro) from PDFont supplier now.","logger_name":"com.openhtmltopdf.load","thread_name":"DefaultDispatcher-worker-4 @request#288","level":"INFO","level_value":20000}
{"@timestamp":"2025-09-25T13:16:24.114000656+02:00","@version":"1","message":"Loading font(Source Sans Pro) from PDFont supplier now.","logger_name":"com.openhtmltopdf.load","thread_name":"DefaultDispatcher-worker-28 @request#302","level":"INFO","level_value":20000}
{"@timestamp":"2025-09-25T13:16:24.114026575+02:00","@version":"1","message":"Using fast-mode renderer. Prepare to fly.","logger_name":"com.openhtmltopdf.general","thread_name":"DefaultDispatcher-worker-4 @request#288","level":"INFO","level_value":20000}
{"@timestamp":"2025-09-25T13:16:24.11408575+02:00","@version":"1","message":"Loading font(Source Sans Pro) from PDFont supplier now.","logger_name":"com.openhtmltopdf.load","thread_name":"DefaultDispatcher-worker-28 @request#302","level":"INFO","level_value":20000}
{"@timestamp":"2025-09-25T13:16:24.114156373+02:00","@version":"1","message":"Using fast-mode renderer. Prepare to fly.","logger_name":"com.openhtmltopdf.general","thread_name":"DefaultDispatcher-worker-28 @request#302","level":"INFO","level_value":20000}
{"@timestamp":"2025-09-25T13:16:24.114513056+02:00","@version":"1","message":"Matcher created with 183 selectors","logger_name":"com.openhtmltopdf.match","thread_name":"DefaultDispatcher-worker-18 @request#299","level":"INFO","level_value":20000}
{"@timestamp":"2025-09-25T13:16:24.116110611+02:00","@version":"1","message":"Loading font(Source Sans Pro) from PDFont supplier now.","logger_name":"com.openhtmltopdf.load","thread_name":"DefaultDispatcher-worker-18 @request#299","level":"INFO","level_value":20000}
{"@timestamp":"2025-09-25T13:16:24.116376286+02:00","@version":"1","message":"Loading font(Source Sans Pro) from PDFont supplier now.","logger_name":"com.openhtmltopdf.load","thread_name":"DefaultDispatcher-worker-18 @request#299","level":"INFO","level_value":20000}
{"@timestamp":"2025-09-25T13:16:24.117087604+02:00","@version":"1","message":"Using fast-mode renderer. Prepare to fly.","logger_name":"com.openhtmltopdf.general","thread_name":"DefaultDispatcher-worker-18 @request#299","level":"INFO","level_value":20000}
{"@timestamp":"2025-09-25T13:16:24.125783114+02:00","@version":"1","message":"TIME: parse stylesheets 0ms","logger_name":"com.openhtmltopdf.load","thread_name":"DefaultDispatcher-worker-13 @request#290","level":"INFO","level_value":20000}
{"@timestamp":"2025-09-25T13:16:24.126761665+02:00","@version":"1","message":"Matcher created with 183 selectors","logger_name":"com.openhtmltopdf.match","thread_name":"DefaultDispatcher-worker-13 @request#290","level":"INFO","level_value":20000}
{"@timestamp":"2025-09-25T13:16:24.12719057+02:00","@version":"1","message":"Loading font(Source Sans Pro) from PDFont supplier now.","logger_name":"com.openhtmltopdf.load","thread_name":"DefaultDispatcher-worker-13 @request#290","level":"INFO","level_value":20000}
{"@timestamp":"2025-09-25T13:16:24.127497174+02:00","@version":"1","message":"Loading font(Source Sans Pro) from PDFont supplier now.","logger_name":"com.openhtmltopdf.load","thread_name":"DefaultDispatcher-worker-13 @request#290","level":"INFO","level_value":20000}
{"@timestamp":"2025-09-25T13:16:24.127726259+02:00","@version":"1","message":"Using fast-mode renderer. Prepare to fly.","logger_name":"com.openhtmltopdf.general","thread_name":"DefaultDispatcher-worker-13 @request#290","level":"INFO","level_value":20000}
{"@timestamp":"2025-09-25T13:16:24.133522313+02:00","@version":"1","message":"TIME: parse stylesheets 0ms","logger_name":"com.openhtmltopdf.load","thread_name":"DefaultDispatcher-worker-12 @request#291","level":"INFO","level_value":20000}
{"@timestamp":"2025-09-25T13:16:24.134110798+02:00","@version":"1","message":"Matcher created with 183 selectors","logger_name":"com.openhtmltopdf.match","thread_name":"DefaultDispatcher-worker-12 @request#291","level":"INFO","level_value":20000}
{"@timestamp":"2025-09-25T13:16:24.134330102+02:00","@version":"1","message":"Loading font(Source Sans Pro) from PDFont supplier now.","logger_name":"com.openhtmltopdf.load","thread_name":"DefaultDispatcher-worker-12 @request#291","level":"INFO","level_value":20000}
{"@timestamp":"2025-09-25T13:16:24.134460764+02:00","@version":"1","message":"Loading font(Source Sans Pro) from PDFont supplier now.","logger_name":"com.openhtmltopdf.load","thread_name":"DefaultDispatcher-worker-12 @request#291","level":"INFO","level_value":20000}
{"@timestamp":"2025-09-25T13:16:24.134560444+02:00","@version":"1","message":"Using fast-mode renderer. Prepare to fly.","logger_name":"com.openhtmltopdf.general","thread_name":"DefaultDispatcher-worker-12 @request#291","level":"INFO","level_value":20000}
{"@timestamp":"2025-09-25T13:16:24.143541488+02:00","@version":"1","message":"TIME: parse stylesheets 0ms","logger_name":"com.openhtmltopdf.load","thread_name":"DefaultDispatcher-worker-21 @request#293","level":"INFO","level_value":20000}
{"@timestamp":"2025-09-25T13:16:24.156426184+02:00","@version":"1","message":"TIME: parse stylesheets 1ms","logger_name":"com.openhtmltopdf.load","thread_name":"DefaultDispatcher-worker-15 @request#286","level":"INFO","level_value":20000}
{"@timestamp":"2025-09-25T13:16:24.157035831+02:00","@version":"1","message":"Matcher created with 183 selectors","logger_name":"com.openhtmltopdf.match","thread_name":"DefaultDispatcher-worker-15 @request#286","level":"INFO","level_value":20000}
{"@timestamp":"2025-09-25T13:16:24.157230833+02:00","@version":"1","message":"Loading font(Source Sans Pro) from PDFont supplier now.","logger_name":"com.openhtmltopdf.load","thread_name":"DefaultDispatcher-worker-15 @request#286","level":"INFO","level_value":20000}
{"@timestamp":"2025-09-25T13:16:24.157348505+02:00","@version":"1","message":"Loading font(Source Sans Pro) from PDFont supplier now.","logger_name":"com.openhtmltopdf.load","thread_name":"DefaultDispatcher-worker-15 @request#286","level":"INFO","level_value":20000}
{"@timestamp":"2025-09-25T13:16:24.157427732+02:00","@version":"1","message":"Using fast-mode renderer. Prepare to fly.","logger_name":"com.openhtmltopdf.general","thread_name":"DefaultDispatcher-worker-15 @request#286","level":"INFO","level_value":20000}
{"@timestamp":"2025-09-25T13:16:24.160573612+02:00","@version":"1","message":"Matcher created with 183 selectors","logger_name":"com.openhtmltopdf.match","thread_name":"DefaultDispatcher-worker-21 @request#293","level":"INFO","level_value":20000}
{"@timestamp":"2025-09-25T13:16:24.161069216+02:00","@version":"1","message":"Loading font(Source Sans Pro) from PDFont supplier now.","logger_name":"com.openhtmltopdf.load","thread_name":"DefaultDispatcher-worker-21 @request#293","level":"INFO","level_value":20000}
{"@timestamp":"2025-09-25T13:16:24.161542721+02:00","@version":"1","message":"Loading font(Source Sans Pro) from PDFont supplier now.","logger_name":"com.openhtmltopdf.load","thread_name":"DefaultDispatcher-worker-21 @request#293","level":"INFO","level_value":20000}
{"@timestamp":"2025-09-25T13:16:24.162096854+02:00","@version":"1","message":"Using fast-mode renderer. Prepare to fly.","logger_name":"com.openhtmltopdf.general","thread_name":"DefaultDispatcher-worker-21 @request#293","level":"INFO","level_value":20000}
{"@timestamp":"2025-09-25T13:16:24.164091334+02:00","@version":"1","message":"TIME: parse stylesheets 1ms","logger_name":"com.openhtmltopdf.load","thread_name":"DefaultDispatcher-worker-5 @request#297","level":"INFO","level_value":20000}
{"@timestamp":"2025-09-25T13:16:24.164569734+02:00","@version":"1","message":"Matcher created with 183 selectors","logger_name":"com.openhtmltopdf.match","thread_name":"DefaultDispatcher-worker-5 @request#297","level":"INFO","level_value":20000}
{"@timestamp":"2025-09-25T13:16:24.164723591+02:00","@version":"1","message":"Loading font(Source Sans Pro) from PDFont supplier now.","logger_name":"com.openhtmltopdf.load","thread_name":"DefaultDispatcher-worker-5 @request#297","level":"INFO","level_value":20000}
{"@timestamp":"2025-09-25T13:16:24.172591241+02:00","@version":"1","message":"TIME: parse stylesheets 1ms","logger_name":"com.openhtmltopdf.load","thread_name":"DefaultDispatcher-worker-8 @request#298","level":"INFO","level_value":20000}
{"@timestamp":"2025-09-25T13:16:24.173366741+02:00","@version":"1","message":"Matcher created with 183 selectors","logger_name":"com.openhtmltopdf.match","thread_name":"DefaultDispatcher-worker-8 @request#298","level":"INFO","level_value":20000}
{"@timestamp":"2025-09-25T13:16:24.173566714+02:00","@version":"1","message":"Loading font(Source Sans Pro) from PDFont supplier now.","logger_name":"com.openhtmltopdf.load","thread_name":"DefaultDispatcher-worker-8 @request#298","level":"INFO","level_value":20000}
{"@timestamp":"2025-09-25T13:16:24.173719422+02:00","@version":"1","message":"Loading font(Source Sans Pro) from PDFont supplier now.","logger_name":"com.openhtmltopdf.load","thread_name":"DefaultDispatcher-worker-8 @request#298","level":"INFO","level_value":20000}
{"@timestamp":"2025-09-25T13:16:24.176896649+02:00","@version":"1","message":"Using fast-mode renderer. Prepare to fly.","logger_name":"com.openhtmltopdf.general","thread_name":"DefaultDispatcher-worker-8 @request#298","level":"INFO","level_value":20000}
{"@timestamp":"2025-09-25T13:16:24.181075176+02:00","@version":"1","message":"TIME: parse stylesheets 1ms","logger_name":"com.openhtmltopdf.load","thread_name":"DefaultDispatcher-worker-1 @request#284","level":"INFO","level_value":20000}
{"@timestamp":"2025-09-25T13:16:24.181840441+02:00","@version":"1","message":"Loading font(Source Sans Pro) from PDFont supplier now.","logger_name":"com.openhtmltopdf.load","thread_name":"DefaultDispatcher-worker-5 @request#297","level":"INFO","level_value":20000}
{"@timestamp":"2025-09-25T13:16:24.18224414+02:00","@version":"1","message":"Using fast-mode renderer. Prepare to fly.","logger_name":"com.openhtmltopdf.general","thread_name":"DefaultDispatcher-worker-5 @request#297","level":"INFO","level_value":20000}
{"@timestamp":"2025-09-25T13:16:24.18509491+02:00","@version":"1","message":"TIME: parse stylesheets 11ms","logger_name":"com.openhtmltopdf.load","thread_name":"DefaultDispatcher-worker-19 @request#283","level":"INFO","level_value":20000}
{"@timestamp":"2025-09-25T13:16:24.185693768+02:00","@version":"1","message":"Matcher created with 183 selectors","logger_name":"com.openhtmltopdf.match","thread_name":"DefaultDispatcher-worker-19 @request#283","level":"INFO","level_value":20000}
{"@timestamp":"2025-09-25T13:16:24.1858739+02:00","@version":"1","message":"Loading font(Source Sans Pro) from PDFont supplier now.","logger_name":"com.openhtmltopdf.load","thread_name":"DefaultDispatcher-worker-19 @request#283","level":"INFO","level_value":20000}
{"@timestamp":"2025-09-25T13:16:24.186078596+02:00","@version":"1","message":"Loading font(Source Sans Pro) from PDFont supplier now.","logger_name":"com.openhtmltopdf.load","thread_name":"DefaultDispatcher-worker-19 @request#283","level":"INFO","level_value":20000}
{"@timestamp":"2025-09-25T13:16:24.186191309+02:00","@version":"1","message":"Using fast-mode renderer. Prepare to fly.","logger_name":"com.openhtmltopdf.general","thread_name":"DefaultDispatcher-worker-19 @request#283","level":"INFO","level_value":20000}
{"@timestamp":"2025-09-25T13:16:24.188028092+02:00","@version":"1","message":"Matcher created with 183 selectors","logger_name":"com.openhtmltopdf.match","thread_name":"DefaultDispatcher-worker-1 @request#284","level":"INFO","level_value":20000}
{"@timestamp":"2025-09-25T13:16:24.188321484+02:00","@version":"1","message":"Loading font(Source Sans Pro) from PDFont supplier now.","logger_name":"com.openhtmltopdf.load","thread_name":"DefaultDispatcher-worker-1 @request#284","level":"INFO","level_value":20000}
{"@timestamp":"2025-09-25T13:16:24.188496892+02:00","@version":"1","message":"Loading font(Source Sans Pro) from PDFont supplier now.","logger_name":"com.openhtmltopdf.load","thread_name":"DefaultDispatcher-worker-1 @request#284","level":"INFO","level_value":20000}
{"@timestamp":"2025-09-25T13:16:24.18863592+02:00","@version":"1","message":"Using fast-mode renderer. Prepare to fly.","logger_name":"com.openhtmltopdf.general","thread_name":"DefaultDispatcher-worker-1 @request#284","level":"INFO","level_value":20000}
{"@timestamp":"2025-09-25T13:16:24.193127084+02:00","@version":"1","message":"TIME: parse stylesheets 1ms","logger_name":"com.openhtmltopdf.load","thread_name":"DefaultDispatcher-worker-3 @request#301","level":"INFO","level_value":20000}
{"@timestamp":"2025-09-25T13:16:24.207489675+02:00","@version":"1","message":"Matcher created with 183 selectors","logger_name":"com.openhtmltopdf.match","thread_name":"DefaultDispatcher-worker-3 @request#301","level":"INFO","level_value":20000}
{"@timestamp":"2025-09-25T13:16:24.226078689+02:00","@version":"1","message":"Loading font(Source Sans Pro) from PDFont supplier now.","logger_name":"com.openhtmltopdf.load","thread_name":"DefaultDispatcher-worker-3 @request#301","level":"INFO","level_value":20000}
{"@timestamp":"2025-09-25T13:16:24.226552639+02:00","@version":"1","message":"Loading font(Source Sans Pro) from PDFont supplier now.","logger_name":"com.openhtmltopdf.load","thread_name":"DefaultDispatcher-worker-3 @request#301","level":"INFO","level_value":20000}
{"@timestamp":"2025-09-25T13:16:24.226743563+02:00","@version":"1","message":"Using fast-mode renderer. Prepare to fly.","logger_name":"com.openhtmltopdf.general","thread_name":"DefaultDispatcher-worker-3 @request#301","level":"INFO","level_value":20000}
{"@timestamp":"2025-09-25T13:16:24.244333867+02:00","@version":"1","message":"TIME: parse stylesheets 1ms","logger_name":"com.openhtmltopdf.load","thread_name":"DefaultDispatcher-worker-2 @request#282","level":"INFO","level_value":20000}
{"@timestamp":"2025-09-25T13:16:24.262148004+02:00","@version":"1","message":"Matcher created with 183 selectors","logger_name":"com.openhtmltopdf.match","thread_name":"DefaultDispatcher-worker-2 @request#282","level":"INFO","level_value":20000}
{"@timestamp":"2025-09-25T13:16:24.262522774+02:00","@version":"1","message":"Loading font(Source Sans Pro) from PDFont supplier now.","logger_name":"com.openhtmltopdf.load","thread_name":"DefaultDispatcher-worker-2 @request#282","level":"INFO","level_value":20000}
{"@timestamp":"2025-09-25T13:16:24.262738589+02:00","@version":"1","message":"Loading font(Source Sans Pro) from PDFont supplier now.","logger_name":"com.openhtmltopdf.load","thread_name":"DefaultDispatcher-worker-2 @request#282","level":"INFO","level_value":20000}
{"@timestamp":"2025-09-25T13:16:24.262936078+02:00","@version":"1","message":"Using fast-mode renderer. Prepare to fly.","logger_name":"com.openhtmltopdf.general","thread_name":"DefaultDispatcher-worker-2 @request#282","level":"INFO","level_value":20000}
{"@timestamp":"2025-09-25T13:16:24.272158626+02:00","@version":"1","message":"TIME: parse stylesheets 1ms","logger_name":"com.openhtmltopdf.load","thread_name":"DefaultDispatcher-worker-17 @request#296","level":"INFO","level_value":20000}
{"@timestamp":"2025-09-25T13:16:24.273253931+02:00","@version":"1","message":"Matcher created with 183 selectors","logger_name":"com.openhtmltopdf.match","thread_name":"DefaultDispatcher-worker-17 @request#296","level":"INFO","level_value":20000}
{"@timestamp":"2025-09-25T13:16:24.27353527+02:00","@version":"1","message":"Loading font(Source Sans Pro) from PDFont supplier now.","logger_name":"com.openhtmltopdf.load","thread_name":"DefaultDispatcher-worker-17 @request#296","level":"INFO","level_value":20000}
{"@timestamp":"2025-09-25T13:16:24.273763299+02:00","@version":"1","message":"Loading font(Source Sans Pro) from PDFont supplier now.","logger_name":"com.openhtmltopdf.load","thread_name":"DefaultDispatcher-worker-17 @request#296","level":"INFO","level_value":20000}
{"@timestamp":"2025-09-25T13:16:24.275422635+02:00","@version":"1","message":"Using fast-mode renderer. Prepare to fly.","logger_name":"com.openhtmltopdf.general","thread_name":"DefaultDispatcher-worker-17 @request#296","level":"INFO","level_value":20000}
{"@timestamp":"2025-09-25T13:16:24.378893799+02:00","@version":"1","message":"Done generating PDF in 477ms","logger_name":"pdfgen","thread_name":"DefaultDispatcher-worker-6 @request#289","level":"INFO","level_value":20000}
{"@timestamp":"2025-09-25T13:16:24.457665178+02:00","@version":"1","message":"Done generating PDF in 555ms","logger_name":"pdfgen","thread_name":"DefaultDispatcher-worker-4 @request#288","level":"INFO","level_value":20000}
{"@timestamp":"2025-09-25T13:16:24.521507016+02:00","@version":"1","message":"Done generating PDF in 611ms","logger_name":"pdfgen","thread_name":"DefaultDispatcher-worker-2 @request#282","level":"INFO","level_value":20000}
{"@timestamp":"2025-09-25T13:16:24.525908706+02:00","@version":"1","message":"Done generating PDF in 624ms","logger_name":"pdfgen","thread_name":"DefaultDispatcher-worker-5 @request#297","level":"INFO","level_value":20000}
{"@timestamp":"2025-09-25T13:16:24.561624997+02:00","@version":"1","message":"Done generating PDF in 659ms","logger_name":"pdfgen","thread_name":"DefaultDispatcher-worker-3 @request#301","level":"INFO","level_value":20000}
{"@timestamp":"2025-09-25T13:16:24.574438174+02:00","@version":"1","message":"Done generating PDF in 665ms","logger_name":"pdfgen","thread_name":"DefaultDispatcher-worker-1 @request#284","level":"INFO","level_value":20000}
{"@timestamp":"2025-09-25T13:16:24.881577584+02:00","@version":"1","message":"Done generating PDF in 962ms","logger_name":"pdfgen","thread_name":"DefaultDispatcher-worker-16 @request#287","level":"INFO","level_value":20000}
{"@timestamp":"2025-09-25T13:16:24.889552248+02:00","@version":"1","message":"Done generating PDF in 986ms","logger_name":"pdfgen","thread_name":"DefaultDispatcher-worker-22 @request#300","level":"INFO","level_value":20000}
{"@timestamp":"2025-09-25T13:16:24.897287618+02:00","@version":"1","message":"Done generating PDF in 996ms","logger_name":"pdfgen","thread_name":"DefaultDispatcher-worker-9 @request#295","level":"INFO","level_value":20000}
{"@timestamp":"2025-09-25T13:16:24.897732967+02:00","@version":"1","message":"Done generating PDF in 984ms","logger_name":"pdfgen","thread_name":"DefaultDispatcher-worker-10 @request#292","level":"INFO","level_value":20000}
{"@timestamp":"2025-09-25T13:16:24.903106067+02:00","@version":"1","message":"Done generating PDF in 998ms","logger_name":"pdfgen","thread_name":"DefaultDispatcher-worker-20 @request#285","level":"INFO","level_value":20000}
{"@timestamp":"2025-09-25T13:16:24.926801075+02:00","@version":"1","message":"Done generating PDF in 1023ms","logger_name":"pdfgen","thread_name":"DefaultDispatcher-worker-19 @request#283","level":"INFO","level_value":20000}
{"@timestamp":"2025-09-25T13:16:24.92951057+02:00","@version":"1","message":"Done generating PDF in 1020ms","logger_name":"pdfgen","thread_name":"DefaultDispatcher-worker-28 @request#302","level":"INFO","level_value":20000}
{"@timestamp":"2025-09-25T13:16:24.946219421+02:00","@version":"1","message":"Done generating PDF in 1044ms","logger_name":"pdfgen","thread_name":"DefaultDispatcher-worker-13 @request#290","level":"INFO","level_value":20000}
{"@timestamp":"2025-09-25T13:16:24.948136595+02:00","@version":"1","message":"Done generating PDF in 1047ms","logger_name":"pdfgen","thread_name":"DefaultDispatcher-worker-17 @request#296","level":"INFO","level_value":20000}
{"@timestamp":"2025-09-25T13:16:24.981584882+02:00","@version":"1","message":"Done generating PDF in 1078ms","logger_name":"pdfgen","thread_name":"DefaultDispatcher-worker-12 @request#291","level":"INFO","level_value":20000}
{"@timestamp":"2025-09-25T13:16:24.984277016+02:00","@version":"1","message":"Done generating PDF in 1060ms","logger_name":"pdfgen","thread_name":"DefaultDispatcher-worker-21 @request#293","level":"INFO","level_value":20000}
{"@timestamp":"2025-09-25T13:16:24.995067435+02:00","@version":"1","message":"Done generating PDF in 1091ms","logger_name":"pdfgen","thread_name":"DefaultDispatcher-worker-15 @request#286","level":"INFO","level_value":20000}
{"@timestamp":"2025-09-25T13:16:25.028048909+02:00","@version":"1","message":"Done generating PDF in 1126ms","logger_name":"pdfgen","thread_name":"DefaultDispatcher-worker-18 @request#299","level":"INFO","level_value":20000}
{"@timestamp":"2025-09-25T13:16:25.04766135+02:00","@version":"1","message":"Done generating PDF in 1129ms","logger_name":"pdfgen","thread_name":"DefaultDispatcher-worker-8 @request#298","level":"INFO","level_value":20000}
Multiple-threads performance testing kontrollforespoersel for dsopkontroll took 1162ms
arbeidsledig for syfosoknader performs fine
{"@timestamp":"2025-09-25T13:16:26.673239949+02:00","@version":"1","message":"TIME: parse stylesheets 2ms","logger_name":"com.openhtmltopdf.load","thread_name":"DefaultDispatcher-worker-23 @request#399","level":"INFO","level_value":20000}
{"@timestamp":"2025-09-25T13:16:26.674397724+02:00","@version":"1","message":"Matcher created with 217 selectors","logger_name":"com.openhtmltopdf.match","thread_name":"DefaultDispatcher-worker-23 @request#399","level":"INFO","level_value":20000}
{"@timestamp":"2025-09-25T13:16:26.674659632+02:00","@version":"1","message":"Loading font(Source Sans Pro) from PDFont supplier now.","logger_name":"com.openhtmltopdf.load","thread_name":"DefaultDispatcher-worker-23 @request#399","level":"INFO","level_value":20000}
{"@timestamp":"2025-09-25T13:16:26.674876493+02:00","@version":"1","message":"Loading font(Source Sans Pro) from PDFont supplier now.","logger_name":"com.openhtmltopdf.load","thread_name":"DefaultDispatcher-worker-23 @request#399","level":"INFO","level_value":20000}
{"@timestamp":"2025-09-25T13:16:26.675046625+02:00","@version":"1","message":"Using fast-mode renderer. Prepare to fly.","logger_name":"com.openhtmltopdf.general","thread_name":"DefaultDispatcher-worker-23 @request#399","level":"INFO","level_value":20000}
{"@timestamp":"2025-09-25T13:16:26.721433793+02:00","@version":"1","message":"TIME: parse stylesheets 5ms","logger_name":"com.openhtmltopdf.load","thread_name":"DefaultDispatcher-worker-10 @request#409","level":"INFO","level_value":20000}
{"@timestamp":"2025-09-25T13:16:26.722195742+02:00","@version":"1","message":"Matcher created with 217 selectors","logger_name":"com.openhtmltopdf.match","thread_name":"DefaultDispatcher-worker-10 @request#409","level":"INFO","level_value":20000}
{"@timestamp":"2025-09-25T13:16:26.722445741+02:00","@version":"1","message":"Loading font(Source Sans Pro) from PDFont supplier now.","logger_name":"com.openhtmltopdf.load","thread_name":"DefaultDispatcher-worker-10 @request#409","level":"INFO","level_value":20000}
{"@timestamp":"2025-09-25T13:16:26.722641402+02:00","@version":"1","message":"Loading font(Source Sans Pro) from PDFont supplier now.","logger_name":"com.openhtmltopdf.load","thread_name":"DefaultDispatcher-worker-10 @request#409","level":"INFO","level_value":20000}
{"@timestamp":"2025-09-25T13:16:26.722784629+02:00","@version":"1","message":"Using fast-mode renderer. Prepare to fly.","logger_name":"com.openhtmltopdf.general","thread_name":"DefaultDispatcher-worker-10 @request#409","level":"INFO","level_value":20000}
{"@timestamp":"2025-09-25T13:16:26.733643176+02:00","@version":"1","message":"TIME: parse stylesheets 2ms","logger_name":"com.openhtmltopdf.load","thread_name":"DefaultDispatcher-worker-20 @request#396","level":"INFO","level_value":20000}
{"@timestamp":"2025-09-25T13:16:26.735327512+02:00","@version":"1","message":"Matcher created with 217 selectors","logger_name":"com.openhtmltopdf.match","thread_name":"DefaultDispatcher-worker-20 @request#396","level":"INFO","level_value":20000}
{"@timestamp":"2025-09-25T13:16:26.736865656+02:00","@version":"1","message":"TIME: parse stylesheets 1ms","logger_name":"com.openhtmltopdf.load","thread_name":"DefaultDispatcher-worker-8 @request#397","level":"INFO","level_value":20000}
{"@timestamp":"2025-09-25T13:16:26.74246537+02:00","@version":"1","message":"Matcher created with 217 selectors","logger_name":"com.openhtmltopdf.match","thread_name":"DefaultDispatcher-worker-8 @request#397","level":"INFO","level_value":20000}
{"@timestamp":"2025-09-25T13:16:26.742673299+02:00","@version":"1","message":"Loading font(Source Sans Pro) from PDFont supplier now.","logger_name":"com.openhtmltopdf.load","thread_name":"DefaultDispatcher-worker-8 @request#397","level":"INFO","level_value":20000}
{"@timestamp":"2025-09-25T13:16:26.742862092+02:00","@version":"1","message":"Loading font(Source Sans Pro) from PDFont supplier now.","logger_name":"com.openhtmltopdf.load","thread_name":"DefaultDispatcher-worker-8 @request#397","level":"INFO","level_value":20000}
{"@timestamp":"2025-09-25T13:16:26.743016449+02:00","@version":"1","message":"Using fast-mode renderer. Prepare to fly.","logger_name":"com.openhtmltopdf.general","thread_name":"DefaultDispatcher-worker-8 @request#397","level":"INFO","level_value":20000}
{"@timestamp":"2025-09-25T13:16:26.741737171+02:00","@version":"1","message":"Loading font(Source Sans Pro) from PDFont supplier now.","logger_name":"com.openhtmltopdf.load","thread_name":"DefaultDispatcher-worker-20 @request#396","level":"INFO","level_value":20000}
{"@timestamp":"2025-09-25T13:16:26.746620364+02:00","@version":"1","message":"Loading font(Source Sans Pro) from PDFont supplier now.","logger_name":"com.openhtmltopdf.load","thread_name":"DefaultDispatcher-worker-20 @request#396","level":"INFO","level_value":20000}
{"@timestamp":"2025-09-25T13:16:26.746892132+02:00","@version":"1","message":"Using fast-mode renderer. Prepare to fly.","logger_name":"com.openhtmltopdf.general","thread_name":"DefaultDispatcher-worker-20 @request#396","level":"INFO","level_value":20000}
{"@timestamp":"2025-09-25T13:16:26.761526424+02:00","@version":"1","message":"TIME: parse stylesheets 1ms","logger_name":"com.openhtmltopdf.load","thread_name":"DefaultDispatcher-worker-28 @request#392","level":"INFO","level_value":20000}
{"@timestamp":"2025-09-25T13:16:26.765231175+02:00","@version":"1","message":"Matcher created with 217 selectors","logger_name":"com.openhtmltopdf.match","thread_name":"DefaultDispatcher-worker-28 @request#392","level":"INFO","level_value":20000}
{"@timestamp":"2025-09-25T13:16:26.765606589+02:00","@version":"1","message":"Loading font(Source Sans Pro) from PDFont supplier now.","logger_name":"com.openhtmltopdf.load","thread_name":"DefaultDispatcher-worker-28 @request#392","level":"INFO","level_value":20000}
{"@timestamp":"2025-09-25T13:16:26.765807394+02:00","@version":"1","message":"Loading font(Source Sans Pro) from PDFont supplier now.","logger_name":"com.openhtmltopdf.load","thread_name":"DefaultDispatcher-worker-28 @request#392","level":"INFO","level_value":20000}
{"@timestamp":"2025-09-25T13:16:26.765950318+02:00","@version":"1","message":"Using fast-mode renderer. Prepare to fly.","logger_name":"com.openhtmltopdf.general","thread_name":"DefaultDispatcher-worker-28 @request#392","level":"INFO","level_value":20000}
{"@timestamp":"2025-09-25T13:16:26.7764438+02:00","@version":"1","message":"TIME: parse stylesheets 1ms","logger_name":"com.openhtmltopdf.load","thread_name":"DefaultDispatcher-worker-1 @request#405","level":"INFO","level_value":20000}
{"@timestamp":"2025-09-25T13:16:26.777194274+02:00","@version":"1","message":"Matcher created with 217 selectors","logger_name":"com.openhtmltopdf.match","thread_name":"DefaultDispatcher-worker-1 @request#405","level":"INFO","level_value":20000}
{"@timestamp":"2025-09-25T13:16:26.777458906+02:00","@version":"1","message":"Loading font(Source Sans Pro) from PDFont supplier now.","logger_name":"com.openhtmltopdf.load","thread_name":"DefaultDispatcher-worker-1 @request#405","level":"INFO","level_value":20000}
{"@timestamp":"2025-09-25T13:16:26.777626315+02:00","@version":"1","message":"Loading font(Source Sans Pro) from PDFont supplier now.","logger_name":"com.openhtmltopdf.load","thread_name":"DefaultDispatcher-worker-1 @request#405","level":"INFO","level_value":20000}
{"@timestamp":"2025-09-25T13:16:26.777760899+02:00","@version":"1","message":"Using fast-mode renderer. Prepare to fly.","logger_name":"com.openhtmltopdf.general","thread_name":"DefaultDispatcher-worker-1 @request#405","level":"INFO","level_value":20000}
{"@timestamp":"2025-09-25T13:16:26.807904706+02:00","@version":"1","message":"TIME: parse stylesheets 3ms","logger_name":"com.openhtmltopdf.load","thread_name":"DefaultDispatcher-worker-16 @request#408","level":"INFO","level_value":20000}
{"@timestamp":"2025-09-25T13:16:26.808657934+02:00","@version":"1","message":"Matcher created with 217 selectors","logger_name":"com.openhtmltopdf.match","thread_name":"DefaultDispatcher-worker-16 @request#408","level":"INFO","level_value":20000}
{"@timestamp":"2025-09-25T13:16:26.81084847+02:00","@version":"1","message":"Loading font(Source Sans Pro) from PDFont supplier now.","logger_name":"com.openhtmltopdf.load","thread_name":"DefaultDispatcher-worker-16 @request#408","level":"INFO","level_value":20000}
{"@timestamp":"2025-09-25T13:16:26.811287245+02:00","@version":"1","message":"Loading font(Source Sans Pro) from PDFont supplier now.","logger_name":"com.openhtmltopdf.load","thread_name":"DefaultDispatcher-worker-16 @request#408","level":"INFO","level_value":20000}
{"@timestamp":"2025-09-25T13:16:26.811618618+02:00","@version":"1","message":"Using fast-mode renderer. Prepare to fly.","logger_name":"com.openhtmltopdf.general","thread_name":"DefaultDispatcher-worker-16 @request#408","level":"INFO","level_value":20000}
{"@timestamp":"2025-09-25T13:16:26.82305389+02:00","@version":"1","message":"TIME: parse stylesheets 5ms","logger_name":"com.openhtmltopdf.load","thread_name":"DefaultDispatcher-worker-13 @request#398","level":"INFO","level_value":20000}
{"@timestamp":"2025-09-25T13:16:26.823775976+02:00","@version":"1","message":"Matcher created with 217 selectors","logger_name":"com.openhtmltopdf.match","thread_name":"DefaultDispatcher-worker-13 @request#398","level":"INFO","level_value":20000}
{"@timestamp":"2025-09-25T13:16:26.823966127+02:00","@version":"1","message":"Loading font(Source Sans Pro) from PDFont supplier now.","logger_name":"com.openhtmltopdf.load","thread_name":"DefaultDispatcher-worker-13 @request#398","level":"INFO","level_value":20000}
{"@timestamp":"2025-09-25T13:16:26.824085552+02:00","@version":"1","message":"Loading font(Source Sans Pro) from PDFont supplier now.","logger_name":"com.openhtmltopdf.load","thread_name":"DefaultDispatcher-worker-13 @request#398","level":"INFO","level_value":20000}
{"@timestamp":"2025-09-25T13:16:26.824169594+02:00","@version":"1","message":"Using fast-mode renderer. Prepare to fly.","logger_name":"com.openhtmltopdf.general","thread_name":"DefaultDispatcher-worker-13 @request#398","level":"INFO","level_value":20000}
{"@timestamp":"2025-09-25T13:16:26.831141552+02:00","@version":"1","message":"TIME: parse stylesheets 1ms","logger_name":"com.openhtmltopdf.load","thread_name":"DefaultDispatcher-worker-29 @request#407","level":"INFO","level_value":20000}
{"@timestamp":"2025-09-25T13:16:26.832041373+02:00","@version":"1","message":"Matcher created with 217 selectors","logger_name":"com.openhtmltopdf.match","thread_name":"DefaultDispatcher-worker-29 @request#407","level":"INFO","level_value":20000}
{"@timestamp":"2025-09-25T13:16:26.832327772+02:00","@version":"1","message":"Loading font(Source Sans Pro) from PDFont supplier now.","logger_name":"com.openhtmltopdf.load","thread_name":"DefaultDispatcher-worker-29 @request#407","level":"INFO","level_value":20000}
{"@timestamp":"2025-09-25T13:16:26.832498975+02:00","@version":"1","message":"Loading font(Source Sans Pro) from PDFont supplier now.","logger_name":"com.openhtmltopdf.load","thread_name":"DefaultDispatcher-worker-29 @request#407","level":"INFO","level_value":20000}
{"@timestamp":"2025-09-25T13:16:26.832629539+02:00","@version":"1","message":"Using fast-mode renderer. Prepare to fly.","logger_name":"com.openhtmltopdf.general","thread_name":"DefaultDispatcher-worker-29 @request#407","level":"INFO","level_value":20000}
{"@timestamp":"2025-09-25T13:16:26.845835697+02:00","@version":"1","message":"TIME: parse stylesheets 1ms","logger_name":"com.openhtmltopdf.load","thread_name":"DefaultDispatcher-worker-26 @request#410","level":"INFO","level_value":20000}
{"@timestamp":"2025-09-25T13:16:26.846771171+02:00","@version":"1","message":"Matcher created with 217 selectors","logger_name":"com.openhtmltopdf.match","thread_name":"DefaultDispatcher-worker-26 @request#410","level":"INFO","level_value":20000}
{"@timestamp":"2025-09-25T13:16:26.847326231+02:00","@version":"1","message":"Loading font(Source Sans Pro) from PDFont supplier now.","logger_name":"com.openhtmltopdf.load","thread_name":"DefaultDispatcher-worker-26 @request#410","level":"INFO","level_value":20000}
{"@timestamp":"2025-09-25T13:16:26.84762029+02:00","@version":"1","message":"Loading font(Source Sans Pro) from PDFont supplier now.","logger_name":"com.openhtmltopdf.load","thread_name":"DefaultDispatcher-worker-26 @request#410","level":"INFO","level_value":20000}
{"@timestamp":"2025-09-25T13:16:26.847885747+02:00","@version":"1","message":"Using fast-mode renderer. Prepare to fly.","logger_name":"com.openhtmltopdf.general","thread_name":"DefaultDispatcher-worker-26 @request#410","level":"INFO","level_value":20000}
{"@timestamp":"2025-09-25T13:16:26.859176804+02:00","@version":"1","message":"TIME: parse stylesheets 1ms","logger_name":"com.openhtmltopdf.load","thread_name":"DefaultDispatcher-worker-5 @request#404","level":"INFO","level_value":20000}
{"@timestamp":"2025-09-25T13:16:26.859203765+02:00","@version":"1","message":"TIME: parse stylesheets 10ms","logger_name":"com.openhtmltopdf.load","thread_name":"DefaultDispatcher-worker-3 @request#402","level":"INFO","level_value":20000}
{"@timestamp":"2025-09-25T13:16:26.860053236+02:00","@version":"1","message":"Matcher created with 217 selectors","logger_name":"com.openhtmltopdf.match","thread_name":"DefaultDispatcher-worker-3 @request#402","level":"INFO","level_value":20000}
{"@timestamp":"2025-09-25T13:16:26.860259089+02:00","@version":"1","message":"Loading font(Source Sans Pro) from PDFont supplier now.","logger_name":"com.openhtmltopdf.load","thread_name":"DefaultDispatcher-worker-3 @request#402","level":"INFO","level_value":20000}
{"@timestamp":"2025-09-25T13:16:26.860405507+02:00","@version":"1","message":"Loading font(Source Sans Pro) from PDFont supplier now.","logger_name":"com.openhtmltopdf.load","thread_name":"DefaultDispatcher-worker-3 @request#402","level":"INFO","level_value":20000}
{"@timestamp":"2025-09-25T13:16:26.860518179+02:00","@version":"1","message":"Using fast-mode renderer. Prepare to fly.","logger_name":"com.openhtmltopdf.general","thread_name":"DefaultDispatcher-worker-3 @request#402","level":"INFO","level_value":20000}
{"@timestamp":"2025-09-25T13:16:26.86322765+02:00","@version":"1","message":"Matcher created with 217 selectors","logger_name":"com.openhtmltopdf.match","thread_name":"DefaultDispatcher-worker-5 @request#404","level":"INFO","level_value":20000}
{"@timestamp":"2025-09-25T13:16:26.863554146+02:00","@version":"1","message":"Loading font(Source Sans Pro) from PDFont supplier now.","logger_name":"com.openhtmltopdf.load","thread_name":"DefaultDispatcher-worker-5 @request#404","level":"INFO","level_value":20000}
{"@timestamp":"2025-09-25T13:16:26.863723339+02:00","@version":"1","message":"Loading font(Source Sans Pro) from PDFont supplier now.","logger_name":"com.openhtmltopdf.load","thread_name":"DefaultDispatcher-worker-5 @request#404","level":"INFO","level_value":20000}
{"@timestamp":"2025-09-25T13:16:26.863858854+02:00","@version":"1","message":"Using fast-mode renderer. Prepare to fly.","logger_name":"com.openhtmltopdf.general","thread_name":"DefaultDispatcher-worker-5 @request#404","level":"INFO","level_value":20000}
{"@timestamp":"2025-09-25T13:16:26.864964657+02:00","@version":"1","message":"TIME: parse stylesheets 1ms","logger_name":"com.openhtmltopdf.load","thread_name":"DefaultDispatcher-worker-12 @request#393","level":"INFO","level_value":20000}
{"@timestamp":"2025-09-25T13:16:26.865594291+02:00","@version":"1","message":"Matcher created with 217 selectors","logger_name":"com.openhtmltopdf.match","thread_name":"DefaultDispatcher-worker-12 @request#393","level":"INFO","level_value":20000}
{"@timestamp":"2025-09-25T13:16:26.865855015+02:00","@version":"1","message":"Loading font(Source Sans Pro) from PDFont supplier now.","logger_name":"com.openhtmltopdf.load","thread_name":"DefaultDispatcher-worker-12 @request#393","level":"INFO","level_value":20000}
{"@timestamp":"2025-09-25T13:16:26.866045049+02:00","@version":"1","message":"Loading font(Source Sans Pro) from PDFont supplier now.","logger_name":"com.openhtmltopdf.load","thread_name":"DefaultDispatcher-worker-12 @request#393","level":"INFO","level_value":20000}
{"@timestamp":"2025-09-25T13:16:26.866212046+02:00","@version":"1","message":"Using fast-mode renderer. Prepare to fly.","logger_name":"com.openhtmltopdf.general","thread_name":"DefaultDispatcher-worker-12 @request#393","level":"INFO","level_value":20000}
{"@timestamp":"2025-09-25T13:16:26.874475447+02:00","@version":"1","message":"TIME: parse stylesheets 2ms","logger_name":"com.openhtmltopdf.load","thread_name":"DefaultDispatcher-worker-32 @request#401","level":"INFO","level_value":20000}
{"@timestamp":"2025-09-25T13:16:26.875397489+02:00","@version":"1","message":"Matcher created with 217 selectors","logger_name":"com.openhtmltopdf.match","thread_name":"DefaultDispatcher-worker-32 @request#401","level":"INFO","level_value":20000}
{"@timestamp":"2025-09-25T13:16:26.875621322+02:00","@version":"1","message":"Loading font(Source Sans Pro) from PDFont supplier now.","logger_name":"com.openhtmltopdf.load","thread_name":"DefaultDispatcher-worker-32 @request#401","level":"INFO","level_value":20000}
{"@timestamp":"2025-09-25T13:16:26.875808367+02:00","@version":"1","message":"Loading font(Source Sans Pro) from PDFont supplier now.","logger_name":"com.openhtmltopdf.load","thread_name":"DefaultDispatcher-worker-32 @request#401","level":"INFO","level_value":20000}
{"@timestamp":"2025-09-25T13:16:26.878555165+02:00","@version":"1","message":"Using fast-mode renderer. Prepare to fly.","logger_name":"com.openhtmltopdf.general","thread_name":"DefaultDispatcher-worker-32 @request#401","level":"INFO","level_value":20000}
{"@timestamp":"2025-09-25T13:16:26.904730651+02:00","@version":"1","message":"TIME: parse stylesheets 1ms","logger_name":"com.openhtmltopdf.load","thread_name":"DefaultDispatcher-worker-21 @request#400","level":"INFO","level_value":20000}
{"@timestamp":"2025-09-25T13:16:26.905519725+02:00","@version":"1","message":"Matcher created with 217 selectors","logger_name":"com.openhtmltopdf.match","thread_name":"DefaultDispatcher-worker-21 @request#400","level":"INFO","level_value":20000}
{"@timestamp":"2025-09-25T13:16:26.905744813+02:00","@version":"1","message":"Loading font(Source Sans Pro) from PDFont supplier now.","logger_name":"com.openhtmltopdf.load","thread_name":"DefaultDispatcher-worker-21 @request#400","level":"INFO","level_value":20000}
{"@timestamp":"2025-09-25T13:16:26.90598371+02:00","@version":"1","message":"Loading font(Source Sans Pro) from PDFont supplier now.","logger_name":"com.openhtmltopdf.load","thread_name":"DefaultDispatcher-worker-21 @request#400","level":"INFO","level_value":20000}
{"@timestamp":"2025-09-25T13:16:26.906133612+02:00","@version":"1","message":"Using fast-mode renderer. Prepare to fly.","logger_name":"com.openhtmltopdf.general","thread_name":"DefaultDispatcher-worker-21 @request#400","level":"INFO","level_value":20000}
{"@timestamp":"2025-09-25T13:16:26.921945255+02:00","@version":"1","message":"TIME: parse stylesheets 0ms","logger_name":"com.openhtmltopdf.load","thread_name":"DefaultDispatcher-worker-18 @request#406","level":"INFO","level_value":20000}
{"@timestamp":"2025-09-25T13:16:26.92243434+02:00","@version":"1","message":"Matcher created with 217 selectors","logger_name":"com.openhtmltopdf.match","thread_name":"DefaultDispatcher-worker-18 @request#406","level":"INFO","level_value":20000}
{"@timestamp":"2025-09-25T13:16:26.922636815+02:00","@version":"1","message":"Loading font(Source Sans Pro) from PDFont supplier now.","logger_name":"com.openhtmltopdf.load","thread_name":"DefaultDispatcher-worker-18 @request#406","level":"INFO","level_value":20000}
{"@timestamp":"2025-09-25T13:16:26.92277881+02:00","@version":"1","message":"Loading font(Source Sans Pro) from PDFont supplier now.","logger_name":"com.openhtmltopdf.load","thread_name":"DefaultDispatcher-worker-18 @request#406","level":"INFO","level_value":20000}
{"@timestamp":"2025-09-25T13:16:26.922870811+02:00","@version":"1","message":"Using fast-mode renderer. Prepare to fly.","logger_name":"com.openhtmltopdf.general","thread_name":"DefaultDispatcher-worker-18 @request#406","level":"INFO","level_value":20000}
{"@timestamp":"2025-09-25T13:16:26.929583799+02:00","@version":"1","message":"TIME: parse stylesheets 1ms","logger_name":"com.openhtmltopdf.load","thread_name":"DefaultDispatcher-worker-19 @request#391","level":"INFO","level_value":20000}
{"@timestamp":"2025-09-25T13:16:26.930350846+02:00","@version":"1","message":"Matcher created with 217 selectors","logger_name":"com.openhtmltopdf.match","thread_name":"DefaultDispatcher-worker-19 @request#391","level":"INFO","level_value":20000}
{"@timestamp":"2025-09-25T13:16:26.93058303+02:00","@version":"1","message":"Loading font(Source Sans Pro) from PDFont supplier now.","logger_name":"com.openhtmltopdf.load","thread_name":"DefaultDispatcher-worker-19 @request#391","level":"INFO","level_value":20000}
{"@timestamp":"2025-09-25T13:16:26.931129485+02:00","@version":"1","message":"Loading font(Source Sans Pro) from PDFont supplier now.","logger_name":"com.openhtmltopdf.load","thread_name":"DefaultDispatcher-worker-19 @request#391","level":"INFO","level_value":20000}
{"@timestamp":"2025-09-25T13:16:26.953065622+02:00","@version":"1","message":"Using fast-mode renderer. Prepare to fly.","logger_name":"com.openhtmltopdf.general","thread_name":"DefaultDispatcher-worker-19 @request#391","level":"INFO","level_value":20000}
{"@timestamp":"2025-09-25T13:16:26.957211149+02:00","@version":"1","message":"TIME: parse stylesheets 1ms","logger_name":"com.openhtmltopdf.load","thread_name":"DefaultDispatcher-worker-30 @request#403","level":"INFO","level_value":20000}
{"@timestamp":"2025-09-25T13:16:26.958099597+02:00","@version":"1","message":"Matcher created with 217 selectors","logger_name":"com.openhtmltopdf.match","thread_name":"DefaultDispatcher-worker-30 @request#403","level":"INFO","level_value":20000}
{"@timestamp":"2025-09-25T13:16:26.958350351+02:00","@version":"1","message":"Loading font(Source Sans Pro) from PDFont supplier now.","logger_name":"com.openhtmltopdf.load","thread_name":"DefaultDispatcher-worker-30 @request#403","level":"INFO","level_value":20000}
{"@timestamp":"2025-09-25T13:16:26.958511874+02:00","@version":"1","message":"Loading font(Source Sans Pro) from PDFont supplier now.","logger_name":"com.openhtmltopdf.load","thread_name":"DefaultDispatcher-worker-30 @request#403","level":"INFO","level_value":20000}
{"@timestamp":"2025-09-25T13:16:26.958628984+02:00","@version":"1","message":"Using fast-mode renderer. Prepare to fly.","logger_name":"com.openhtmltopdf.general","thread_name":"DefaultDispatcher-worker-30 @request#403","level":"INFO","level_value":20000}
{"@timestamp":"2025-09-25T13:16:26.976227456+02:00","@version":"1","message":"TIME: parse stylesheets 2ms","logger_name":"com.openhtmltopdf.load","thread_name":"DefaultDispatcher-worker-15 @request#394","level":"INFO","level_value":20000}
{"@timestamp":"2025-09-25T13:16:26.977038185+02:00","@version":"1","message":"Matcher created with 217 selectors","logger_name":"com.openhtmltopdf.match","thread_name":"DefaultDispatcher-worker-15 @request#394","level":"INFO","level_value":20000}
{"@timestamp":"2025-09-25T13:16:26.977327153+02:00","@version":"1","message":"Loading font(Source Sans Pro) from PDFont supplier now.","logger_name":"com.openhtmltopdf.load","thread_name":"DefaultDispatcher-worker-15 @request#394","level":"INFO","level_value":20000}
{"@timestamp":"2025-09-25T13:16:26.97754306+02:00","@version":"1","message":"Loading font(Source Sans Pro) from PDFont supplier now.","logger_name":"com.openhtmltopdf.load","thread_name":"DefaultDispatcher-worker-15 @request#394","level":"INFO","level_value":20000}
{"@timestamp":"2025-09-25T13:16:26.977713417+02:00","@version":"1","message":"Using fast-mode renderer. Prepare to fly.","logger_name":"com.openhtmltopdf.general","thread_name":"DefaultDispatcher-worker-15 @request#394","level":"INFO","level_value":20000}
{"@timestamp":"2025-09-25T13:16:26.985505336+02:00","@version":"1","message":"TIME: parse stylesheets 2ms","logger_name":"com.openhtmltopdf.load","thread_name":"DefaultDispatcher-worker-17 @request#395","level":"INFO","level_value":20000}
{"@timestamp":"2025-09-25T13:16:26.986275752+02:00","@version":"1","message":"Matcher created with 217 selectors","logger_name":"com.openhtmltopdf.match","thread_name":"DefaultDispatcher-worker-17 @request#395","level":"INFO","level_value":20000}
{"@timestamp":"2025-09-25T13:16:26.986498594+02:00","@version":"1","message":"Loading font(Source Sans Pro) from PDFont supplier now.","logger_name":"com.openhtmltopdf.load","thread_name":"DefaultDispatcher-worker-17 @request#395","level":"INFO","level_value":20000}
{"@timestamp":"2025-09-25T13:16:26.986677057+02:00","@version":"1","message":"Loading font(Source Sans Pro) from PDFont supplier now.","logger_name":"com.openhtmltopdf.load","thread_name":"DefaultDispatcher-worker-17 @request#395","level":"INFO","level_value":20000}
{"@timestamp":"2025-09-25T13:16:26.986854988+02:00","@version":"1","message":"Using fast-mode renderer. Prepare to fly.","logger_name":"com.openhtmltopdf.general","thread_name":"DefaultDispatcher-worker-17 @request#395","level":"INFO","level_value":20000}
{"@timestamp":"2025-09-25T13:16:27.678273329+02:00","@version":"1","message":"Done generating PDF in 2602ms","logger_name":"pdfgen","thread_name":"DefaultDispatcher-worker-10 @request#409","level":"INFO","level_value":20000}
{"@timestamp":"2025-09-25T13:16:27.712338447+02:00","@version":"1","message":"Done generating PDF in 2641ms","logger_name":"pdfgen","thread_name":"DefaultDispatcher-worker-1 @request#405","level":"INFO","level_value":20000}
{"@timestamp":"2025-09-25T13:16:27.728476095+02:00","@version":"1","message":"Done generating PDF in 2660ms","logger_name":"pdfgen","thread_name":"DefaultDispatcher-worker-23 @request#399","level":"INFO","level_value":20000}
{"@timestamp":"2025-09-25T13:16:27.760198245+02:00","@version":"1","message":"Done generating PDF in 2688ms","logger_name":"pdfgen","thread_name":"DefaultDispatcher-worker-20 @request#396","level":"INFO","level_value":20000}
{"@timestamp":"2025-09-25T13:16:27.840444762+02:00","@version":"1","message":"Done generating PDF in 2766ms","logger_name":"pdfgen","thread_name":"DefaultDispatcher-worker-28 @request#392","level":"INFO","level_value":20000}
{"@timestamp":"2025-09-25T13:16:28.181572744+02:00","@version":"1","message":"Done generating PDF in 3111ms","logger_name":"pdfgen","thread_name":"DefaultDispatcher-worker-3 @request#402","level":"INFO","level_value":20000}
{"@timestamp":"2025-09-25T13:16:28.466259184+02:00","@version":"1","message":"Done generating PDF in 3395ms","logger_name":"pdfgen","thread_name":"DefaultDispatcher-worker-5 @request#404","level":"INFO","level_value":20000}
{"@timestamp":"2025-09-25T13:16:28.481440747+02:00","@version":"1","message":"Done generating PDF in 3416ms","logger_name":"pdfgen","thread_name":"DefaultDispatcher-worker-17 @request#395","level":"INFO","level_value":20000}
{"@timestamp":"2025-09-25T13:16:28.548124863+02:00","@version":"1","message":"Done generating PDF in 3477ms","logger_name":"pdfgen","thread_name":"DefaultDispatcher-worker-16 @request#408","level":"INFO","level_value":20000}
{"@timestamp":"2025-09-25T13:16:28.591158535+02:00","@version":"1","message":"Done generating PDF in 3526ms","logger_name":"pdfgen","thread_name":"DefaultDispatcher-worker-12 @request#393","level":"INFO","level_value":20000}
{"@timestamp":"2025-09-25T13:16:28.62763544+02:00","@version":"1","message":"Done generating PDF in 3562ms","logger_name":"pdfgen","thread_name":"DefaultDispatcher-worker-19 @request#391","level":"INFO","level_value":20000}
{"@timestamp":"2025-09-25T13:16:28.655635801+02:00","@version":"1","message":"Done generating PDF in 3587ms","logger_name":"pdfgen","thread_name":"DefaultDispatcher-worker-21 @request#400","level":"INFO","level_value":20000}
{"@timestamp":"2025-09-25T13:16:28.734805433+02:00","@version":"1","message":"Done generating PDF in 3663ms","logger_name":"pdfgen","thread_name":"DefaultDispatcher-worker-18 @request#406","level":"INFO","level_value":20000}
{"@timestamp":"2025-09-25T13:16:28.735430313+02:00","@version":"1","message":"Done generating PDF in 3669ms","logger_name":"pdfgen","thread_name":"DefaultDispatcher-worker-13 @request#398","level":"INFO","level_value":20000}
{"@timestamp":"2025-09-25T13:16:28.768039116+02:00","@version":"1","message":"Done generating PDF in 3690ms","logger_name":"pdfgen","thread_name":"DefaultDispatcher-worker-26 @request#410","level":"INFO","level_value":20000}
{"@timestamp":"2025-09-25T13:16:28.797337223+02:00","@version":"1","message":"Done generating PDF in 3733ms","logger_name":"pdfgen","thread_name":"DefaultDispatcher-worker-15 @request#394","level":"INFO","level_value":20000}
{"@timestamp":"2025-09-25T13:16:28.805989971+02:00","@version":"1","message":"Done generating PDF in 3740ms","logger_name":"pdfgen","thread_name":"DefaultDispatcher-worker-8 @request#397","level":"INFO","level_value":20000}
{"@timestamp":"2025-09-25T13:16:28.84136414+02:00","@version":"1","message":"Done generating PDF in 3770ms","logger_name":"pdfgen","thread_name":"DefaultDispatcher-worker-30 @request#403","level":"INFO","level_value":20000}
{"@timestamp":"2025-09-25T13:16:28.90078701+02:00","@version":"1","message":"Done generating PDF in 3832ms","logger_name":"pdfgen","thread_name":"DefaultDispatcher-worker-32 @request#401","level":"INFO","level_value":20000}
{"@timestamp":"2025-09-25T13:16:28.94660578+02:00","@version":"1","message":"Done generating PDF in 3875ms","logger_name":"pdfgen","thread_name":"DefaultDispatcher-worker-29 @request#407","level":"INFO","level_value":20000}
Multiple-threads performance testing arbeidsledig for syfosoknader took 3889ms
annetarbeidsforhold for syfosoknader performs fine
{"@timestamp":"2025-09-25T13:16:29.646713787+02:00","@version":"1","message":"TIME: parse stylesheets 2ms","logger_name":"com.openhtmltopdf.load","thread_name":"DefaultDispatcher-worker-22 @request#503","level":"INFO","level_value":20000}
{"@timestamp":"2025-09-25T13:16:29.648407851+02:00","@version":"1","message":"Matcher created with 217 selectors","logger_name":"com.openhtmltopdf.match","thread_name":"DefaultDispatcher-worker-22 @request#503","level":"INFO","level_value":20000}
{"@timestamp":"2025-09-25T13:16:29.648925765+02:00","@version":"1","message":"Loading font(Source Sans Pro) from PDFont supplier now.","logger_name":"com.openhtmltopdf.load","thread_name":"DefaultDispatcher-worker-22 @request#503","level":"INFO","level_value":20000}
{"@timestamp":"2025-09-25T13:16:29.64929901+02:00","@version":"1","message":"Loading font(Source Sans Pro) from PDFont supplier now.","logger_name":"com.openhtmltopdf.load","thread_name":"DefaultDispatcher-worker-22 @request#503","level":"INFO","level_value":20000}
{"@timestamp":"2025-09-25T13:16:29.649632618+02:00","@version":"1","message":"Using fast-mode renderer. Prepare to fly.","logger_name":"com.openhtmltopdf.general","thread_name":"DefaultDispatcher-worker-22 @request#503","level":"INFO","level_value":20000}
{"@timestamp":"2025-09-25T13:16:29.654468368+02:00","@version":"1","message":"TIME: parse stylesheets 1ms","logger_name":"com.openhtmltopdf.load","thread_name":"DefaultDispatcher-worker-21 @request#509","level":"INFO","level_value":20000}
{"@timestamp":"2025-09-25T13:16:29.655126574+02:00","@version":"1","message":"Matcher created with 217 selectors","logger_name":"com.openhtmltopdf.match","thread_name":"DefaultDispatcher-worker-21 @request#509","level":"INFO","level_value":20000}
{"@timestamp":"2025-09-25T13:16:29.655297814+02:00","@version":"1","message":"Loading font(Source Sans Pro) from PDFont supplier now.","logger_name":"com.openhtmltopdf.load","thread_name":"DefaultDispatcher-worker-21 @request#509","level":"INFO","level_value":20000}
{"@timestamp":"2025-09-25T13:16:29.655415221+02:00","@version":"1","message":"Loading font(Source Sans Pro) from PDFont supplier now.","logger_name":"com.openhtmltopdf.load","thread_name":"DefaultDispatcher-worker-21 @request#509","level":"INFO","level_value":20000}
{"@timestamp":"2025-09-25T13:16:29.655495053+02:00","@version":"1","message":"Using fast-mode renderer. Prepare to fly.","logger_name":"com.openhtmltopdf.general","thread_name":"DefaultDispatcher-worker-21 @request#509","level":"INFO","level_value":20000}
{"@timestamp":"2025-09-25T13:16:29.710014016+02:00","@version":"1","message":"TIME: parse stylesheets 0ms","logger_name":"com.openhtmltopdf.load","thread_name":"DefaultDispatcher-worker-30 @request#495","level":"INFO","level_value":20000}
{"@timestamp":"2025-09-25T13:16:29.710837874+02:00","@version":"1","message":"Matcher created with 217 selectors","logger_name":"com.openhtmltopdf.match","thread_name":"DefaultDispatcher-worker-30 @request#495","level":"INFO","level_value":20000}
{"@timestamp":"2025-09-25T13:16:29.711290337+02:00","@version":"1","message":"Loading font(Source Sans Pro) from PDFont supplier now.","logger_name":"com.openhtmltopdf.load","thread_name":"DefaultDispatcher-worker-30 @request#495","level":"INFO","level_value":20000}
{"@timestamp":"2025-09-25T13:16:29.711598248+02:00","@version":"1","message":"Loading font(Source Sans Pro) from PDFont supplier now.","logger_name":"com.openhtmltopdf.load","thread_name":"DefaultDispatcher-worker-30 @request#495","level":"INFO","level_value":20000}
{"@timestamp":"2025-09-25T13:16:29.711859971+02:00","@version":"1","message":"Using fast-mode renderer. Prepare to fly.","logger_name":"com.openhtmltopdf.general","thread_name":"DefaultDispatcher-worker-30 @request#495","level":"INFO","level_value":20000}
{"@timestamp":"2025-09-25T13:16:29.717135856+02:00","@version":"1","message":"TIME: parse stylesheets 1ms","logger_name":"com.openhtmltopdf.load","thread_name":"DefaultDispatcher-worker-11 @request#507","level":"INFO","level_value":20000}
{"@timestamp":"2025-09-25T13:16:29.717914396+02:00","@version":"1","message":"Matcher created with 217 selectors","logger_name":"com.openhtmltopdf.match","thread_name":"DefaultDispatcher-worker-11 @request#507","level":"INFO","level_value":20000}
{"@timestamp":"2025-09-25T13:16:29.718103559+02:00","@version":"1","message":"Loading font(Source Sans Pro) from PDFont supplier now.","logger_name":"com.openhtmltopdf.load","thread_name":"DefaultDispatcher-worker-11 @request#507","level":"INFO","level_value":20000}
{"@timestamp":"2025-09-25T13:16:29.718212308+02:00","@version":"1","message":"Loading font(Source Sans Pro) from PDFont supplier now.","logger_name":"com.openhtmltopdf.load","thread_name":"DefaultDispatcher-worker-11 @request#507","level":"INFO","level_value":20000}
{"@timestamp":"2025-09-25T13:16:29.718289929+02:00","@version":"1","message":"Using fast-mode renderer. Prepare to fly.","logger_name":"com.openhtmltopdf.general","thread_name":"DefaultDispatcher-worker-11 @request#507","level":"INFO","level_value":20000}
{"@timestamp":"2025-09-25T13:16:29.754127122+02:00","@version":"1","message":"TIME: parse stylesheets 1ms","logger_name":"com.openhtmltopdf.load","thread_name":"DefaultDispatcher-worker-15 @request#496","level":"INFO","level_value":20000}
{"@timestamp":"2025-09-25T13:16:29.754682094+02:00","@version":"1","message":"Matcher created with 217 selectors","logger_name":"com.openhtmltopdf.match","thread_name":"DefaultDispatcher-worker-15 @request#496","level":"INFO","level_value":20000}
{"@timestamp":"2025-09-25T13:16:29.754904835+02:00","@version":"1","message":"Loading font(Source Sans Pro) from PDFont supplier now.","logger_name":"com.openhtmltopdf.load","thread_name":"DefaultDispatcher-worker-15 @request#496","level":"INFO","level_value":20000}
{"@timestamp":"2025-09-25T13:16:29.75506727+02:00","@version":"1","message":"Loading font(Source Sans Pro) from PDFont supplier now.","logger_name":"com.openhtmltopdf.load","thread_name":"DefaultDispatcher-worker-15 @request#496","level":"INFO","level_value":20000}
{"@timestamp":"2025-09-25T13:16:29.75520626+02:00","@version":"1","message":"Using fast-mode renderer. Prepare to fly.","logger_name":"com.openhtmltopdf.general","thread_name":"DefaultDispatcher-worker-15 @request#496","level":"INFO","level_value":20000}
{"@timestamp":"2025-09-25T13:16:29.767919247+02:00","@version":"1","message":"TIME: parse stylesheets 11ms","logger_name":"com.openhtmltopdf.load","thread_name":"DefaultDispatcher-worker-19 @request#494","level":"INFO","level_value":20000}
{"@timestamp":"2025-09-25T13:16:29.768745127+02:00","@version":"1","message":"Matcher created with 217 selectors","logger_name":"com.openhtmltopdf.match","thread_name":"DefaultDispatcher-worker-19 @request#494","level":"INFO","level_value":20000}
{"@timestamp":"2025-09-25T13:16:29.769011834+02:00","@version":"1","message":"Loading font(Source Sans Pro) from PDFont supplier now.","logger_name":"com.openhtmltopdf.load","thread_name":"DefaultDispatcher-worker-19 @request#494","level":"INFO","level_value":20000}
{"@timestamp":"2025-09-25T13:16:29.769214904+02:00","@version":"1","message":"Loading font(Source Sans Pro) from PDFont supplier now.","logger_name":"com.openhtmltopdf.load","thread_name":"DefaultDispatcher-worker-19 @request#494","level":"INFO","level_value":20000}
{"@timestamp":"2025-09-25T13:16:29.769368466+02:00","@version":"1","message":"Using fast-mode renderer. Prepare to fly.","logger_name":"com.openhtmltopdf.general","thread_name":"DefaultDispatcher-worker-19 @request#494","level":"INFO","level_value":20000}
{"@timestamp":"2025-09-25T13:16:29.772263205+02:00","@version":"1","message":"TIME: parse stylesheets 1ms","logger_name":"com.openhtmltopdf.load","thread_name":"DefaultDispatcher-worker-14 @request#511","level":"INFO","level_value":20000}
{"@timestamp":"2025-09-25T13:16:29.772947367+02:00","@version":"1","message":"Matcher created with 217 selectors","logger_name":"com.openhtmltopdf.match","thread_name":"DefaultDispatcher-worker-14 @request#511","level":"INFO","level_value":20000}
{"@timestamp":"2025-09-25T13:16:29.773209839+02:00","@version":"1","message":"Loading font(Source Sans Pro) from PDFont supplier now.","logger_name":"com.openhtmltopdf.load","thread_name":"DefaultDispatcher-worker-14 @request#511","level":"INFO","level_value":20000}
{"@timestamp":"2025-09-25T13:16:29.773380936+02:00","@version":"1","message":"Loading font(Source Sans Pro) from PDFont supplier now.","logger_name":"com.openhtmltopdf.load","thread_name":"DefaultDispatcher-worker-14 @request#511","level":"INFO","level_value":20000}
{"@timestamp":"2025-09-25T13:16:29.773506654+02:00","@version":"1","message":"Using fast-mode renderer. Prepare to fly.","logger_name":"com.openhtmltopdf.general","thread_name":"DefaultDispatcher-worker-14 @request#511","level":"INFO","level_value":20000}
{"@timestamp":"2025-09-25T13:16:29.776409753+02:00","@version":"1","message":"TIME: parse stylesheets 2ms","logger_name":"com.openhtmltopdf.load","thread_name":"DefaultDispatcher-worker-9 @request#502","level":"INFO","level_value":20000}
{"@timestamp":"2025-09-25T13:16:29.777220515+02:00","@version":"1","message":"Matcher created with 217 selectors","logger_name":"com.openhtmltopdf.match","thread_name":"DefaultDispatcher-worker-9 @request#502","level":"INFO","level_value":20000}
{"@timestamp":"2025-09-25T13:16:29.777501326+02:00","@version":"1","message":"Loading font(Source Sans Pro) from PDFont supplier now.","logger_name":"com.openhtmltopdf.load","thread_name":"DefaultDispatcher-worker-9 @request#502","level":"INFO","level_value":20000}
{"@timestamp":"2025-09-25T13:16:29.777699338+02:00","@version":"1","message":"Loading font(Source Sans Pro) from PDFont supplier now.","logger_name":"com.openhtmltopdf.load","thread_name":"DefaultDispatcher-worker-9 @request#502","level":"INFO","level_value":20000}
{"@timestamp":"2025-09-25T13:16:29.790407377+02:00","@version":"1","message":"TIME: parse stylesheets 1ms","logger_name":"com.openhtmltopdf.load","thread_name":"DefaultDispatcher-worker-13 @request#506","level":"INFO","level_value":20000}
{"@timestamp":"2025-09-25T13:16:29.791271504+02:00","@version":"1","message":"Matcher created with 217 selectors","logger_name":"com.openhtmltopdf.match","thread_name":"DefaultDispatcher-worker-13 @request#506","level":"INFO","level_value":20000}
{"@timestamp":"2025-09-25T13:16:29.791801776+02:00","@version":"1","message":"Loading font(Source Sans Pro) from PDFont supplier now.","logger_name":"com.openhtmltopdf.load","thread_name":"DefaultDispatcher-worker-13 @request#506","level":"INFO","level_value":20000}
{"@timestamp":"2025-09-25T13:16:29.792172833+02:00","@version":"1","message":"Loading font(Source Sans Pro) from PDFont supplier now.","logger_name":"com.openhtmltopdf.load","thread_name":"DefaultDispatcher-worker-13 @request#506","level":"INFO","level_value":20000}
{"@timestamp":"2025-09-25T13:16:29.792364884+02:00","@version":"1","message":"Using fast-mode renderer. Prepare to fly.","logger_name":"com.openhtmltopdf.general","thread_name":"DefaultDispatcher-worker-13 @request#506","level":"INFO","level_value":20000}
{"@timestamp":"2025-09-25T13:16:29.79329981+02:00","@version":"1","message":"TIME: parse stylesheets 1ms","logger_name":"com.openhtmltopdf.load","thread_name":"DefaultDispatcher-worker-28 @request#504","level":"INFO","level_value":20000}
{"@timestamp":"2025-09-25T13:16:29.793434865+02:00","@version":"1","message":"TIME: parse stylesheets 2ms","logger_name":"com.openhtmltopdf.load","thread_name":"DefaultDispatcher-worker-1 @request#508","level":"INFO","level_value":20000}
{"@timestamp":"2025-09-25T13:16:29.793904133+02:00","@version":"1","message":"Matcher created with 217 selectors","logger_name":"com.openhtmltopdf.match","thread_name":"DefaultDispatcher-worker-28 @request#504","level":"INFO","level_value":20000}
{"@timestamp":"2025-09-25T13:16:29.794093474+02:00","@version":"1","message":"Loading font(Source Sans Pro) from PDFont supplier now.","logger_name":"com.openhtmltopdf.load","thread_name":"DefaultDispatcher-worker-28 @request#504","level":"INFO","level_value":20000}
{"@timestamp":"2025-09-25T13:16:29.794332633+02:00","@version":"1","message":"Loading font(Source Sans Pro) from PDFont supplier now.","logger_name":"com.openhtmltopdf.load","thread_name":"DefaultDispatcher-worker-28 @request#504","level":"INFO","level_value":20000}
{"@timestamp":"2025-09-25T13:16:29.794533603+02:00","@version":"1","message":"Using fast-mode renderer. Prepare to fly.","logger_name":"com.openhtmltopdf.general","thread_name":"DefaultDispatcher-worker-28 @request#504","level":"INFO","level_value":20000}
{"@timestamp":"2025-09-25T13:16:29.79190232+02:00","@version":"1","message":"Using fast-mode renderer. Prepare to fly.","logger_name":"com.openhtmltopdf.general","thread_name":"DefaultDispatcher-worker-9 @request#502","level":"INFO","level_value":20000}
{"@timestamp":"2025-09-25T13:16:29.799439944+02:00","@version":"1","message":"Matcher created with 217 selectors","logger_name":"com.openhtmltopdf.match","thread_name":"DefaultDispatcher-worker-1 @request#508","level":"INFO","level_value":20000}
{"@timestamp":"2025-09-25T13:16:29.799866546+02:00","@version":"1","message":"Loading font(Source Sans Pro) from PDFont supplier now.","logger_name":"com.openhtmltopdf.load","thread_name":"DefaultDispatcher-worker-1 @request#508","level":"INFO","level_value":20000}
{"@timestamp":"2025-09-25T13:16:29.800106048+02:00","@version":"1","message":"Loading font(Source Sans Pro) from PDFont supplier now.","logger_name":"com.openhtmltopdf.load","thread_name":"DefaultDispatcher-worker-1 @request#508","level":"INFO","level_value":20000}
{"@timestamp":"2025-09-25T13:16:29.800268552+02:00","@version":"1","message":"Using fast-mode renderer. Prepare to fly.","logger_name":"com.openhtmltopdf.general","thread_name":"DefaultDispatcher-worker-1 @request#508","level":"INFO","level_value":20000}
{"@timestamp":"2025-09-25T13:16:29.800372965+02:00","@version":"1","message":"TIME: parse stylesheets 12ms","logger_name":"com.openhtmltopdf.load","thread_name":"DefaultDispatcher-worker-32 @request#492","level":"INFO","level_value":20000}
{"@timestamp":"2025-09-25T13:16:29.801006661+02:00","@version":"1","message":"Matcher created with 217 selectors","logger_name":"com.openhtmltopdf.match","thread_name":"DefaultDispatcher-worker-32 @request#492","level":"INFO","level_value":20000}
{"@timestamp":"2025-09-25T13:16:29.801212552+02:00","@version":"1","message":"Loading font(Source Sans Pro) from PDFont supplier now.","logger_name":"com.openhtmltopdf.load","thread_name":"DefaultDispatcher-worker-32 @request#492","level":"INFO","level_value":20000}
{"@timestamp":"2025-09-25T13:16:29.801378342+02:00","@version":"1","message":"Loading font(Source Sans Pro) from PDFont supplier now.","logger_name":"com.openhtmltopdf.load","thread_name":"DefaultDispatcher-worker-32 @request#492","level":"INFO","level_value":20000}
{"@timestamp":"2025-09-25T13:16:29.801516017+02:00","@version":"1","message":"Using fast-mode renderer. Prepare to fly.","logger_name":"com.openhtmltopdf.general","thread_name":"DefaultDispatcher-worker-32 @request#492","level":"INFO","level_value":20000}
{"@timestamp":"2025-09-25T13:16:29.832462955+02:00","@version":"1","message":"TIME: parse stylesheets 1ms","logger_name":"com.openhtmltopdf.load","thread_name":"DefaultDispatcher-worker-5 @request#501","level":"INFO","level_value":20000}
{"@timestamp":"2025-09-25T13:16:29.833105817+02:00","@version":"1","message":"Matcher created with 217 selectors","logger_name":"com.openhtmltopdf.match","thread_name":"DefaultDispatcher-worker-5 @request#501","level":"INFO","level_value":20000}
{"@timestamp":"2025-09-25T13:16:29.833304875+02:00","@version":"1","message":"Loading font(Source Sans Pro) from PDFont supplier now.","logger_name":"com.openhtmltopdf.load","thread_name":"DefaultDispatcher-worker-5 @request#501","level":"INFO","level_value":20000}
{"@timestamp":"2025-09-25T13:16:29.833436224+02:00","@version":"1","message":"Loading font(Source Sans Pro) from PDFont supplier now.","logger_name":"com.openhtmltopdf.load","thread_name":"DefaultDispatcher-worker-5 @request#501","level":"INFO","level_value":20000}
{"@timestamp":"2025-09-25T13:16:29.833531791+02:00","@version":"1","message":"Using fast-mode renderer. Prepare to fly.","logger_name":"com.openhtmltopdf.general","thread_name":"DefaultDispatcher-worker-5 @request#501","level":"INFO","level_value":20000}
{"@timestamp":"2025-09-25T13:16:29.849123871+02:00","@version":"1","message":"TIME: parse stylesheets 1ms","logger_name":"com.openhtmltopdf.load","thread_name":"DefaultDispatcher-worker-26 @request#497","level":"INFO","level_value":20000}
{"@timestamp":"2025-09-25T13:16:29.849731853+02:00","@version":"1","message":"Matcher created with 217 selectors","logger_name":"com.openhtmltopdf.match","thread_name":"DefaultDispatcher-worker-26 @request#497","level":"INFO","level_value":20000}
{"@timestamp":"2025-09-25T13:16:29.8499793+02:00","@version":"1","message":"Loading font(Source Sans Pro) from PDFont supplier now.","logger_name":"com.openhtmltopdf.load","thread_name":"DefaultDispatcher-worker-26 @request#497","level":"INFO","level_value":20000}
{"@timestamp":"2025-09-25T13:16:29.850112432+02:00","@version":"1","message":"Loading font(Source Sans Pro) from PDFont supplier now.","logger_name":"com.openhtmltopdf.load","thread_name":"DefaultDispatcher-worker-26 @request#497","level":"INFO","level_value":20000}
{"@timestamp":"2025-09-25T13:16:29.850190221+02:00","@version":"1","message":"Using fast-mode renderer. Prepare to fly.","logger_name":"com.openhtmltopdf.general","thread_name":"DefaultDispatcher-worker-26 @request#497","level":"INFO","level_value":20000}
{"@timestamp":"2025-09-25T13:16:29.887713038+02:00","@version":"1","message":"TIME: parse stylesheets 1ms","logger_name":"com.openhtmltopdf.load","thread_name":"DefaultDispatcher-worker-23 @request#510","level":"INFO","level_value":20000}
[...]
{"@timestamp":"2025-09-25T13:17:17.845479029+02:00","@version":"1","message":"Done generating PDF in 134ms","logger_name":"pdfgen","thread_name":"DefaultDispatcher-worker-13 @request#1553","level":"INFO","level_value":20000}
{"@timestamp":"2025-09-25T13:17:17.9072017+02:00","@version":"1","message":"TIME: parse stylesheets 1ms","logger_name":"com.openhtmltopdf.load","thread_name":"DefaultDispatcher-worker-25 @request#1557","level":"INFO","level_value":20000}
{"@timestamp":"2025-09-25T13:17:17.907339368+02:00","@version":"1","message":"Matcher created with 217 selectors","logger_name":"com.openhtmltopdf.match","thread_name":"DefaultDispatcher-worker-25 @request#1557","level":"INFO","level_value":20000}
{"@timestamp":"2025-09-25T13:17:17.907364999+02:00","@version":"1","message":"Loading font(Source Sans Pro) from PDFont supplier now.","logger_name":"com.openhtmltopdf.load","thread_name":"DefaultDispatcher-worker-25 @request#1557","level":"INFO","level_value":20000}
{"@timestamp":"2025-09-25T13:17:17.907380454+02:00","@version":"1","message":"Loading font(Source Sans Pro) from PDFont supplier now.","logger_name":"com.openhtmltopdf.load","thread_name":"DefaultDispatcher-worker-25 @request#1557","level":"INFO","level_value":20000}
{"@timestamp":"2025-09-25T13:17:17.907396557+02:00","@version":"1","message":"Using fast-mode renderer. Prepare to fly.","logger_name":"com.openhtmltopdf.general","thread_name":"DefaultDispatcher-worker-25 @request#1557","level":"INFO","level_value":20000}
{"@timestamp":"2025-09-25T13:17:17.971698448+02:00","@version":"1","message":"Done generating PDF in 125ms","logger_name":"pdfgen","thread_name":"DefaultDispatcher-worker-25 @request#1557","level":"INFO","level_value":20000}
{"@timestamp":"2025-09-25T13:17:18.038194097+02:00","@version":"1","message":"TIME: parse stylesheets 1ms","logger_name":"com.openhtmltopdf.load","thread_name":"DefaultDispatcher-worker-4 @request#1561","level":"INFO","level_value":20000}
{"@timestamp":"2025-09-25T13:17:18.038346614+02:00","@version":"1","message":"Matcher created with 217 selectors","logger_name":"com.openhtmltopdf.match","thread_name":"DefaultDispatcher-worker-4 @request#1561","level":"INFO","level_value":20000}
{"@timestamp":"2025-09-25T13:17:18.038377359+02:00","@version":"1","message":"Loading font(Source Sans Pro) from PDFont supplier now.","logger_name":"com.openhtmltopdf.load","thread_name":"DefaultDispatcher-worker-4 @request#1561","level":"INFO","level_value":20000}
{"@timestamp":"2025-09-25T13:17:18.038396933+02:00","@version":"1","message":"Loading font(Source Sans Pro) from PDFont supplier now.","logger_name":"com.openhtmltopdf.load","thread_name":"DefaultDispatcher-worker-4 @request#1561","level":"INFO","level_value":20000}
{"@timestamp":"2025-09-25T13:17:18.038407207+02:00","@version":"1","message":"Using fast-mode renderer. Prepare to fly.","logger_name":"com.openhtmltopdf.general","thread_name":"DefaultDispatcher-worker-4 @request#1561","level":"INFO","level_value":20000}
{"@timestamp":"2025-09-25T13:17:18.10251622+02:00","@version":"1","message":"Done generating PDF in 129ms","logger_name":"pdfgen","thread_name":"DefaultDispatcher-worker-4 @request#1561","level":"INFO","level_value":20000}
{"@timestamp":"2025-09-25T13:17:18.166573709+02:00","@version":"1","message":"TIME: parse stylesheets 0ms","logger_name":"com.openhtmltopdf.load","thread_name":"DefaultDispatcher-worker-9 @request#1565","level":"INFO","level_value":20000}
{"@timestamp":"2025-09-25T13:17:18.166698262+02:00","@version":"1","message":"Matcher created with 217 selectors","logger_name":"com.openhtmltopdf.match","thread_name":"DefaultDispatcher-worker-9 @request#1565","level":"INFO","level_value":20000}
{"@timestamp":"2025-09-25T13:17:18.166726353+02:00","@version":"1","message":"Loading font(Source Sans Pro) from PDFont supplier now.","logger_name":"com.openhtmltopdf.load","thread_name":"DefaultDispatcher-worker-9 @request#1565","level":"INFO","level_value":20000}
{"@timestamp":"2025-09-25T13:17:18.16674215+02:00","@version":"1","message":"Loading font(Source Sans Pro) from PDFont supplier now.","logger_name":"com.openhtmltopdf.load","thread_name":"DefaultDispatcher-worker-9 @request#1565","level":"INFO","level_value":20000}
{"@timestamp":"2025-09-25T13:17:18.16675165+02:00","@version":"1","message":"Using fast-mode renderer. Prepare to fly.","logger_name":"com.openhtmltopdf.general","thread_name":"DefaultDispatcher-worker-9 @request#1565","level":"INFO","level_value":20000}
{"@timestamp":"2025-09-25T13:17:18.229553589+02:00","@version":"1","message":"Done generating PDF in 126ms","logger_name":"pdfgen","thread_name":"DefaultDispatcher-worker-9 @request#1565","level":"INFO","level_value":20000}
{"@timestamp":"2025-09-25T13:17:18.290672133+02:00","@version":"1","message":"TIME: parse stylesheets 0ms","logger_name":"com.openhtmltopdf.load","thread_name":"DefaultDispatcher-worker-25 @request#1569","level":"INFO","level_value":20000}
{"@timestamp":"2025-09-25T13:17:18.290792672+02:00","@version":"1","message":"Matcher created with 217 selectors","logger_name":"com.openhtmltopdf.match","thread_name":"DefaultDispatcher-worker-25 @request#1569","level":"INFO","level_value":20000}
{"@timestamp":"2025-09-25T13:17:18.290818207+02:00","@version":"1","message":"Loading font(Source Sans Pro) from PDFont supplier now.","logger_name":"com.openhtmltopdf.load","thread_name":"DefaultDispatcher-worker-25 @request#1569","level":"INFO","level_value":20000}
{"@timestamp":"2025-09-25T13:17:18.290843528+02:00","@version":"1","message":"Loading font(Source Sans Pro) from PDFont supplier now.","logger_name":"com.openhtmltopdf.load","thread_name":"DefaultDispatcher-worker-25 @request#1569","level":"INFO","level_value":20000}
{"@timestamp":"2025-09-25T13:17:18.290855179+02:00","@version":"1","message":"Using fast-mode renderer. Prepare to fly.","logger_name":"com.openhtmltopdf.general","thread_name":"DefaultDispatcher-worker-25 @request#1569","level":"INFO","level_value":20000}
{"@timestamp":"2025-09-25T13:17:18.359094675+02:00","@version":"1","message":"Done generating PDF in 128ms","logger_name":"pdfgen","thread_name":"DefaultDispatcher-worker-25 @request#1569","level":"INFO","level_value":20000}
{"@timestamp":"2025-09-25T13:17:18.427370423+02:00","@version":"1","message":"TIME: parse stylesheets 0ms","logger_name":"com.openhtmltopdf.load","thread_name":"DefaultDispatcher-worker-31 @request#1573","level":"INFO","level_value":20000}
{"@timestamp":"2025-09-25T13:17:18.427508789+02:00","@version":"1","message":"Matcher created with 217 selectors","logger_name":"com.openhtmltopdf.match","thread_name":"DefaultDispatcher-worker-31 @request#1573","level":"INFO","level_value":20000}
{"@timestamp":"2025-09-25T13:17:18.427541775+02:00","@version":"1","message":"Loading font(Source Sans Pro) from PDFont supplier now.","logger_name":"com.openhtmltopdf.load","thread_name":"DefaultDispatcher-worker-31 @request#1573","level":"INFO","level_value":20000}
{"@timestamp":"2025-09-25T13:17:18.427559846+02:00","@version":"1","message":"Loading font(Source Sans Pro) from PDFont supplier now.","logger_name":"com.openhtmltopdf.load","thread_name":"DefaultDispatcher-worker-31 @request#1573","level":"INFO","level_value":20000}
{"@timestamp":"2025-09-25T13:17:18.427569425+02:00","@version":"1","message":"Using fast-mode renderer. Prepare to fly.","logger_name":"com.openhtmltopdf.general","thread_name":"DefaultDispatcher-worker-31 @request#1573","level":"INFO","level_value":20000}
{"@timestamp":"2025-09-25T13:17:18.513634742+02:00","@version":"1","message":"Done generating PDF in 153ms","logger_name":"pdfgen","thread_name":"DefaultDispatcher-worker-31 @request#1573","level":"INFO","level_value":20000}
{"@timestamp":"2025-09-25T13:17:18.587827119+02:00","@version":"1","message":"TIME: parse stylesheets 0ms","logger_name":"com.openhtmltopdf.load","thread_name":"DefaultDispatcher-worker-31 @request#1577","level":"INFO","level_value":20000}
{"@timestamp":"2025-09-25T13:17:18.587989675+02:00","@version":"1","message":"Matcher created with 217 selectors","logger_name":"com.openhtmltopdf.match","thread_name":"DefaultDispatcher-worker-31 @request#1577","level":"INFO","level_value":20000}
{"@timestamp":"2025-09-25T13:17:18.588034559+02:00","@version":"1","message":"Loading font(Source Sans Pro) from PDFont supplier now.","logger_name":"com.openhtmltopdf.load","thread_name":"DefaultDispatcher-worker-31 @request#1577","level":"INFO","level_value":20000}
{"@timestamp":"2025-09-25T13:17:18.588057813+02:00","@version":"1","message":"Loading font(Source Sans Pro) from PDFont supplier now.","logger_name":"com.openhtmltopdf.load","thread_name":"DefaultDispatcher-worker-31 @request#1577","level":"INFO","level_value":20000}
{"@timestamp":"2025-09-25T13:17:18.588073074+02:00","@version":"1","message":"Using fast-mode renderer. Prepare to fly.","logger_name":"com.openhtmltopdf.general","thread_name":"DefaultDispatcher-worker-31 @request#1577","level":"INFO","level_value":20000}
{"@timestamp":"2025-09-25T13:17:18.658399245+02:00","@version":"1","message":"Done generating PDF in 142ms","logger_name":"pdfgen","thread_name":"DefaultDispatcher-worker-31 @request#1577","level":"INFO","level_value":20000}
{"@timestamp":"2025-09-25T13:17:18.725398394+02:00","@version":"1","message":"TIME: parse stylesheets 0ms","logger_name":"com.openhtmltopdf.load","thread_name":"DefaultDispatcher-worker-4 @request#1581","level":"INFO","level_value":20000}
{"@timestamp":"2025-09-25T13:17:18.725533043+02:00","@version":"1","message":"Matcher created with 217 selectors","logger_name":"com.openhtmltopdf.match","thread_name":"DefaultDispatcher-worker-4 @request#1581","level":"INFO","level_value":20000}
{"@timestamp":"2025-09-25T13:17:18.725560552+02:00","@version":"1","message":"Loading font(Source Sans Pro) from PDFont supplier now.","logger_name":"com.openhtmltopdf.load","thread_name":"DefaultDispatcher-worker-4 @request#1581","level":"INFO","level_value":20000}
{"@timestamp":"2025-09-25T13:17:18.725578701+02:00","@version":"1","message":"Loading font(Source Sans Pro) from PDFont supplier now.","logger_name":"com.openhtmltopdf.load","thread_name":"DefaultDispatcher-worker-4 @request#1581","level":"INFO","level_value":20000}
{"@timestamp":"2025-09-25T13:17:18.725590837+02:00","@version":"1","message":"Using fast-mode renderer. Prepare to fly.","logger_name":"com.openhtmltopdf.general","thread_name":"DefaultDispatcher-worker-4 @request#1581","level":"INFO","level_value":20000}
{"@timestamp":"2025-09-25T13:17:18.797483483+02:00","@version":"1","message":"Done generating PDF in 138ms","logger_name":"pdfgen","thread_name":"DefaultDispatcher-worker-4 @request#1581","level":"INFO","level_value":20000}
{"@timestamp":"2025-09-25T13:17:18.866186831+02:00","@version":"1","message":"TIME: parse stylesheets 1ms","logger_name":"com.openhtmltopdf.load","thread_name":"DefaultDispatcher-worker-28 @request#1585","level":"INFO","level_value":20000}
{"@timestamp":"2025-09-25T13:17:18.866312349+02:00","@version":"1","message":"Matcher created with 217 selectors","logger_name":"com.openhtmltopdf.match","thread_name":"DefaultDispatcher-worker-28 @request#1585","level":"INFO","level_value":20000}
{"@timestamp":"2025-09-25T13:17:18.866339487+02:00","@version":"1","message":"Loading font(Source Sans Pro) from PDFont supplier now.","logger_name":"com.openhtmltopdf.load","thread_name":"DefaultDispatcher-worker-28 @request#1585","level":"INFO","level_value":20000}
{"@timestamp":"2025-09-25T13:17:18.866357253+02:00","@version":"1","message":"Loading font(Source Sans Pro) from PDFont supplier now.","logger_name":"com.openhtmltopdf.load","thread_name":"DefaultDispatcher-worker-28 @request#1585","level":"INFO","level_value":20000}
{"@timestamp":"2025-09-25T13:17:18.866371602+02:00","@version":"1","message":"Using fast-mode renderer. Prepare to fly.","logger_name":"com.openhtmltopdf.general","thread_name":"DefaultDispatcher-worker-28 @request#1585","level":"INFO","level_value":20000}
{"@timestamp":"2025-09-25T13:17:18.92927325+02:00","@version":"1","message":"Done generating PDF in 130ms","logger_name":"pdfgen","thread_name":"DefaultDispatcher-worker-28 @request#1585","level":"INFO","level_value":20000}
{"@timestamp":"2025-09-25T13:17:18.989478206+02:00","@version":"1","message":"TIME: parse stylesheets 0ms","logger_name":"com.openhtmltopdf.load","thread_name":"DefaultDispatcher-worker-28 @request#1589","level":"INFO","level_value":20000}
{"@timestamp":"2025-09-25T13:17:18.989611781+02:00","@version":"1","message":"Matcher created with 217 selectors","logger_name":"com.openhtmltopdf.match","thread_name":"DefaultDispatcher-worker-28 @request#1589","level":"INFO","level_value":20000}
{"@timestamp":"2025-09-25T13:17:18.989638311+02:00","@version":"1","message":"Loading font(Source Sans Pro) from PDFont supplier now.","logger_name":"com.openhtmltopdf.load","thread_name":"DefaultDispatcher-worker-28 @request#1589","level":"INFO","level_value":20000}
{"@timestamp":"2025-09-25T13:17:18.989655612+02:00","@version":"1","message":"Loading font(Source Sans Pro) from PDFont supplier now.","logger_name":"com.openhtmltopdf.load","thread_name":"DefaultDispatcher-worker-28 @request#1589","level":"INFO","level_value":20000}
{"@timestamp":"2025-09-25T13:17:18.989671921+02:00","@version":"1","message":"Using fast-mode renderer. Prepare to fly.","logger_name":"com.openhtmltopdf.general","thread_name":"DefaultDispatcher-worker-28 @request#1589","level":"INFO","level_value":20000}
{"@timestamp":"2025-09-25T13:17:19.054293757+02:00","@version":"1","message":"Done generating PDF in 124ms","logger_name":"pdfgen","thread_name":"DefaultDispatcher-worker-28 @request#1589","level":"INFO","level_value":20000}
{"@timestamp":"2025-09-25T13:17:19.125615329+02:00","@version":"1","message":"TIME: parse stylesheets 0ms","logger_name":"com.openhtmltopdf.load","thread_name":"DefaultDispatcher-worker-28 @request#1593","level":"INFO","level_value":20000}
{"@timestamp":"2025-09-25T13:17:19.125748858+02:00","@version":"1","message":"Matcher created with 217 selectors","logger_name":"com.openhtmltopdf.match","thread_name":"DefaultDispatcher-worker-28 @request#1593","level":"INFO","level_value":20000}
{"@timestamp":"2025-09-25T13:17:19.125781223+02:00","@version":"1","message":"Loading font(Source Sans Pro) from PDFont supplier now.","logger_name":"com.openhtmltopdf.load","thread_name":"DefaultDispatcher-worker-28 @request#1593","level":"INFO","level_value":20000}
{"@timestamp":"2025-09-25T13:17:19.12580159+02:00","@version":"1","message":"Loading font(Source Sans Pro) from PDFont supplier now.","logger_name":"com.openhtmltopdf.load","thread_name":"DefaultDispatcher-worker-28 @request#1593","level":"INFO","level_value":20000}
{"@timestamp":"2025-09-25T13:17:19.125815001+02:00","@version":"1","message":"Using fast-mode renderer. Prepare to fly.","logger_name":"com.openhtmltopdf.general","thread_name":"DefaultDispatcher-worker-28 @request#1593","level":"INFO","level_value":20000}
{"@timestamp":"2025-09-25T13:17:19.189422814+02:00","@version":"1","message":"Done generating PDF in 134ms","logger_name":"pdfgen","thread_name":"DefaultDispatcher-worker-28 @request#1593","level":"INFO","level_value":20000}
{"@timestamp":"2025-09-25T13:17:19.24990701+02:00","@version":"1","message":"TIME: parse stylesheets 0ms","logger_name":"com.openhtmltopdf.load","thread_name":"DefaultDispatcher-worker-9 @request#1597","level":"INFO","level_value":20000}
{"@timestamp":"2025-09-25T13:17:19.250036035+02:00","@version":"1","message":"Matcher created with 217 selectors","logger_name":"com.openhtmltopdf.match","thread_name":"DefaultDispatcher-worker-9 @request#1597","level":"INFO","level_value":20000}
{"@timestamp":"2025-09-25T13:17:19.250063047+02:00","@version":"1","message":"Loading font(Source Sans Pro) from PDFont supplier now.","logger_name":"com.openhtmltopdf.load","thread_name":"DefaultDispatcher-worker-9 @request#1597","level":"INFO","level_value":20000}
{"@timestamp":"2025-09-25T13:17:19.250079428+02:00","@version":"1","message":"Loading font(Source Sans Pro) from PDFont supplier now.","logger_name":"com.openhtmltopdf.load","thread_name":"DefaultDispatcher-worker-9 @request#1597","level":"INFO","level_value":20000}
{"@timestamp":"2025-09-25T13:17:19.250089195+02:00","@version":"1","message":"Using fast-mode renderer. Prepare to fly.","logger_name":"com.openhtmltopdf.general","thread_name":"DefaultDispatcher-worker-9 @request#1597","level":"INFO","level_value":20000}
{"@timestamp":"2025-09-25T13:17:19.313328996+02:00","@version":"1","message":"Done generating PDF in 123ms","logger_name":"pdfgen","thread_name":"DefaultDispatcher-worker-9 @request#1597","level":"INFO","level_value":20000}
{"@timestamp":"2025-09-25T13:17:19.37398793+02:00","@version":"1","message":"TIME: parse stylesheets 0ms","logger_name":"com.openhtmltopdf.load","thread_name":"DefaultDispatcher-worker-30 @request#1601","level":"INFO","level_value":20000}
{"@timestamp":"2025-09-25T13:17:19.374111166+02:00","@version":"1","message":"Matcher created with 217 selectors","logger_name":"com.openhtmltopdf.match","thread_name":"DefaultDispatcher-worker-30 @request#1601","level":"INFO","level_value":20000}
{"@timestamp":"2025-09-25T13:17:19.374136742+02:00","@version":"1","message":"Loading font(Source Sans Pro) from PDFont supplier now.","logger_name":"com.openhtmltopdf.load","thread_name":"DefaultDispatcher-worker-30 @request#1601","level":"INFO","level_value":20000}
{"@timestamp":"2025-09-25T13:17:19.374154834+02:00","@version":"1","message":"Loading font(Source Sans Pro) from PDFont supplier now.","logger_name":"com.openhtmltopdf.load","thread_name":"DefaultDispatcher-worker-30 @request#1601","level":"INFO","level_value":20000}
{"@timestamp":"2025-09-25T13:17:19.374164368+02:00","@version":"1","message":"Using fast-mode renderer. Prepare to fly.","logger_name":"com.openhtmltopdf.general","thread_name":"DefaultDispatcher-worker-30 @request#1601","level":"INFO","level_value":20000}
{"@timestamp":"2025-09-25T13:17:19.442953513+02:00","@version":"1","message":"Done generating PDF in 128ms","logger_name":"pdfgen","thread_name":"DefaultDispatcher-worker-30 @request#1601","level":"INFO","level_value":20000}
{"@timestamp":"2025-09-25T13:17:19.513259213+02:00","@version":"1","message":"TIME: parse stylesheets 0ms","logger_name":"com.openhtmltopdf.load","thread_name":"DefaultDispatcher-worker-13 @request#1605","level":"INFO","level_value":20000}
{"@timestamp":"2025-09-25T13:17:19.513381918+02:00","@version":"1","message":"Matcher created with 217 selectors","logger_name":"com.openhtmltopdf.match","thread_name":"DefaultDispatcher-worker-13 @request#1605","level":"INFO","level_value":20000}
{"@timestamp":"2025-09-25T13:17:19.513408772+02:00","@version":"1","message":"Loading font(Source Sans Pro) from PDFont supplier now.","logger_name":"com.openhtmltopdf.load","thread_name":"DefaultDispatcher-worker-13 @request#1605","level":"INFO","level_value":20000}
{"@timestamp":"2025-09-25T13:17:19.513424524+02:00","@version":"1","message":"Loading font(Source Sans Pro) from PDFont supplier now.","logger_name":"com.openhtmltopdf.load","thread_name":"DefaultDispatcher-worker-13 @request#1605","level":"INFO","level_value":20000}
{"@timestamp":"2025-09-25T13:17:19.513433261+02:00","@version":"1","message":"Using fast-mode renderer. Prepare to fly.","logger_name":"com.openhtmltopdf.general","thread_name":"DefaultDispatcher-worker-13 @request#1605","level":"INFO","level_value":20000}
{"@timestamp":"2025-09-25T13:17:19.575757319+02:00","@version":"1","message":"Done generating PDF in 131ms","logger_name":"pdfgen","thread_name":"DefaultDispatcher-worker-13 @request#1605","level":"INFO","level_value":20000}
Single-thread performance testing sykepengerutland for syfosoknader took 4192ms
]]></system-out>
  <system-err><![CDATA[]]></system-err>
</testsuite>
